<?xml version="1.0" encoding="utf-8"?>
<TestRun id="7fde7cbc-f604-4014-b69f-ab2e6e379258" name="emmanuelm@LAPWINX-DAC203 2025-12-21 07:26:16" runUser="LAPWINX-DAC203\emmanuelm" xmlns="http://microsoft.com/schemas/VisualStudio/TeamTest/2010">
  <Times creation="2025-12-21T07:26:16.8138549-05:00" queuing="2025-12-21T07:26:16.8138555-05:00" start="2025-12-21T07:26:09.7122771-05:00" finish="2025-12-21T07:27:41.4458076-05:00" />
  <TestSettings name="default" id="b12a5e8c-fc9e-40b8-a86d-c51d92ce0780">
    <Deployment runDeploymentRoot="emmanuelm_LAPWINX-DAC203_2025-12-21_07_26_16" />
  </TestSettings>
  <Results>
    <UnitTestResult executionId="57175ab2-264c-4e53-825c-f089a9892e1d" testId="bf5f3b4e-543c-797f-9e09-6f860cd6a08f" testName="MultiTenantETL.IntegrationTests.DataReaders.PostgreSqlDataReaderTests.TestConnectionAsync_ShouldReturnFalse_WhenConnectionIsInvalid" computerName="LAPWINX-DAC203" duration="00:00:02.7277085" startTime="2025-12-21T07:26:44.2498798-05:00" endTime="2025-12-21T07:26:57.8782333-05:00" testType="13cdc9d9-ddb5-4fa4-a97d-d965ccfc6d4b" outcome="Passed" testListId="8c84fa94-04c1-424b-9868-57a2d4851a1d" relativeResultsDirectory="57175ab2-264c-4e53-825c-f089a9892e1d" />
    <UnitTestResult executionId="b931fe0a-9daf-4c93-9104-7d1c59c37eb2" testId="ce99869e-7662-2d99-c8af-5e418898f3e0" testName="MultiTenantETL.IntegrationTests.DataWriters.CsvDataWriterTests.WriteBatchAsync_ShouldEscapeCommasInFields" computerName="LAPWINX-DAC203" duration="00:00:00.0280360" startTime="2025-12-21T07:26:16.6180001-05:00" endTime="2025-12-21T07:26:16.6349807-05:00" testType="13cdc9d9-ddb5-4fa4-a97d-d965ccfc6d4b" outcome="Passed" testListId="8c84fa94-04c1-424b-9868-57a2d4851a1d" relativeResultsDirectory="b931fe0a-9daf-4c93-9104-7d1c59c37eb2" />
    <UnitTestResult executionId="20c3effb-e903-4054-99ef-2500c65dd337" testId="1c8130c0-0a93-7f5f-622e-1b295f15ac88" testName="MultiTenantETL.IntegrationTests.DataReaders.CsvDataReaderTests.ReadAsync_ShouldHandleNullValues" computerName="LAPWINX-DAC203" duration="00:00:00.0132566" startTime="2025-12-21T07:26:17.0327575-05:00" endTime="2025-12-21T07:26:17.0431639-05:00" testType="13cdc9d9-ddb5-4fa4-a97d-d965ccfc6d4b" outcome="Passed" testListId="8c84fa94-04c1-424b-9868-57a2d4851a1d" relativeResultsDirectory="20c3effb-e903-4054-99ef-2500c65dd337" />
    <UnitTestResult executionId="6fbb633e-b619-492d-a057-259b048f3108" testId="1fbb97fe-0c18-dfe5-34e8-eb61e71ab59d" testName="MultiTenantETL.IntegrationTests.DataWriters.CsvDataWriterTests.WriteBatchAsync_ShouldHandleNullValues" computerName="LAPWINX-DAC203" duration="00:00:00.0105750" startTime="2025-12-21T07:26:16.6767470-05:00" endTime="2025-12-21T07:26:16.6874279-05:00" testType="13cdc9d9-ddb5-4fa4-a97d-d965ccfc6d4b" outcome="Passed" testListId="8c84fa94-04c1-424b-9868-57a2d4851a1d" relativeResultsDirectory="6fbb633e-b619-492d-a057-259b048f3108" />
    <UnitTestResult executionId="bdeac6c2-3300-4898-92b0-8276be8e7607" testId="e2c21a6a-793c-970b-7aa7-3a7bb6bb73b7" testName="MultiTenantETL.IntegrationTests.DataReaders.CsvDataReaderTests.ReadAsync_ShouldHandleEmptyFile" computerName="LAPWINX-DAC203" duration="00:00:00.0233522" startTime="2025-12-21T07:26:17.0059872-05:00" endTime="2025-12-21T07:26:17.0292490-05:00" testType="13cdc9d9-ddb5-4fa4-a97d-d965ccfc6d4b" outcome="Passed" testListId="8c84fa94-04c1-424b-9868-57a2d4851a1d" relativeResultsDirectory="bdeac6c2-3300-4898-92b0-8276be8e7607" />
    <UnitTestResult executionId="4a7bc801-eec7-4c3b-9f47-102768deae1c" testId="f100da22-addd-45ac-ecef-98c82b96bee0" testName="MultiTenantETL.IntegrationTests.DataReaders.PostgreSqlDataReaderTests.ReadAsync_ShouldNotLoadAllDataIntoMemory" computerName="LAPWINX-DAC203" duration="00:00:00.0169033" startTime="2025-12-21T07:27:20.9668622-05:00" endTime="2025-12-21T07:27:31.3259654-05:00" testType="13cdc9d9-ddb5-4fa4-a97d-d965ccfc6d4b" outcome="Passed" testListId="8c84fa94-04c1-424b-9868-57a2d4851a1d" relativeResultsDirectory="4a7bc801-eec7-4c3b-9f47-102768deae1c" />
    <UnitTestResult executionId="a203e56c-02a4-4b9c-95cb-12f9b3e3b99d" testId="b34f5a6f-f3c3-1022-2de9-f52e0b7f76ed" testName="MultiTenantETL.IntegrationTests.DataWriters.CsvDataWriterTests.WriteBatchAsync_ShouldHandleLargeBatch" computerName="LAPWINX-DAC203" duration="00:00:00.0431294" startTime="2025-12-21T07:26:16.7431343-05:00" endTime="2025-12-21T07:26:16.7870384-05:00" testType="13cdc9d9-ddb5-4fa4-a97d-d965ccfc6d4b" outcome="Passed" testListId="8c84fa94-04c1-424b-9868-57a2d4851a1d" relativeResultsDirectory="a203e56c-02a4-4b9c-95cb-12f9b3e3b99d" />
    <UnitTestResult executionId="7e9d77a6-eb9c-4abb-9ebd-aeadc48df986" testId="a307e76e-7efa-6f4c-59f7-9ad39a1441c1" testName="MultiTenantETL.IntegrationTests.DataWriters.CsvDataWriterTests.WriteBatchAsync_ShouldCreateFileWithHeader" computerName="LAPWINX-DAC203" duration="00:00:00.0334418" startTime="2025-12-21T07:26:16.8011268-05:00" endTime="2025-12-21T07:26:16.8211814-05:00" testType="13cdc9d9-ddb5-4fa4-a97d-d965ccfc6d4b" outcome="Passed" testListId="8c84fa94-04c1-424b-9868-57a2d4851a1d" relativeResultsDirectory="7e9d77a6-eb9c-4abb-9ebd-aeadc48df986" />
    <UnitTestResult executionId="d1bec68c-97d1-47f1-9277-c60918d53300" testId="efca755e-1a00-7254-5b16-8d1aae274d96" testName="MultiTenantETL.IntegrationTests.DataReaders.PostgreSqlDataReaderTests.DetectSchemaAsync_ShouldReturnCorrectSchema" computerName="LAPWINX-DAC203" duration="00:00:00.0217232" startTime="2025-12-21T07:27:08.2039919-05:00" endTime="2025-12-21T07:27:20.9664769-05:00" testType="13cdc9d9-ddb5-4fa4-a97d-d965ccfc6d4b" outcome="Passed" testListId="8c84fa94-04c1-424b-9868-57a2d4851a1d" relativeResultsDirectory="d1bec68c-97d1-47f1-9277-c60918d53300" />
    <UnitTestResult executionId="48a3e6ef-1ae2-4ddf-ae54-a3666908565e" testId="248e37a3-244e-7667-421c-475d424da830" testName="MultiTenantETL.IntegrationTests.DataReaders.PostgreSqlDataReaderTests.ReadAsync_ShouldStreamDataInBatches" computerName="LAPWINX-DAC203" duration="00:00:00.0386583" startTime="2025-12-21T07:26:32.6641274-05:00" endTime="2025-12-21T07:26:44.2491995-05:00" testType="13cdc9d9-ddb5-4fa4-a97d-d965ccfc6d4b" outcome="Passed" testListId="8c84fa94-04c1-424b-9868-57a2d4851a1d" relativeResultsDirectory="48a3e6ef-1ae2-4ddf-ae54-a3666908565e" />
    <UnitTestResult executionId="b34667bc-1ecc-47cb-8e3a-10fd73d7f96b" testId="3b2fd77f-490c-8a33-61e4-5e67ec38069a" testName="MultiTenantETL.IntegrationTests.DataReaders.PostgreSqlDataReaderTests.ReadAsync_ShouldHandleCustomQuery" computerName="LAPWINX-DAC203" duration="00:00:00.0101944" startTime="2025-12-21T07:26:57.8786001-05:00" endTime="2025-12-21T07:27:08.2034164-05:00" testType="13cdc9d9-ddb5-4fa4-a97d-d965ccfc6d4b" outcome="Passed" testListId="8c84fa94-04c1-424b-9868-57a2d4851a1d" relativeResultsDirectory="b34667bc-1ecc-47cb-8e3a-10fd73d7f96b" />
    <UnitTestResult executionId="20238f64-5ea7-442b-84ea-8dbc670f6267" testId="77afacd2-9ea0-5913-9687-ea94c6cd46ff" testName="MultiTenantETL.IntegrationTests.DataWriters.CsvDataWriterTests.WriteBatchAsync_WithCustomDelimiter_ShouldUseSemicolon" computerName="LAPWINX-DAC203" duration="00:00:01.5308399" startTime="2025-12-21T07:26:15.0758470-05:00" endTime="2025-12-21T07:26:16.6100627-05:00" testType="13cdc9d9-ddb5-4fa4-a97d-d965ccfc6d4b" outcome="Passed" testListId="8c84fa94-04c1-424b-9868-57a2d4851a1d" relativeResultsDirectory="20238f64-5ea7-442b-84ea-8dbc670f6267" />
    <UnitTestResult executionId="51788772-7263-48c7-82b4-a9013babbd8c" testId="f899dae1-e299-56f4-0885-e06b61b99a87" testName="MultiTenantETL.IntegrationTests.DataWriters.CsvDataWriterTests.WriteBatchAsync_ShouldHandleEmptyBatch" computerName="LAPWINX-DAC203" duration="00:00:00.0065700" startTime="2025-12-21T07:26:16.6394618-05:00" endTime="2025-12-21T07:26:16.6420165-05:00" testType="13cdc9d9-ddb5-4fa4-a97d-d965ccfc6d4b" outcome="Passed" testListId="8c84fa94-04c1-424b-9868-57a2d4851a1d" relativeResultsDirectory="51788772-7263-48c7-82b4-a9013babbd8c" />
    <UnitTestResult executionId="a653e222-d259-4088-b4d6-d9676f15857f" testId="14fbe186-69da-1d99-9e01-9a79114c828e" testName="MultiTenantETL.IntegrationTests.DataWriters.CsvDataWriterTests.WriteBatchAsync_ShouldAppendToExistingFile" computerName="LAPWINX-DAC203" duration="00:00:00.0543775" startTime="2025-12-21T07:26:16.6881788-05:00" endTime="2025-12-21T07:26:16.7429385-05:00" testType="13cdc9d9-ddb5-4fa4-a97d-d965ccfc6d4b" outcome="Passed" testListId="8c84fa94-04c1-424b-9868-57a2d4851a1d" relativeResultsDirectory="a653e222-d259-4088-b4d6-d9676f15857f" />
    <UnitTestResult executionId="b312862f-536c-4ce5-99a5-a3a2948cfe18" testId="308fb241-ac99-ae55-96b0-4263d5d43827" testName="MultiTenantETL.IntegrationTests.DataReaders.CsvDataReaderTests.ReadAsync_ShouldRespectMaxRows" computerName="LAPWINX-DAC203" duration="00:00:00.0231593" startTime="2025-12-21T07:26:16.9347408-05:00" endTime="2025-12-21T07:26:16.9591080-05:00" testType="13cdc9d9-ddb5-4fa4-a97d-d965ccfc6d4b" outcome="Passed" testListId="8c84fa94-04c1-424b-9868-57a2d4851a1d" relativeResultsDirectory="b312862f-536c-4ce5-99a5-a3a2948cfe18" />
    <UnitTestResult executionId="a6ac70c2-e391-45dc-a40d-48b2d6d29040" testId="ad4ecd37-9bbb-622a-690b-156d202417f7" testName="MultiTenantETL.IntegrationTests.DataWriters.PostgreSqlDataWriterTests.WriteBatchAsync_WithUpsert_ShouldUpdateExistingRows" computerName="LAPWINX-DAC203" duration="00:00:01.6251950" startTime="2025-12-21T07:26:15.0767412-05:00" endTime="2025-12-21T07:26:24.4904597-05:00" testType="13cdc9d9-ddb5-4fa4-a97d-d965ccfc6d4b" outcome="Passed" testListId="8c84fa94-04c1-424b-9868-57a2d4851a1d" relativeResultsDirectory="a6ac70c2-e391-45dc-a40d-48b2d6d29040" />
    <UnitTestResult executionId="aeb3c3d9-a42b-4d9d-b3fa-6c34f196ad2d" testId="f8f324ed-ff7d-358e-1f11-075df7037228" testName="MultiTenantETL.IntegrationTests.DataWriters.PostgreSqlDataWriterTests.WriteBatchAsync_WithUpsert_ShouldHandleMixedInsertAndUpdate" computerName="LAPWINX-DAC203" duration="00:00:00.0174186" startTime="2025-12-21T07:26:27.8639159-05:00" endTime="2025-12-21T07:26:31.2351455-05:00" testType="13cdc9d9-ddb5-4fa4-a97d-d965ccfc6d4b" outcome="Passed" testListId="8c84fa94-04c1-424b-9868-57a2d4851a1d" relativeResultsDirectory="aeb3c3d9-a42b-4d9d-b3fa-6c34f196ad2d" />
    <UnitTestResult executionId="ace64493-3cce-409e-ba5b-e9afc522fe17" testId="4473f747-f432-4856-da8f-3a347e833483" testName="MultiTenantETL.IntegrationTests.DataWriters.PostgreSqlDataWriterTests.WriteBatchAsync_WithUpsert_ShouldInsertNewRows" computerName="LAPWINX-DAC203" duration="00:00:00.0127932" startTime="2025-12-21T07:26:31.2352745-05:00" endTime="2025-12-21T07:26:34.6039418-05:00" testType="13cdc9d9-ddb5-4fa4-a97d-d965ccfc6d4b" outcome="Passed" testListId="8c84fa94-04c1-424b-9868-57a2d4851a1d" relativeResultsDirectory="ace64493-3cce-409e-ba5b-e9afc522fe17" />
    <UnitTestResult executionId="22fbf90b-2eaa-4cd3-ba05-b5f6d0a54995" testId="3e93f197-c8dd-24f3-9922-4e5ab4377ada" testName="MultiTenantETL.IntegrationTests.DataWriters.PostgreSqlDataWriterTests.WriteBatchAsync_WithUpsert_ShouldTrackPerRowErrors" computerName="LAPWINX-DAC203" duration="00:00:00.1082856" startTime="2025-12-21T07:26:24.4910588-05:00" endTime="2025-12-21T07:26:27.8637744-05:00" testType="13cdc9d9-ddb5-4fa4-a97d-d965ccfc6d4b" outcome="Passed" testListId="8c84fa94-04c1-424b-9868-57a2d4851a1d" relativeResultsDirectory="22fbf90b-2eaa-4cd3-ba05-b5f6d0a54995" />
    <UnitTestResult executionId="2a979f63-124a-4af0-a856-e818ffa1e4c8" testId="6ffd2313-1be9-d426-2500-85ddf15bb84e" testName="MultiTenantETL.IntegrationTests.DataReaders.CsvDataReaderTests.ReadAsync_ShouldStreamDataInBatches" computerName="LAPWINX-DAC203" duration="00:00:00.0280419" startTime="2025-12-21T07:26:16.9645843-05:00" endTime="2025-12-21T07:26:16.9931409-05:00" testType="13cdc9d9-ddb5-4fa4-a97d-d965ccfc6d4b" outcome="Passed" testListId="8c84fa94-04c1-424b-9868-57a2d4851a1d" relativeResultsDirectory="2a979f63-124a-4af0-a856-e818ffa1e4c8" />
    <UnitTestResult executionId="d29af822-4c50-4445-b4e5-32fd6c72efae" testId="8d7c17b6-8293-4fc8-0929-f7f1bca7661d" testName="MultiTenantETL.IntegrationTests.DataWriters.PostgreSqlDataWriterTests.WriteBatchAsync_ShouldHandleLargeBatch" computerName="LAPWINX-DAC203" duration="00:00:00.0998815" startTime="2025-12-21T07:26:41.4960782-05:00" endTime="2025-12-21T07:26:45.0615602-05:00" testType="13cdc9d9-ddb5-4fa4-a97d-d965ccfc6d4b" outcome="Passed" testListId="8c84fa94-04c1-424b-9868-57a2d4851a1d" relativeResultsDirectory="d29af822-4c50-4445-b4e5-32fd6c72efae" />
    <UnitTestResult executionId="0aebd230-975c-49dd-be4d-0116cd2e1743" testId="e7229b9f-8f1d-d5ba-f3cf-f499ca039dc5" testName="MultiTenantETL.IntegrationTests.DataReaders.PostgreSqlDataReaderTests.ReadAsync_ShouldRespectMaxRows" computerName="LAPWINX-DAC203" duration="00:00:00.0140712" startTime="2025-12-21T07:27:31.3264527-05:00" endTime="2025-12-21T07:27:41.3305975-05:00" testType="13cdc9d9-ddb5-4fa4-a97d-d965ccfc6d4b" outcome="Passed" testListId="8c84fa94-04c1-424b-9868-57a2d4851a1d" relativeResultsDirectory="0aebd230-975c-49dd-be4d-0116cd2e1743" />
    <UnitTestResult executionId="a7b53f2a-61f4-4cf6-81b5-09217555c304" testId="5abaea39-dabd-4d23-c6ff-8d8fdc3b10b3" testName="MultiTenantETL.IntegrationTests.DataWriters.PostgreSqlDataWriterTests.WriteBatchAsync_ShouldInsertRows_WhenDataIsValid" computerName="LAPWINX-DAC203" duration="00:00:00.0123978" startTime="2025-12-21T07:26:37.9970536-05:00" endTime="2025-12-21T07:26:41.4950629-05:00" testType="13cdc9d9-ddb5-4fa4-a97d-d965ccfc6d4b" outcome="Passed" testListId="8c84fa94-04c1-424b-9868-57a2d4851a1d" relativeResultsDirectory="a7b53f2a-61f4-4cf6-81b5-09217555c304" />
    <UnitTestResult executionId="375d2e54-517d-4b08-90fb-df79a80fbaa6" testId="616e4cf0-1cde-47b0-1790-78b03cb634d6" testName="MultiTenantETL.IntegrationTests.DataReaders.PostgreSqlDataReaderTests.TestConnectionAsync_ShouldReturnTrue_WhenConnectionIsValid" computerName="LAPWINX-DAC203" duration="00:00:01.5624229" startTime="2025-12-21T07:26:15.0766598-05:00" endTime="2025-12-21T07:26:32.6639252-05:00" testType="13cdc9d9-ddb5-4fa4-a97d-d965ccfc6d4b" outcome="Passed" testListId="8c84fa94-04c1-424b-9868-57a2d4851a1d" relativeResultsDirectory="375d2e54-517d-4b08-90fb-df79a80fbaa6" />
    <UnitTestResult executionId="4ec116b1-fc40-4126-9e01-e0a1d1ba7da7" testId="b91acb85-4ed2-1cd0-6eff-7dc1f8671b8c" testName="MultiTenantETL.IntegrationTests.TenantIsolation.WorkerTenantIsolationTests.DbContext_WithTenantProvider_FiltersQueriesByTenant" computerName="LAPWINX-DAC203" duration="00:00:00.0296606" startTime="2025-12-21T07:26:31.0383571-05:00" endTime="2025-12-21T07:26:34.9639180-05:00" testType="13cdc9d9-ddb5-4fa4-a97d-d965ccfc6d4b" outcome="Passed" testListId="8c84fa94-04c1-424b-9868-57a2d4851a1d" relativeResultsDirectory="4ec116b1-fc40-4126-9e01-e0a1d1ba7da7" />
    <UnitTestResult executionId="a68ac3fb-d25a-4c58-aa49-6a0cf618cc31" testId="f213ff1f-827f-0c14-2259-e9b2c1f0e79c" testName="MultiTenantETL.IntegrationTests.DataReaders.CsvDataReaderTests.ReadAsync_ShouldHandleQuotedFields" computerName="LAPWINX-DAC203" duration="00:00:00.0067630" startTime="2025-12-21T07:26:16.9980390-05:00" endTime="2025-12-21T07:26:17.0052925-05:00" testType="13cdc9d9-ddb5-4fa4-a97d-d965ccfc6d4b" outcome="Passed" testListId="8c84fa94-04c1-424b-9868-57a2d4851a1d" relativeResultsDirectory="a68ac3fb-d25a-4c58-aa49-6a0cf618cc31" />
    <UnitTestResult executionId="b23b1500-87bc-44a5-a175-3d81d0a4ae1e" testId="3ac65b2c-62b2-48e9-a53a-c9c02cd3cf73" testName="MultiTenantETL.IntegrationTests.DataReaders.CsvDataReaderTests.TestConnectionAsync_ShouldReturnTrue_WhenFileExists" computerName="LAPWINX-DAC203" duration="00:00:00.0051405" startTime="2025-12-21T07:26:16.9594621-05:00" endTime="2025-12-21T07:26:16.9644168-05:00" testType="13cdc9d9-ddb5-4fa4-a97d-d965ccfc6d4b" outcome="Passed" testListId="8c84fa94-04c1-424b-9868-57a2d4851a1d" relativeResultsDirectory="b23b1500-87bc-44a5-a175-3d81d0a4ae1e" />
    <UnitTestResult executionId="16956f00-4494-419f-bec9-a8e83f801b50" testId="da0d90b1-c339-dfff-19dc-0e3809458816" testName="MultiTenantETL.IntegrationTests.DataReaders.CsvDataReaderTests.ReadAsync_ShouldHandleCustomDelimiter" computerName="LAPWINX-DAC203" duration="00:00:01.5312469" startTime="2025-12-21T07:26:15.0766903-05:00" endTime="2025-12-21T07:26:16.6048131-05:00" testType="13cdc9d9-ddb5-4fa4-a97d-d965ccfc6d4b" outcome="Passed" testListId="8c84fa94-04c1-424b-9868-57a2d4851a1d" relativeResultsDirectory="16956f00-4494-419f-bec9-a8e83f801b50" />
    <UnitTestResult executionId="3459744a-9b8d-47cf-a712-55cd598c563b" testId="0280f133-7506-6669-8f15-94f0fd900584" testName="MultiTenantETL.IntegrationTests.DataReaders.CsvDataReaderTests.DetectSchemaAsync_ShouldReturnCorrectSchema" computerName="LAPWINX-DAC203" duration="00:00:00.1382317" startTime="2025-12-21T07:26:16.8013351-05:00" endTime="2025-12-21T07:26:16.9345477-05:00" testType="13cdc9d9-ddb5-4fa4-a97d-d965ccfc6d4b" outcome="Passed" testListId="8c84fa94-04c1-424b-9868-57a2d4851a1d" relativeResultsDirectory="3459744a-9b8d-47cf-a712-55cd598c563b" />
    <UnitTestResult executionId="77a00e2b-1eab-413f-9dab-8c987c5f1b75" testId="900492a5-25cf-265f-f21b-58efb4eca7be" testName="MultiTenantETL.IntegrationTests.DataWriters.CsvDataWriterTests.WriteBatchAsync_ShouldTruncateFile_WhenTruncateBeforeLoadIsTrue" computerName="LAPWINX-DAC203" duration="00:00:00.0321704" startTime="2025-12-21T07:26:16.6424094-05:00" endTime="2025-12-21T07:26:16.6758762-05:00" testType="13cdc9d9-ddb5-4fa4-a97d-d965ccfc6d4b" outcome="Passed" testListId="8c84fa94-04c1-424b-9868-57a2d4851a1d" relativeResultsDirectory="77a00e2b-1eab-413f-9dab-8c987c5f1b75" />
    <UnitTestResult executionId="826ba077-6cd2-42df-9037-8dc04077be0d" testId="da2c6a12-620f-1dce-ffdb-5d26785c5d9d" testName="MultiTenantETL.IntegrationTests.TenantIsolation.WorkerTenantIsolationTests.TenantProvider_NotSet_ReturnsNoData" computerName="LAPWINX-DAC203" duration="00:00:01.9373630" startTime="2025-12-21T07:26:15.0767221-05:00" endTime="2025-12-21T07:26:26.8621212-05:00" testType="13cdc9d9-ddb5-4fa4-a97d-d965ccfc6d4b" outcome="Passed" testListId="8c84fa94-04c1-424b-9868-57a2d4851a1d" relativeResultsDirectory="826ba077-6cd2-42df-9037-8dc04077be0d" />
    <UnitTestResult executionId="f52f84e9-7322-4cf3-8355-21f724321287" testId="5cac4da2-c7fd-ad18-03e1-97f7e8db63c1" testName="MultiTenantETL.IntegrationTests.DataWriters.PostgreSqlDataWriterTests.WriteBatchAsync_ShouldTruncateTable_WhenTruncateBeforeLoadIsTrue" computerName="LAPWINX-DAC203" duration="00:00:00.0201936" startTime="2025-12-21T07:26:34.6042417-05:00" endTime="2025-12-21T07:26:37.9964555-05:00" testType="13cdc9d9-ddb5-4fa4-a97d-d965ccfc6d4b" outcome="Passed" testListId="8c84fa94-04c1-424b-9868-57a2d4851a1d" relativeResultsDirectory="f52f84e9-7322-4cf3-8355-21f724321287" />
    <UnitTestResult executionId="09acd528-121d-44fe-b090-50c028874f75" testId="440ede80-9ab2-6650-6612-67160867aa06" testName="MultiTenantETL.IntegrationTests.TenantIsolation.WorkerTenantIsolationTests.ConcurrentScopes_WithDifferentTenants_DoNotInterfere" computerName="LAPWINX-DAC203" duration="00:00:00.1021106" startTime="2025-12-21T07:26:26.8625953-05:00" endTime="2025-12-21T07:26:31.0375838-05:00" testType="13cdc9d9-ddb5-4fa4-a97d-d965ccfc6d4b" outcome="Passed" testListId="8c84fa94-04c1-424b-9868-57a2d4851a1d" relativeResultsDirectory="09acd528-121d-44fe-b090-50c028874f75" />
    <UnitTestResult executionId="2bde612f-2248-4d3b-8577-334f88a78b80" testId="bfc68f2c-40fc-0734-6007-f57274e23add" testName="MultiTenantETL.IntegrationTests.DataReaders.CsvDataReaderTests.TestConnectionAsync_ShouldReturnFalse_WhenFileDoesNotExist" computerName="LAPWINX-DAC203" duration="00:00:00.0044261" startTime="2025-12-21T07:26:16.9934887-05:00" endTime="2025-12-21T07:26:16.9977014-05:00" testType="13cdc9d9-ddb5-4fa4-a97d-d965ccfc6d4b" outcome="Passed" testListId="8c84fa94-04c1-424b-9868-57a2d4851a1d" relativeResultsDirectory="2bde612f-2248-4d3b-8577-334f88a78b80" />
    <UnitTestResult executionId="6fa1f2cb-fb57-4a86-8820-588178821d62" testId="b266b71e-6927-9fa6-bad7-5c11cf751aff" testName="MultiTenantETL.IntegrationTests.DataReaders.CsvDataReaderTests.ReadAsync_ShouldHandleLargeFile" computerName="LAPWINX-DAC203" duration="00:00:00.1885176" startTime="2025-12-21T07:26:16.6179670-05:00" endTime="2025-12-21T07:26:16.8012098-05:00" testType="13cdc9d9-ddb5-4fa4-a97d-d965ccfc6d4b" outcome="Passed" testListId="8c84fa94-04c1-424b-9868-57a2d4851a1d" relativeResultsDirectory="6fa1f2cb-fb57-4a86-8820-588178821d62" />
  </Results>
  <TestDefinitions>
    <UnitTest name="MultiTenantETL.IntegrationTests.DataWriters.PostgreSqlDataWriterTests.WriteBatchAsync_WithUpsert_ShouldInsertNewRows" storage="c:\users\emmanuelm\source\repos\learning\multitenantetl\tests\multitenantetl.integrationtests\bin\debug\net8.0\multitenantetl.integrationtests.dll" id="4473f747-f432-4856-da8f-3a347e833483">
      <Execution id="ace64493-3cce-409e-ba5b-e9afc522fe17" />
      <TestMethod codeBase="C:\Users\emmanuelm\source\repos\Learning\MultiTenantETL\tests\MultiTenantETL.IntegrationTests\bin\Debug\net8.0\MultiTenantETL.IntegrationTests.dll" adapterTypeName="executor://xunit/VsTestRunner3/netcore/" className="MultiTenantETL.IntegrationTests.DataWriters.PostgreSqlDataWriterTests" name="WriteBatchAsync_WithUpsert_ShouldInsertNewRows" />
    </UnitTest>
    <UnitTest name="MultiTenantETL.IntegrationTests.DataReaders.CsvDataReaderTests.ReadAsync_ShouldHandleQuotedFields" storage="c:\users\emmanuelm\source\repos\learning\multitenantetl\tests\multitenantetl.integrationtests\bin\debug\net8.0\multitenantetl.integrationtests.dll" id="f213ff1f-827f-0c14-2259-e9b2c1f0e79c">
      <Execution id="a68ac3fb-d25a-4c58-aa49-6a0cf618cc31" />
      <TestMethod codeBase="C:\Users\emmanuelm\source\repos\Learning\MultiTenantETL\tests\MultiTenantETL.IntegrationTests\bin\Debug\net8.0\MultiTenantETL.IntegrationTests.dll" adapterTypeName="executor://xunit/VsTestRunner3/netcore/" className="MultiTenantETL.IntegrationTests.DataReaders.CsvDataReaderTests" name="ReadAsync_ShouldHandleQuotedFields" />
    </UnitTest>
    <UnitTest name="MultiTenantETL.IntegrationTests.DataReaders.PostgreSqlDataReaderTests.DetectSchemaAsync_ShouldReturnCorrectSchema" storage="c:\users\emmanuelm\source\repos\learning\multitenantetl\tests\multitenantetl.integrationtests\bin\debug\net8.0\multitenantetl.integrationtests.dll" id="efca755e-1a00-7254-5b16-8d1aae274d96">
      <Execution id="d1bec68c-97d1-47f1-9277-c60918d53300" />
      <TestMethod codeBase="C:\Users\emmanuelm\source\repos\Learning\MultiTenantETL\tests\MultiTenantETL.IntegrationTests\bin\Debug\net8.0\MultiTenantETL.IntegrationTests.dll" adapterTypeName="executor://xunit/VsTestRunner3/netcore/" className="MultiTenantETL.IntegrationTests.DataReaders.PostgreSqlDataReaderTests" name="DetectSchemaAsync_ShouldReturnCorrectSchema" />
    </UnitTest>
    <UnitTest name="MultiTenantETL.IntegrationTests.DataWriters.PostgreSqlDataWriterTests.WriteBatchAsync_WithUpsert_ShouldTrackPerRowErrors" storage="c:\users\emmanuelm\source\repos\learning\multitenantetl\tests\multitenantetl.integrationtests\bin\debug\net8.0\multitenantetl.integrationtests.dll" id="3e93f197-c8dd-24f3-9922-4e5ab4377ada">
      <Execution id="22fbf90b-2eaa-4cd3-ba05-b5f6d0a54995" />
      <TestMethod codeBase="C:\Users\emmanuelm\source\repos\Learning\MultiTenantETL\tests\MultiTenantETL.IntegrationTests\bin\Debug\net8.0\MultiTenantETL.IntegrationTests.dll" adapterTypeName="executor://xunit/VsTestRunner3/netcore/" className="MultiTenantETL.IntegrationTests.DataWriters.PostgreSqlDataWriterTests" name="WriteBatchAsync_WithUpsert_ShouldTrackPerRowErrors" />
    </UnitTest>
    <UnitTest name="MultiTenantETL.IntegrationTests.DataReaders.PostgreSqlDataReaderTests.ReadAsync_ShouldNotLoadAllDataIntoMemory" storage="c:\users\emmanuelm\source\repos\learning\multitenantetl\tests\multitenantetl.integrationtests\bin\debug\net8.0\multitenantetl.integrationtests.dll" id="f100da22-addd-45ac-ecef-98c82b96bee0">
      <Execution id="4a7bc801-eec7-4c3b-9f47-102768deae1c" />
      <TestMethod codeBase="C:\Users\emmanuelm\source\repos\Learning\MultiTenantETL\tests\MultiTenantETL.IntegrationTests\bin\Debug\net8.0\MultiTenantETL.IntegrationTests.dll" adapterTypeName="executor://xunit/VsTestRunner3/netcore/" className="MultiTenantETL.IntegrationTests.DataReaders.PostgreSqlDataReaderTests" name="ReadAsync_ShouldNotLoadAllDataIntoMemory" />
    </UnitTest>
    <UnitTest name="MultiTenantETL.IntegrationTests.DataReaders.PostgreSqlDataReaderTests.ReadAsync_ShouldHandleCustomQuery" storage="c:\users\emmanuelm\source\repos\learning\multitenantetl\tests\multitenantetl.integrationtests\bin\debug\net8.0\multitenantetl.integrationtests.dll" id="3b2fd77f-490c-8a33-61e4-5e67ec38069a">
      <Execution id="b34667bc-1ecc-47cb-8e3a-10fd73d7f96b" />
      <TestMethod codeBase="C:\Users\emmanuelm\source\repos\Learning\MultiTenantETL\tests\MultiTenantETL.IntegrationTests\bin\Debug\net8.0\MultiTenantETL.IntegrationTests.dll" adapterTypeName="executor://xunit/VsTestRunner3/netcore/" className="MultiTenantETL.IntegrationTests.DataReaders.PostgreSqlDataReaderTests" name="ReadAsync_ShouldHandleCustomQuery" />
    </UnitTest>
    <UnitTest name="MultiTenantETL.IntegrationTests.DataWriters.PostgreSqlDataWriterTests.WriteBatchAsync_ShouldHandleLargeBatch" storage="c:\users\emmanuelm\source\repos\learning\multitenantetl\tests\multitenantetl.integrationtests\bin\debug\net8.0\multitenantetl.integrationtests.dll" id="8d7c17b6-8293-4fc8-0929-f7f1bca7661d">
      <Execution id="d29af822-4c50-4445-b4e5-32fd6c72efae" />
      <TestMethod codeBase="C:\Users\emmanuelm\source\repos\Learning\MultiTenantETL\tests\MultiTenantETL.IntegrationTests\bin\Debug\net8.0\MultiTenantETL.IntegrationTests.dll" adapterTypeName="executor://xunit/VsTestRunner3/netcore/" className="MultiTenantETL.IntegrationTests.DataWriters.PostgreSqlDataWriterTests" name="WriteBatchAsync_ShouldHandleLargeBatch" />
    </UnitTest>
    <UnitTest name="MultiTenantETL.IntegrationTests.TenantIsolation.WorkerTenantIsolationTests.TenantProvider_NotSet_ReturnsNoData" storage="c:\users\emmanuelm\source\repos\learning\multitenantetl\tests\multitenantetl.integrationtests\bin\debug\net8.0\multitenantetl.integrationtests.dll" id="da2c6a12-620f-1dce-ffdb-5d26785c5d9d">
      <Execution id="826ba077-6cd2-42df-9037-8dc04077be0d" />
      <TestMethod codeBase="C:\Users\emmanuelm\source\repos\Learning\MultiTenantETL\tests\MultiTenantETL.IntegrationTests\bin\Debug\net8.0\MultiTenantETL.IntegrationTests.dll" adapterTypeName="executor://xunit/VsTestRunner3/netcore/" className="MultiTenantETL.IntegrationTests.TenantIsolation.WorkerTenantIsolationTests" name="TenantProvider_NotSet_ReturnsNoData" />
    </UnitTest>
    <UnitTest name="MultiTenantETL.IntegrationTests.DataReaders.CsvDataReaderTests.ReadAsync_ShouldHandleEmptyFile" storage="c:\users\emmanuelm\source\repos\learning\multitenantetl\tests\multitenantetl.integrationtests\bin\debug\net8.0\multitenantetl.integrationtests.dll" id="e2c21a6a-793c-970b-7aa7-3a7bb6bb73b7">
      <Execution id="bdeac6c2-3300-4898-92b0-8276be8e7607" />
      <TestMethod codeBase="C:\Users\emmanuelm\source\repos\Learning\MultiTenantETL\tests\MultiTenantETL.IntegrationTests\bin\Debug\net8.0\MultiTenantETL.IntegrationTests.dll" adapterTypeName="executor://xunit/VsTestRunner3/netcore/" className="MultiTenantETL.IntegrationTests.DataReaders.CsvDataReaderTests" name="ReadAsync_ShouldHandleEmptyFile" />
    </UnitTest>
    <UnitTest name="MultiTenantETL.IntegrationTests.DataWriters.CsvDataWriterTests.WriteBatchAsync_ShouldAppendToExistingFile" storage="c:\users\emmanuelm\source\repos\learning\multitenantetl\tests\multitenantetl.integrationtests\bin\debug\net8.0\multitenantetl.integrationtests.dll" id="14fbe186-69da-1d99-9e01-9a79114c828e">
      <Execution id="a653e222-d259-4088-b4d6-d9676f15857f" />
      <TestMethod codeBase="C:\Users\emmanuelm\source\repos\Learning\MultiTenantETL\tests\MultiTenantETL.IntegrationTests\bin\Debug\net8.0\MultiTenantETL.IntegrationTests.dll" adapterTypeName="executor://xunit/VsTestRunner3/netcore/" className="MultiTenantETL.IntegrationTests.DataWriters.CsvDataWriterTests" name="WriteBatchAsync_ShouldAppendToExistingFile" />
    </UnitTest>
    <UnitTest name="MultiTenantETL.IntegrationTests.DataWriters.CsvDataWriterTests.WriteBatchAsync_ShouldHandleLargeBatch" storage="c:\users\emmanuelm\source\repos\learning\multitenantetl\tests\multitenantetl.integrationtests\bin\debug\net8.0\multitenantetl.integrationtests.dll" id="b34f5a6f-f3c3-1022-2de9-f52e0b7f76ed">
      <Execution id="a203e56c-02a4-4b9c-95cb-12f9b3e3b99d" />
      <TestMethod codeBase="C:\Users\emmanuelm\source\repos\Learning\MultiTenantETL\tests\MultiTenantETL.IntegrationTests\bin\Debug\net8.0\MultiTenantETL.IntegrationTests.dll" adapterTypeName="executor://xunit/VsTestRunner3/netcore/" className="MultiTenantETL.IntegrationTests.DataWriters.CsvDataWriterTests" name="WriteBatchAsync_ShouldHandleLargeBatch" />
    </UnitTest>
    <UnitTest name="MultiTenantETL.IntegrationTests.DataWriters.PostgreSqlDataWriterTests.WriteBatchAsync_WithUpsert_ShouldHandleMixedInsertAndUpdate" storage="c:\users\emmanuelm\source\repos\learning\multitenantetl\tests\multitenantetl.integrationtests\bin\debug\net8.0\multitenantetl.integrationtests.dll" id="f8f324ed-ff7d-358e-1f11-075df7037228">
      <Execution id="aeb3c3d9-a42b-4d9d-b3fa-6c34f196ad2d" />
      <TestMethod codeBase="C:\Users\emmanuelm\source\repos\Learning\MultiTenantETL\tests\MultiTenantETL.IntegrationTests\bin\Debug\net8.0\MultiTenantETL.IntegrationTests.dll" adapterTypeName="executor://xunit/VsTestRunner3/netcore/" className="MultiTenantETL.IntegrationTests.DataWriters.PostgreSqlDataWriterTests" name="WriteBatchAsync_WithUpsert_ShouldHandleMixedInsertAndUpdate" />
    </UnitTest>
    <UnitTest name="MultiTenantETL.IntegrationTests.DataReaders.CsvDataReaderTests.ReadAsync_ShouldHandleLargeFile" storage="c:\users\emmanuelm\source\repos\learning\multitenantetl\tests\multitenantetl.integrationtests\bin\debug\net8.0\multitenantetl.integrationtests.dll" id="b266b71e-6927-9fa6-bad7-5c11cf751aff">
      <Execution id="6fa1f2cb-fb57-4a86-8820-588178821d62" />
      <TestMethod codeBase="C:\Users\emmanuelm\source\repos\Learning\MultiTenantETL\tests\MultiTenantETL.IntegrationTests\bin\Debug\net8.0\MultiTenantETL.IntegrationTests.dll" adapterTypeName="executor://xunit/VsTestRunner3/netcore/" className="MultiTenantETL.IntegrationTests.DataReaders.CsvDataReaderTests" name="ReadAsync_ShouldHandleLargeFile" />
    </UnitTest>
    <UnitTest name="MultiTenantETL.IntegrationTests.TenantIsolation.WorkerTenantIsolationTests.ConcurrentScopes_WithDifferentTenants_DoNotInterfere" storage="c:\users\emmanuelm\source\repos\learning\multitenantetl\tests\multitenantetl.integrationtests\bin\debug\net8.0\multitenantetl.integrationtests.dll" id="440ede80-9ab2-6650-6612-67160867aa06">
      <Execution id="09acd528-121d-44fe-b090-50c028874f75" />
      <TestMethod codeBase="C:\Users\emmanuelm\source\repos\Learning\MultiTenantETL\tests\MultiTenantETL.IntegrationTests\bin\Debug\net8.0\MultiTenantETL.IntegrationTests.dll" adapterTypeName="executor://xunit/VsTestRunner3/netcore/" className="MultiTenantETL.IntegrationTests.TenantIsolation.WorkerTenantIsolationTests" name="ConcurrentScopes_WithDifferentTenants_DoNotInterfere" />
    </UnitTest>
    <UnitTest name="MultiTenantETL.IntegrationTests.DataReaders.PostgreSqlDataReaderTests.TestConnectionAsync_ShouldReturnTrue_WhenConnectionIsValid" storage="c:\users\emmanuelm\source\repos\learning\multitenantetl\tests\multitenantetl.integrationtests\bin\debug\net8.0\multitenantetl.integrationtests.dll" id="616e4cf0-1cde-47b0-1790-78b03cb634d6">
      <Execution id="375d2e54-517d-4b08-90fb-df79a80fbaa6" />
      <TestMethod codeBase="C:\Users\emmanuelm\source\repos\Learning\MultiTenantETL\tests\MultiTenantETL.IntegrationTests\bin\Debug\net8.0\MultiTenantETL.IntegrationTests.dll" adapterTypeName="executor://xunit/VsTestRunner3/netcore/" className="MultiTenantETL.IntegrationTests.DataReaders.PostgreSqlDataReaderTests" name="TestConnectionAsync_ShouldReturnTrue_WhenConnectionIsValid" />
    </UnitTest>
    <UnitTest name="MultiTenantETL.IntegrationTests.DataReaders.CsvDataReaderTests.ReadAsync_ShouldStreamDataInBatches" storage="c:\users\emmanuelm\source\repos\learning\multitenantetl\tests\multitenantetl.integrationtests\bin\debug\net8.0\multitenantetl.integrationtests.dll" id="6ffd2313-1be9-d426-2500-85ddf15bb84e">
      <Execution id="2a979f63-124a-4af0-a856-e818ffa1e4c8" />
      <TestMethod codeBase="C:\Users\emmanuelm\source\repos\Learning\MultiTenantETL\tests\MultiTenantETL.IntegrationTests\bin\Debug\net8.0\MultiTenantETL.IntegrationTests.dll" adapterTypeName="executor://xunit/VsTestRunner3/netcore/" className="MultiTenantETL.IntegrationTests.DataReaders.CsvDataReaderTests" name="ReadAsync_ShouldStreamDataInBatches" />
    </UnitTest>
    <UnitTest name="MultiTenantETL.IntegrationTests.DataReaders.PostgreSqlDataReaderTests.TestConnectionAsync_ShouldReturnFalse_WhenConnectionIsInvalid" storage="c:\users\emmanuelm\source\repos\learning\multitenantetl\tests\multitenantetl.integrationtests\bin\debug\net8.0\multitenantetl.integrationtests.dll" id="bf5f3b4e-543c-797f-9e09-6f860cd6a08f">
      <Execution id="57175ab2-264c-4e53-825c-f089a9892e1d" />
      <TestMethod codeBase="C:\Users\emmanuelm\source\repos\Learning\MultiTenantETL\tests\MultiTenantETL.IntegrationTests\bin\Debug\net8.0\MultiTenantETL.IntegrationTests.dll" adapterTypeName="executor://xunit/VsTestRunner3/netcore/" className="MultiTenantETL.IntegrationTests.DataReaders.PostgreSqlDataReaderTests" name="TestConnectionAsync_ShouldReturnFalse_WhenConnectionIsInvalid" />
    </UnitTest>
    <UnitTest name="MultiTenantETL.IntegrationTests.DataWriters.CsvDataWriterTests.WriteBatchAsync_ShouldTruncateFile_WhenTruncateBeforeLoadIsTrue" storage="c:\users\emmanuelm\source\repos\learning\multitenantetl\tests\multitenantetl.integrationtests\bin\debug\net8.0\multitenantetl.integrationtests.dll" id="900492a5-25cf-265f-f21b-58efb4eca7be">
      <Execution id="77a00e2b-1eab-413f-9dab-8c987c5f1b75" />
      <TestMethod codeBase="C:\Users\emmanuelm\source\repos\Learning\MultiTenantETL\tests\MultiTenantETL.IntegrationTests\bin\Debug\net8.0\MultiTenantETL.IntegrationTests.dll" adapterTypeName="executor://xunit/VsTestRunner3/netcore/" className="MultiTenantETL.IntegrationTests.DataWriters.CsvDataWriterTests" name="WriteBatchAsync_ShouldTruncateFile_WhenTruncateBeforeLoadIsTrue" />
    </UnitTest>
    <UnitTest name="MultiTenantETL.IntegrationTests.DataWriters.PostgreSqlDataWriterTests.WriteBatchAsync_ShouldInsertRows_WhenDataIsValid" storage="c:\users\emmanuelm\source\repos\learning\multitenantetl\tests\multitenantetl.integrationtests\bin\debug\net8.0\multitenantetl.integrationtests.dll" id="5abaea39-dabd-4d23-c6ff-8d8fdc3b10b3">
      <Execution id="a7b53f2a-61f4-4cf6-81b5-09217555c304" />
      <TestMethod codeBase="C:\Users\emmanuelm\source\repos\Learning\MultiTenantETL\tests\MultiTenantETL.IntegrationTests\bin\Debug\net8.0\MultiTenantETL.IntegrationTests.dll" adapterTypeName="executor://xunit/VsTestRunner3/netcore/" className="MultiTenantETL.IntegrationTests.DataWriters.PostgreSqlDataWriterTests" name="WriteBatchAsync_ShouldInsertRows_WhenDataIsValid" />
    </UnitTest>
    <UnitTest name="MultiTenantETL.IntegrationTests.DataReaders.PostgreSqlDataReaderTests.ReadAsync_ShouldStreamDataInBatches" storage="c:\users\emmanuelm\source\repos\learning\multitenantetl\tests\multitenantetl.integrationtests\bin\debug\net8.0\multitenantetl.integrationtests.dll" id="248e37a3-244e-7667-421c-475d424da830">
      <Execution id="48a3e6ef-1ae2-4ddf-ae54-a3666908565e" />
      <TestMethod codeBase="C:\Users\emmanuelm\source\repos\Learning\MultiTenantETL\tests\MultiTenantETL.IntegrationTests\bin\Debug\net8.0\MultiTenantETL.IntegrationTests.dll" adapterTypeName="executor://xunit/VsTestRunner3/netcore/" className="MultiTenantETL.IntegrationTests.DataReaders.PostgreSqlDataReaderTests" name="ReadAsync_ShouldStreamDataInBatches" />
    </UnitTest>
    <UnitTest name="MultiTenantETL.IntegrationTests.TenantIsolation.WorkerTenantIsolationTests.DbContext_WithTenantProvider_FiltersQueriesByTenant" storage="c:\users\emmanuelm\source\repos\learning\multitenantetl\tests\multitenantetl.integrationtests\bin\debug\net8.0\multitenantetl.integrationtests.dll" id="b91acb85-4ed2-1cd0-6eff-7dc1f8671b8c">
      <Execution id="4ec116b1-fc40-4126-9e01-e0a1d1ba7da7" />
      <TestMethod codeBase="C:\Users\emmanuelm\source\repos\Learning\MultiTenantETL\tests\MultiTenantETL.IntegrationTests\bin\Debug\net8.0\MultiTenantETL.IntegrationTests.dll" adapterTypeName="executor://xunit/VsTestRunner3/netcore/" className="MultiTenantETL.IntegrationTests.TenantIsolation.WorkerTenantIsolationTests" name="DbContext_WithTenantProvider_FiltersQueriesByTenant" />
    </UnitTest>
    <UnitTest name="MultiTenantETL.IntegrationTests.DataWriters.PostgreSqlDataWriterTests.WriteBatchAsync_ShouldTruncateTable_WhenTruncateBeforeLoadIsTrue" storage="c:\users\emmanuelm\source\repos\learning\multitenantetl\tests\multitenantetl.integrationtests\bin\debug\net8.0\multitenantetl.integrationtests.dll" id="5cac4da2-c7fd-ad18-03e1-97f7e8db63c1">
      <Execution id="f52f84e9-7322-4cf3-8355-21f724321287" />
      <TestMethod codeBase="C:\Users\emmanuelm\source\repos\Learning\MultiTenantETL\tests\MultiTenantETL.IntegrationTests\bin\Debug\net8.0\MultiTenantETL.IntegrationTests.dll" adapterTypeName="executor://xunit/VsTestRunner3/netcore/" className="MultiTenantETL.IntegrationTests.DataWriters.PostgreSqlDataWriterTests" name="WriteBatchAsync_ShouldTruncateTable_WhenTruncateBeforeLoadIsTrue" />
    </UnitTest>
    <UnitTest name="MultiTenantETL.IntegrationTests.DataReaders.CsvDataReaderTests.DetectSchemaAsync_ShouldReturnCorrectSchema" storage="c:\users\emmanuelm\source\repos\learning\multitenantetl\tests\multitenantetl.integrationtests\bin\debug\net8.0\multitenantetl.integrationtests.dll" id="0280f133-7506-6669-8f15-94f0fd900584">
      <Execution id="3459744a-9b8d-47cf-a712-55cd598c563b" />
      <TestMethod codeBase="C:\Users\emmanuelm\source\repos\Learning\MultiTenantETL\tests\MultiTenantETL.IntegrationTests\bin\Debug\net8.0\MultiTenantETL.IntegrationTests.dll" adapterTypeName="executor://xunit/VsTestRunner3/netcore/" className="MultiTenantETL.IntegrationTests.DataReaders.CsvDataReaderTests" name="DetectSchemaAsync_ShouldReturnCorrectSchema" />
    </UnitTest>
    <UnitTest name="MultiTenantETL.IntegrationTests.DataWriters.CsvDataWriterTests.WriteBatchAsync_WithCustomDelimiter_ShouldUseSemicolon" storage="c:\users\emmanuelm\source\repos\learning\multitenantetl\tests\multitenantetl.integrationtests\bin\debug\net8.0\multitenantetl.integrationtests.dll" id="77afacd2-9ea0-5913-9687-ea94c6cd46ff">
      <Execution id="20238f64-5ea7-442b-84ea-8dbc670f6267" />
      <TestMethod codeBase="C:\Users\emmanuelm\source\repos\Learning\MultiTenantETL\tests\MultiTenantETL.IntegrationTests\bin\Debug\net8.0\MultiTenantETL.IntegrationTests.dll" adapterTypeName="executor://xunit/VsTestRunner3/netcore/" className="MultiTenantETL.IntegrationTests.DataWriters.CsvDataWriterTests" name="WriteBatchAsync_WithCustomDelimiter_ShouldUseSemicolon" />
    </UnitTest>
    <UnitTest name="MultiTenantETL.IntegrationTests.DataReaders.CsvDataReaderTests.ReadAsync_ShouldHandleNullValues" storage="c:\users\emmanuelm\source\repos\learning\multitenantetl\tests\multitenantetl.integrationtests\bin\debug\net8.0\multitenantetl.integrationtests.dll" id="1c8130c0-0a93-7f5f-622e-1b295f15ac88">
      <Execution id="20c3effb-e903-4054-99ef-2500c65dd337" />
      <TestMethod codeBase="C:\Users\emmanuelm\source\repos\Learning\MultiTenantETL\tests\MultiTenantETL.IntegrationTests\bin\Debug\net8.0\MultiTenantETL.IntegrationTests.dll" adapterTypeName="executor://xunit/VsTestRunner3/netcore/" className="MultiTenantETL.IntegrationTests.DataReaders.CsvDataReaderTests" name="ReadAsync_ShouldHandleNullValues" />
    </UnitTest>
    <UnitTest name="MultiTenantETL.IntegrationTests.DataWriters.CsvDataWriterTests.WriteBatchAsync_ShouldEscapeCommasInFields" storage="c:\users\emmanuelm\source\repos\learning\multitenantetl\tests\multitenantetl.integrationtests\bin\debug\net8.0\multitenantetl.integrationtests.dll" id="ce99869e-7662-2d99-c8af-5e418898f3e0">
      <Execution id="b931fe0a-9daf-4c93-9104-7d1c59c37eb2" />
      <TestMethod codeBase="C:\Users\emmanuelm\source\repos\Learning\MultiTenantETL\tests\MultiTenantETL.IntegrationTests\bin\Debug\net8.0\MultiTenantETL.IntegrationTests.dll" adapterTypeName="executor://xunit/VsTestRunner3/netcore/" className="MultiTenantETL.IntegrationTests.DataWriters.CsvDataWriterTests" name="WriteBatchAsync_ShouldEscapeCommasInFields" />
    </UnitTest>
    <UnitTest name="MultiTenantETL.IntegrationTests.DataWriters.CsvDataWriterTests.WriteBatchAsync_ShouldHandleNullValues" storage="c:\users\emmanuelm\source\repos\learning\multitenantetl\tests\multitenantetl.integrationtests\bin\debug\net8.0\multitenantetl.integrationtests.dll" id="1fbb97fe-0c18-dfe5-34e8-eb61e71ab59d">
      <Execution id="6fbb633e-b619-492d-a057-259b048f3108" />
      <TestMethod codeBase="C:\Users\emmanuelm\source\repos\Learning\MultiTenantETL\tests\MultiTenantETL.IntegrationTests\bin\Debug\net8.0\MultiTenantETL.IntegrationTests.dll" adapterTypeName="executor://xunit/VsTestRunner3/netcore/" className="MultiTenantETL.IntegrationTests.DataWriters.CsvDataWriterTests" name="WriteBatchAsync_ShouldHandleNullValues" />
    </UnitTest>
    <UnitTest name="MultiTenantETL.IntegrationTests.DataReaders.CsvDataReaderTests.TestConnectionAsync_ShouldReturnFalse_WhenFileDoesNotExist" storage="c:\users\emmanuelm\source\repos\learning\multitenantetl\tests\multitenantetl.integrationtests\bin\debug\net8.0\multitenantetl.integrationtests.dll" id="bfc68f2c-40fc-0734-6007-f57274e23add">
      <Execution id="2bde612f-2248-4d3b-8577-334f88a78b80" />
      <TestMethod codeBase="C:\Users\emmanuelm\source\repos\Learning\MultiTenantETL\tests\MultiTenantETL.IntegrationTests\bin\Debug\net8.0\MultiTenantETL.IntegrationTests.dll" adapterTypeName="executor://xunit/VsTestRunner3/netcore/" className="MultiTenantETL.IntegrationTests.DataReaders.CsvDataReaderTests" name="TestConnectionAsync_ShouldReturnFalse_WhenFileDoesNotExist" />
    </UnitTest>
    <UnitTest name="MultiTenantETL.IntegrationTests.DataReaders.CsvDataReaderTests.ReadAsync_ShouldRespectMaxRows" storage="c:\users\emmanuelm\source\repos\learning\multitenantetl\tests\multitenantetl.integrationtests\bin\debug\net8.0\multitenantetl.integrationtests.dll" id="308fb241-ac99-ae55-96b0-4263d5d43827">
      <Execution id="b312862f-536c-4ce5-99a5-a3a2948cfe18" />
      <TestMethod codeBase="C:\Users\emmanuelm\source\repos\Learning\MultiTenantETL\tests\MultiTenantETL.IntegrationTests\bin\Debug\net8.0\MultiTenantETL.IntegrationTests.dll" adapterTypeName="executor://xunit/VsTestRunner3/netcore/" className="MultiTenantETL.IntegrationTests.DataReaders.CsvDataReaderTests" name="ReadAsync_ShouldRespectMaxRows" />
    </UnitTest>
    <UnitTest name="MultiTenantETL.IntegrationTests.DataReaders.PostgreSqlDataReaderTests.ReadAsync_ShouldRespectMaxRows" storage="c:\users\emmanuelm\source\repos\learning\multitenantetl\tests\multitenantetl.integrationtests\bin\debug\net8.0\multitenantetl.integrationtests.dll" id="e7229b9f-8f1d-d5ba-f3cf-f499ca039dc5">
      <Execution id="0aebd230-975c-49dd-be4d-0116cd2e1743" />
      <TestMethod codeBase="C:\Users\emmanuelm\source\repos\Learning\MultiTenantETL\tests\MultiTenantETL.IntegrationTests\bin\Debug\net8.0\MultiTenantETL.IntegrationTests.dll" adapterTypeName="executor://xunit/VsTestRunner3/netcore/" className="MultiTenantETL.IntegrationTests.DataReaders.PostgreSqlDataReaderTests" name="ReadAsync_ShouldRespectMaxRows" />
    </UnitTest>
    <UnitTest name="MultiTenantETL.IntegrationTests.DataReaders.CsvDataReaderTests.TestConnectionAsync_ShouldReturnTrue_WhenFileExists" storage="c:\users\emmanuelm\source\repos\learning\multitenantetl\tests\multitenantetl.integrationtests\bin\debug\net8.0\multitenantetl.integrationtests.dll" id="3ac65b2c-62b2-48e9-a53a-c9c02cd3cf73">
      <Execution id="b23b1500-87bc-44a5-a175-3d81d0a4ae1e" />
      <TestMethod codeBase="C:\Users\emmanuelm\source\repos\Learning\MultiTenantETL\tests\MultiTenantETL.IntegrationTests\bin\Debug\net8.0\MultiTenantETL.IntegrationTests.dll" adapterTypeName="executor://xunit/VsTestRunner3/netcore/" className="MultiTenantETL.IntegrationTests.DataReaders.CsvDataReaderTests" name="TestConnectionAsync_ShouldReturnTrue_WhenFileExists" />
    </UnitTest>
    <UnitTest name="MultiTenantETL.IntegrationTests.DataWriters.CsvDataWriterTests.WriteBatchAsync_ShouldCreateFileWithHeader" storage="c:\users\emmanuelm\source\repos\learning\multitenantetl\tests\multitenantetl.integrationtests\bin\debug\net8.0\multitenantetl.integrationtests.dll" id="a307e76e-7efa-6f4c-59f7-9ad39a1441c1">
      <Execution id="7e9d77a6-eb9c-4abb-9ebd-aeadc48df986" />
      <TestMethod codeBase="C:\Users\emmanuelm\source\repos\Learning\MultiTenantETL\tests\MultiTenantETL.IntegrationTests\bin\Debug\net8.0\MultiTenantETL.IntegrationTests.dll" adapterTypeName="executor://xunit/VsTestRunner3/netcore/" className="MultiTenantETL.IntegrationTests.DataWriters.CsvDataWriterTests" name="WriteBatchAsync_ShouldCreateFileWithHeader" />
    </UnitTest>
    <UnitTest name="MultiTenantETL.IntegrationTests.DataWriters.CsvDataWriterTests.WriteBatchAsync_ShouldHandleEmptyBatch" storage="c:\users\emmanuelm\source\repos\learning\multitenantetl\tests\multitenantetl.integrationtests\bin\debug\net8.0\multitenantetl.integrationtests.dll" id="f899dae1-e299-56f4-0885-e06b61b99a87">
      <Execution id="51788772-7263-48c7-82b4-a9013babbd8c" />
      <TestMethod codeBase="C:\Users\emmanuelm\source\repos\Learning\MultiTenantETL\tests\MultiTenantETL.IntegrationTests\bin\Debug\net8.0\MultiTenantETL.IntegrationTests.dll" adapterTypeName="executor://xunit/VsTestRunner3/netcore/" className="MultiTenantETL.IntegrationTests.DataWriters.CsvDataWriterTests" name="WriteBatchAsync_ShouldHandleEmptyBatch" />
    </UnitTest>
    <UnitTest name="MultiTenantETL.IntegrationTests.DataWriters.PostgreSqlDataWriterTests.WriteBatchAsync_WithUpsert_ShouldUpdateExistingRows" storage="c:\users\emmanuelm\source\repos\learning\multitenantetl\tests\multitenantetl.integrationtests\bin\debug\net8.0\multitenantetl.integrationtests.dll" id="ad4ecd37-9bbb-622a-690b-156d202417f7">
      <Execution id="a6ac70c2-e391-45dc-a40d-48b2d6d29040" />
      <TestMethod codeBase="C:\Users\emmanuelm\source\repos\Learning\MultiTenantETL\tests\MultiTenantETL.IntegrationTests\bin\Debug\net8.0\MultiTenantETL.IntegrationTests.dll" adapterTypeName="executor://xunit/VsTestRunner3/netcore/" className="MultiTenantETL.IntegrationTests.DataWriters.PostgreSqlDataWriterTests" name="WriteBatchAsync_WithUpsert_ShouldUpdateExistingRows" />
    </UnitTest>
    <UnitTest name="MultiTenantETL.IntegrationTests.DataReaders.CsvDataReaderTests.ReadAsync_ShouldHandleCustomDelimiter" storage="c:\users\emmanuelm\source\repos\learning\multitenantetl\tests\multitenantetl.integrationtests\bin\debug\net8.0\multitenantetl.integrationtests.dll" id="da0d90b1-c339-dfff-19dc-0e3809458816">
      <Execution id="16956f00-4494-419f-bec9-a8e83f801b50" />
      <TestMethod codeBase="C:\Users\emmanuelm\source\repos\Learning\MultiTenantETL\tests\MultiTenantETL.IntegrationTests\bin\Debug\net8.0\MultiTenantETL.IntegrationTests.dll" adapterTypeName="executor://xunit/VsTestRunner3/netcore/" className="MultiTenantETL.IntegrationTests.DataReaders.CsvDataReaderTests" name="ReadAsync_ShouldHandleCustomDelimiter" />
    </UnitTest>
  </TestDefinitions>
  <TestEntries>
    <TestEntry testId="bf5f3b4e-543c-797f-9e09-6f860cd6a08f" executionId="57175ab2-264c-4e53-825c-f089a9892e1d" testListId="8c84fa94-04c1-424b-9868-57a2d4851a1d" />
    <TestEntry testId="ce99869e-7662-2d99-c8af-5e418898f3e0" executionId="b931fe0a-9daf-4c93-9104-7d1c59c37eb2" testListId="8c84fa94-04c1-424b-9868-57a2d4851a1d" />
    <TestEntry testId="1c8130c0-0a93-7f5f-622e-1b295f15ac88" executionId="20c3effb-e903-4054-99ef-2500c65dd337" testListId="8c84fa94-04c1-424b-9868-57a2d4851a1d" />
    <TestEntry testId="1fbb97fe-0c18-dfe5-34e8-eb61e71ab59d" executionId="6fbb633e-b619-492d-a057-259b048f3108" testListId="8c84fa94-04c1-424b-9868-57a2d4851a1d" />
    <TestEntry testId="e2c21a6a-793c-970b-7aa7-3a7bb6bb73b7" executionId="bdeac6c2-3300-4898-92b0-8276be8e7607" testListId="8c84fa94-04c1-424b-9868-57a2d4851a1d" />
    <TestEntry testId="f100da22-addd-45ac-ecef-98c82b96bee0" executionId="4a7bc801-eec7-4c3b-9f47-102768deae1c" testListId="8c84fa94-04c1-424b-9868-57a2d4851a1d" />
    <TestEntry testId="b34f5a6f-f3c3-1022-2de9-f52e0b7f76ed" executionId="a203e56c-02a4-4b9c-95cb-12f9b3e3b99d" testListId="8c84fa94-04c1-424b-9868-57a2d4851a1d" />
    <TestEntry testId="a307e76e-7efa-6f4c-59f7-9ad39a1441c1" executionId="7e9d77a6-eb9c-4abb-9ebd-aeadc48df986" testListId="8c84fa94-04c1-424b-9868-57a2d4851a1d" />
    <TestEntry testId="efca755e-1a00-7254-5b16-8d1aae274d96" executionId="d1bec68c-97d1-47f1-9277-c60918d53300" testListId="8c84fa94-04c1-424b-9868-57a2d4851a1d" />
    <TestEntry testId="248e37a3-244e-7667-421c-475d424da830" executionId="48a3e6ef-1ae2-4ddf-ae54-a3666908565e" testListId="8c84fa94-04c1-424b-9868-57a2d4851a1d" />
    <TestEntry testId="3b2fd77f-490c-8a33-61e4-5e67ec38069a" executionId="b34667bc-1ecc-47cb-8e3a-10fd73d7f96b" testListId="8c84fa94-04c1-424b-9868-57a2d4851a1d" />
    <TestEntry testId="77afacd2-9ea0-5913-9687-ea94c6cd46ff" executionId="20238f64-5ea7-442b-84ea-8dbc670f6267" testListId="8c84fa94-04c1-424b-9868-57a2d4851a1d" />
    <TestEntry testId="f899dae1-e299-56f4-0885-e06b61b99a87" executionId="51788772-7263-48c7-82b4-a9013babbd8c" testListId="8c84fa94-04c1-424b-9868-57a2d4851a1d" />
    <TestEntry testId="14fbe186-69da-1d99-9e01-9a79114c828e" executionId="a653e222-d259-4088-b4d6-d9676f15857f" testListId="8c84fa94-04c1-424b-9868-57a2d4851a1d" />
    <TestEntry testId="308fb241-ac99-ae55-96b0-4263d5d43827" executionId="b312862f-536c-4ce5-99a5-a3a2948cfe18" testListId="8c84fa94-04c1-424b-9868-57a2d4851a1d" />
    <TestEntry testId="ad4ecd37-9bbb-622a-690b-156d202417f7" executionId="a6ac70c2-e391-45dc-a40d-48b2d6d29040" testListId="8c84fa94-04c1-424b-9868-57a2d4851a1d" />
    <TestEntry testId="f8f324ed-ff7d-358e-1f11-075df7037228" executionId="aeb3c3d9-a42b-4d9d-b3fa-6c34f196ad2d" testListId="8c84fa94-04c1-424b-9868-57a2d4851a1d" />
    <TestEntry testId="4473f747-f432-4856-da8f-3a347e833483" executionId="ace64493-3cce-409e-ba5b-e9afc522fe17" testListId="8c84fa94-04c1-424b-9868-57a2d4851a1d" />
    <TestEntry testId="3e93f197-c8dd-24f3-9922-4e5ab4377ada" executionId="22fbf90b-2eaa-4cd3-ba05-b5f6d0a54995" testListId="8c84fa94-04c1-424b-9868-57a2d4851a1d" />
    <TestEntry testId="6ffd2313-1be9-d426-2500-85ddf15bb84e" executionId="2a979f63-124a-4af0-a856-e818ffa1e4c8" testListId="8c84fa94-04c1-424b-9868-57a2d4851a1d" />
    <TestEntry testId="8d7c17b6-8293-4fc8-0929-f7f1bca7661d" executionId="d29af822-4c50-4445-b4e5-32fd6c72efae" testListId="8c84fa94-04c1-424b-9868-57a2d4851a1d" />
    <TestEntry testId="e7229b9f-8f1d-d5ba-f3cf-f499ca039dc5" executionId="0aebd230-975c-49dd-be4d-0116cd2e1743" testListId="8c84fa94-04c1-424b-9868-57a2d4851a1d" />
    <TestEntry testId="5abaea39-dabd-4d23-c6ff-8d8fdc3b10b3" executionId="a7b53f2a-61f4-4cf6-81b5-09217555c304" testListId="8c84fa94-04c1-424b-9868-57a2d4851a1d" />
    <TestEntry testId="616e4cf0-1cde-47b0-1790-78b03cb634d6" executionId="375d2e54-517d-4b08-90fb-df79a80fbaa6" testListId="8c84fa94-04c1-424b-9868-57a2d4851a1d" />
    <TestEntry testId="b91acb85-4ed2-1cd0-6eff-7dc1f8671b8c" executionId="4ec116b1-fc40-4126-9e01-e0a1d1ba7da7" testListId="8c84fa94-04c1-424b-9868-57a2d4851a1d" />
    <TestEntry testId="f213ff1f-827f-0c14-2259-e9b2c1f0e79c" executionId="a68ac3fb-d25a-4c58-aa49-6a0cf618cc31" testListId="8c84fa94-04c1-424b-9868-57a2d4851a1d" />
    <TestEntry testId="3ac65b2c-62b2-48e9-a53a-c9c02cd3cf73" executionId="b23b1500-87bc-44a5-a175-3d81d0a4ae1e" testListId="8c84fa94-04c1-424b-9868-57a2d4851a1d" />
    <TestEntry testId="da0d90b1-c339-dfff-19dc-0e3809458816" executionId="16956f00-4494-419f-bec9-a8e83f801b50" testListId="8c84fa94-04c1-424b-9868-57a2d4851a1d" />
    <TestEntry testId="0280f133-7506-6669-8f15-94f0fd900584" executionId="3459744a-9b8d-47cf-a712-55cd598c563b" testListId="8c84fa94-04c1-424b-9868-57a2d4851a1d" />
    <TestEntry testId="900492a5-25cf-265f-f21b-58efb4eca7be" executionId="77a00e2b-1eab-413f-9dab-8c987c5f1b75" testListId="8c84fa94-04c1-424b-9868-57a2d4851a1d" />
    <TestEntry testId="da2c6a12-620f-1dce-ffdb-5d26785c5d9d" executionId="826ba077-6cd2-42df-9037-8dc04077be0d" testListId="8c84fa94-04c1-424b-9868-57a2d4851a1d" />
    <TestEntry testId="5cac4da2-c7fd-ad18-03e1-97f7e8db63c1" executionId="f52f84e9-7322-4cf3-8355-21f724321287" testListId="8c84fa94-04c1-424b-9868-57a2d4851a1d" />
    <TestEntry testId="440ede80-9ab2-6650-6612-67160867aa06" executionId="09acd528-121d-44fe-b090-50c028874f75" testListId="8c84fa94-04c1-424b-9868-57a2d4851a1d" />
    <TestEntry testId="bfc68f2c-40fc-0734-6007-f57274e23add" executionId="2bde612f-2248-4d3b-8577-334f88a78b80" testListId="8c84fa94-04c1-424b-9868-57a2d4851a1d" />
    <TestEntry testId="b266b71e-6927-9fa6-bad7-5c11cf751aff" executionId="6fa1f2cb-fb57-4a86-8820-588178821d62" testListId="8c84fa94-04c1-424b-9868-57a2d4851a1d" />
  </TestEntries>
  <TestLists>
    <TestList name="Results Not in a List" id="8c84fa94-04c1-424b-9868-57a2d4851a1d" />
    <TestList name="All Loaded Results" id="19431567-8539-422a-85d7-44ee4e166bda" />
  </TestLists>
  <ResultSummary outcome="Completed">
    <Counters total="35" executed="35" passed="35" failed="0" error="0" timeout="0" aborted="0" inconclusive="0" passedButRunAborted="0" notRunnable="0" notExecuted="0" disconnected="0" warning="0" completed="0" inProgress="0" pending="0" />
    <Output>
      <StdOut>[xUnit.net 00:00:00.00] xUnit.net VSTest Adapter v3.1.4+50e68bbb8b (64-bit .NET 8.0.22)&#xD;
[xUnit.net 00:00:03.67]   Discovering: MultiTenantETL.IntegrationTests&#xD;
[xUnit.net 00:00:03.70]   Discovered:  MultiTenantETL.IntegrationTests&#xD;
[xUnit.net 00:00:03.71]   Starting:    MultiTenantETL.IntegrationTests&#xD;
     Warning:&#xD;
     The component "Fluent Assertions" is governed by the rules defined in the Xceed License Agreement and&#xD;
     the Xceed Fluent Assertions Community License. You may use Fluent Assertions free of charge for&#xD;
     non-commercial use only. An active subscription is required to use Fluent Assertions for commercial use.&#xD;
     Please contact Xceed Sales mailto:sales@xceed.com to acquire a subscription at a very low cost.&#xD;
     A paid commercial license supports the development and continued increasing support of&#xD;
     Fluent Assertions users under both commercial and community licenses. Help us&#xD;
     keep Fluent Assertions at the forefront of unit testing.&#xD;
     For more information, visit https://xceed.com/products/unit-testing/fluent-assertions/&#xD;
[testcontainers.org 00:00:00.42] Connected to Docker:&#xD;
  Host: npipe://./pipe/docker_engine&#xD;
  Server Version: 28.5.2&#xD;
  Kernel Version: 6.6.87.2-microsoft-standard-WSL2&#xD;
  API Version: 1.51&#xD;
  Operating System: Docker Desktop&#xD;
  Total Memory: 15.47 GB&#xD;
  Labels: &#xD;
    com.docker.desktop.address=npipe://\\.\pipe\docker_cli&#xD;
[testcontainers.org 00:00:00.76] Docker container db1ba4e85ecb created&#xD;
[testcontainers.org 00:00:00.84] Start Docker container db1ba4e85ecb&#xD;
[testcontainers.org 00:00:01.52] Wait for Docker container db1ba4e85ecb to complete readiness checks&#xD;
[testcontainers.org 00:00:01.53] Docker container db1ba4e85ecb ready&#xD;
[testcontainers.org 00:00:03.82] Docker container 7e515c4d2b9b created&#xD;
[testcontainers.org 00:00:03.83] Docker container bb9137238a24 created&#xD;
[testcontainers.org 00:00:03.86] Docker container 7a69632cce99 created&#xD;
[testcontainers.org 00:00:03.88] Start Docker container 7e515c4d2b9b&#xD;
[testcontainers.org 00:00:03.89] Start Docker container bb9137238a24&#xD;
[testcontainers.org 00:00:03.90] Start Docker container 7a69632cce99&#xD;
[testcontainers.org 00:00:04.24] Wait for Docker container 7e515c4d2b9b to complete readiness checks&#xD;
[testcontainers.org 00:00:04.26] Execute "pg_isready --host localhost --dbname postgres --username postgres" at Docker container 7e515c4d2b9b&#xD;
[testcontainers.org 00:00:04.27] Wait for Docker container bb9137238a24 to complete readiness checks&#xD;
[testcontainers.org 00:00:04.29] Execute "pg_isready --host localhost --dbname tenant_isolation_test --username test" at Docker container bb9137238a24&#xD;
[testcontainers.org 00:00:04.33] Wait for Docker container 7a69632cce99 to complete readiness checks&#xD;
[testcontainers.org 00:00:04.35] Execute "pg_isready --host localhost --dbname postgres --username postgres" at Docker container 7a69632cce99&#xD;
[testcontainers.org 00:00:05.41] Execute "pg_isready --host localhost --dbname tenant_isolation_test --username test" at Docker container bb9137238a24&#xD;
[testcontainers.org 00:00:05.41] Execute "pg_isready --host localhost --dbname postgres --username postgres" at Docker container 7e515c4d2b9b&#xD;
[testcontainers.org 00:00:05.46] Execute "pg_isready --host localhost --dbname postgres --username postgres" at Docker container 7a69632cce99&#xD;
[testcontainers.org 00:00:06.54] Execute "pg_isready --host localhost --dbname tenant_isolation_test --username test" at Docker container bb9137238a24&#xD;
[testcontainers.org 00:00:06.54] Execute "pg_isready --host localhost --dbname postgres --username postgres" at Docker container 7e515c4d2b9b&#xD;
[testcontainers.org 00:00:06.59] Execute "pg_isready --host localhost --dbname postgres --username postgres" at Docker container 7a69632cce99&#xD;
[testcontainers.org 00:00:06.70] Docker container 7a69632cce99 ready&#xD;
[testcontainers.org 00:00:06.71] Docker container 7e515c4d2b9b ready&#xD;
[testcontainers.org 00:00:06.71] Docker container bb9137238a24 ready&#xD;
[testcontainers.org 00:00:07.49] Delete Docker container 7a69632cce99&#xD;
[testcontainers.org 00:00:08.08] Docker container feed66cbd084 created&#xD;
[testcontainers.org 00:00:08.09] Start Docker container feed66cbd084&#xD;
[testcontainers.org 00:00:08.36] Wait for Docker container feed66cbd084 to complete readiness checks&#xD;
[testcontainers.org 00:00:08.37] Execute "pg_isready --host localhost --dbname postgres --username postgres" at Docker container feed66cbd084&#xD;
[testcontainers.org 00:00:09.47] Execute "pg_isready --host localhost --dbname postgres --username postgres" at Docker container feed66cbd084&#xD;
[testcontainers.org 00:00:09.76] Delete Docker container bb9137238a24&#xD;
[testcontainers.org 00:00:10.46] Docker container b5b6ecceb97c created&#xD;
[testcontainers.org 00:00:10.48] Start Docker container b5b6ecceb97c&#xD;
[testcontainers.org 00:00:10.58] Execute "pg_isready --host localhost --dbname postgres --username postgres" at Docker container feed66cbd084&#xD;
[testcontainers.org 00:00:10.68] Docker container feed66cbd084 ready&#xD;
[testcontainers.org 00:00:10.81] Wait for Docker container b5b6ecceb97c to complete readiness checks&#xD;
warn: MultiTenantETL.Infrastructure.DataWriters.PostgreSqlDataWriter[0]&#xD;
      Failed to upsert row 0 in batch c9865a1c-2515-4c31-8a9a-70c42b547940&#xD;
      Npgsql.PostgresException (0x80004005): 23505: duplicate key value violates unique constraint "test_users_email_key"&#xD;
      DETAIL: Detail redacted as it may contain sensitive data. Specify 'Include Error Detail' in the connection string to include this information.&#xD;
         at Npgsql.Internal.NpgsqlConnector.ReadMessageLong(Boolean async, DataRowLoadingMode dataRowLoadingMode, Boolean readingNotifications, Boolean isReadingPrependedMessage)&#xD;
         at System.Runtime.CompilerServices.PoolingAsyncValueTaskMethodBuilder`1.StateMachineBox`1.System.Threading.Tasks.Sources.IValueTaskSource&lt;TResult&gt;.GetResult(Int16 token)&#xD;
         at Npgsql.NpgsqlDataReader.NextResult(Boolean async, Boolean isConsuming, CancellationToken cancellationToken)&#xD;
         at Npgsql.NpgsqlDataReader.NextResult(Boolean async, Boolean isConsuming, CancellationToken cancellationToken)&#xD;
         at Npgsql.NpgsqlCommand.ExecuteReader(Boolean async, CommandBehavior behavior, CancellationToken cancellationToken)&#xD;
         at Npgsql.NpgsqlCommand.ExecuteReader(Boolean async, CommandBehavior behavior, CancellationToken cancellationToken)&#xD;
         at Npgsql.NpgsqlCommand.ExecuteNonQuery(Boolean async, CancellationToken cancellationToken)&#xD;
         at MultiTenantETL.Infrastructure.DataWriters.PostgreSqlDataWriter.UpsertBatchAsync(NpgsqlConnection connection, String tableName, ReadBatch batch, WriteOptions options, CancellationToken cancellationToken) in C:\Users\emmanuelm\source\repos\Learning\MultiTenantETL\src\MultiTenantETL.Infrastructure\DataWriters\PostgreSqlDataWriter.cs:line 159&#xD;
         at MultiTenantETL.Infrastructure.DataWriters.PostgreSqlDataWriter.UpsertBatchAsync(NpgsqlConnection connection, String tableName, ReadBatch batch, WriteOptions options, CancellationToken cancellationToken) in C:\Users\emmanuelm\source\repos\Learning\MultiTenantETL\src\MultiTenantETL.Infrastructure\DataWriters\PostgreSqlDataWriter.cs:line 160&#xD;
        Exception data:&#xD;
          Severity: ERROR&#xD;
          SqlState: 23505&#xD;
          MessageText: duplicate key value violates unique constraint "test_users_email_key"&#xD;
          Detail: Detail redacted as it may contain sensitive data. Specify 'Include Error Detail' in the connection string to include this information.&#xD;
          SchemaName: public&#xD;
          TableName: test_users&#xD;
          ConstraintName: test_users_email_key&#xD;
          File: nbtinsert.c&#xD;
          Line: 666&#xD;
          Routine: _bt_check_unique&#xD;
[testcontainers.org 00:00:10.83] Execute "pg_isready --host localhost --dbname tenant_isolation_test --username test" at Docker container b5b6ecceb97c&#xD;
[testcontainers.org 00:00:10.84] Delete Docker container feed66cbd084&#xD;
[testcontainers.org 00:00:11.47] Docker container e7f898ea1871 created&#xD;
[testcontainers.org 00:00:11.48] Start Docker container e7f898ea1871&#xD;
[testcontainers.org 00:00:11.78] Wait for Docker container e7f898ea1871 to complete readiness checks&#xD;
[testcontainers.org 00:00:11.79] Execute "pg_isready --host localhost --dbname postgres --username postgres" at Docker container e7f898ea1871&#xD;
[testcontainers.org 00:00:11.94] Execute "pg_isready --host localhost --dbname tenant_isolation_test --username test" at Docker container b5b6ecceb97c&#xD;
[testcontainers.org 00:00:12.89] Execute "pg_isready --host localhost --dbname postgres --username postgres" at Docker container e7f898ea1871&#xD;
[testcontainers.org 00:00:13.04] Execute "pg_isready --host localhost --dbname tenant_isolation_test --username test" at Docker container b5b6ecceb97c&#xD;
[testcontainers.org 00:00:13.14] Docker container b5b6ecceb97c ready&#xD;
[testcontainers.org 00:00:13.92] Delete Docker container b5b6ecceb97c&#xD;
[testcontainers.org 00:00:14.05] Execute "pg_isready --host localhost --dbname postgres --username postgres" at Docker container e7f898ea1871&#xD;
[testcontainers.org 00:00:14.14] Docker container e7f898ea1871 ready&#xD;
[testcontainers.org 00:00:14.20] Delete Docker container e7f898ea1871&#xD;
[testcontainers.org 00:00:14.64] Docker container 4b59c7b26472 created&#xD;
[testcontainers.org 00:00:14.66] Start Docker container 4b59c7b26472&#xD;
[testcontainers.org 00:00:14.88] Docker container 6d773c42a7dd created&#xD;
[testcontainers.org 00:00:14.90] Start Docker container 6d773c42a7dd&#xD;
[testcontainers.org 00:00:14.97] Wait for Docker container 4b59c7b26472 to complete readiness checks&#xD;
[testcontainers.org 00:00:14.98] Execute "pg_isready --host localhost --dbname tenant_isolation_test --username test" at Docker container 4b59c7b26472&#xD;
[testcontainers.org 00:00:15.21] Wait for Docker container 6d773c42a7dd to complete readiness checks&#xD;
[testcontainers.org 00:00:15.22] Execute "pg_isready --host localhost --dbname postgres --username postgres" at Docker container 6d773c42a7dd&#xD;
[testcontainers.org 00:00:15.65] Delete Docker container 7e515c4d2b9b&#xD;
[testcontainers.org 00:00:16.09] Execute "pg_isready --host localhost --dbname tenant_isolation_test --username test" at Docker container 4b59c7b26472&#xD;
[testcontainers.org 00:00:16.24] Docker container 638e891f4965 created&#xD;
[testcontainers.org 00:00:16.27] Start Docker container 638e891f4965&#xD;
[testcontainers.org 00:00:16.34] Execute "pg_isready --host localhost --dbname postgres --username postgres" at Docker container 6d773c42a7dd&#xD;
[testcontainers.org 00:00:16.52] Wait for Docker container 638e891f4965 to complete readiness checks&#xD;
[testcontainers.org 00:00:16.54] Execute "pg_isready --host localhost --dbname postgres --username postgres" at Docker container 638e891f4965&#xD;
[testcontainers.org 00:00:17.17] Execute "pg_isready --host localhost --dbname tenant_isolation_test --username test" at Docker container 4b59c7b26472&#xD;
[testcontainers.org 00:00:17.28] Docker container 4b59c7b26472 ready&#xD;
[testcontainers.org 00:00:17.42] Execute "pg_isready --host localhost --dbname postgres --username postgres" at Docker container 6d773c42a7dd&#xD;
[testcontainers.org 00:00:17.51] Docker container 6d773c42a7dd ready&#xD;
[testcontainers.org 00:00:17.57] Delete Docker container 6d773c42a7dd&#xD;
[testcontainers.org 00:00:17.62] Execute "pg_isready --host localhost --dbname postgres --username postgres" at Docker container 638e891f4965&#xD;
[testcontainers.org 00:00:17.95] Delete Docker container 4b59c7b26472&#xD;
[testcontainers.org 00:00:18.18] Docker container 17470888fe81 created&#xD;
[testcontainers.org 00:00:18.19] Start Docker container 17470888fe81&#xD;
[testcontainers.org 00:00:18.47] Wait for Docker container 17470888fe81 to complete readiness checks&#xD;
[testcontainers.org 00:00:18.48] Execute "pg_isready --host localhost --dbname postgres --username postgres" at Docker container 17470888fe81&#xD;
[testcontainers.org 00:00:18.73] Execute "pg_isready --host localhost --dbname postgres --username postgres" at Docker container 638e891f4965&#xD;
[testcontainers.org 00:00:18.82] Docker container 638e891f4965 ready&#xD;
[testcontainers.org 00:00:19.58] Execute "pg_isready --host localhost --dbname postgres --username postgres" at Docker container 17470888fe81&#xD;
[testcontainers.org 00:00:20.70] Execute "pg_isready --host localhost --dbname postgres --username postgres" at Docker container 17470888fe81&#xD;
[testcontainers.org 00:00:20.83] Docker container 17470888fe81 ready&#xD;
info: MultiTenantETL.Infrastructure.DataWriters.PostgreSqlDataWriter[0]&#xD;
      Truncating table test_users&#xD;
info: MultiTenantETL.Infrastructure.DataWriters.PostgreSqlDataWriter[0]&#xD;
      Truncating table test_users&#xD;
[testcontainers.org 00:00:20.91] Delete Docker container 17470888fe81&#xD;
[testcontainers.org 00:00:21.62] Docker container cc5aad440796 created&#xD;
[testcontainers.org 00:00:21.65] Start Docker container cc5aad440796&#xD;
[testcontainers.org 00:00:21.93] Wait for Docker container cc5aad440796 to complete readiness checks&#xD;
[testcontainers.org 00:00:21.95] Execute "pg_isready --host localhost --dbname postgres --username postgres" at Docker container cc5aad440796&#xD;
[testcontainers.org 00:00:23.04] Execute "pg_isready --host localhost --dbname postgres --username postgres" at Docker container cc5aad440796&#xD;
[testcontainers.org 00:00:24.18] Execute "pg_isready --host localhost --dbname postgres --username postgres" at Docker container cc5aad440796&#xD;
[testcontainers.org 00:00:24.32] Docker container cc5aad440796 ready&#xD;
[testcontainers.org 00:00:24.36] Delete Docker container cc5aad440796&#xD;
[testcontainers.org 00:00:25.16] Docker container 8ffbb1b2381f created&#xD;
[testcontainers.org 00:00:25.18] Start Docker container 8ffbb1b2381f&#xD;
[testcontainers.org 00:00:25.50] Wait for Docker container 8ffbb1b2381f to complete readiness checks&#xD;
[testcontainers.org 00:00:25.52] Execute "pg_isready --host localhost --dbname postgres --username postgres" at Docker container 8ffbb1b2381f&#xD;
[testcontainers.org 00:00:26.62] Execute "pg_isready --host localhost --dbname postgres --username postgres" at Docker container 8ffbb1b2381f&#xD;
[testcontainers.org 00:00:27.09] Delete Docker container 638e891f4965&#xD;
[testcontainers.org 00:00:27.77] Execute "pg_isready --host localhost --dbname postgres --username postgres" at Docker container 8ffbb1b2381f&#xD;
[testcontainers.org 00:00:27.87] Docker container 8ffbb1b2381f ready&#xD;
[testcontainers.org 00:00:27.91] Docker container 9f107aab9e22 created&#xD;
[testcontainers.org 00:00:27.94] Start Docker container 9f107aab9e22&#xD;
[testcontainers.org 00:00:28.01] Delete Docker container 8ffbb1b2381f&#xD;
[testcontainers.org 00:00:28.31] Wait for Docker container 9f107aab9e22 to complete readiness checks&#xD;
[testcontainers.org 00:00:28.33] Execute "pg_isready --host localhost --dbname postgres --username postgres" at Docker container 9f107aab9e22&#xD;
[testcontainers.org 00:00:29.48] Execute "pg_isready --host localhost --dbname postgres --username postgres" at Docker container 9f107aab9e22&#xD;
[testcontainers.org 00:00:29.63] Docker container 9f107aab9e22 ready&#xD;
fail: MultiTenantETL.Infrastructure.DataReaders.PostgreSqlDataReader[0]&#xD;
      PostgreSQL connection test failed&#xD;
      System.Net.Sockets.SocketException (11001): No such host is known.&#xD;
         at System.Net.NameResolutionPal.ProcessResult(SocketError errorCode, GetAddrInfoExContext* context)&#xD;
         at System.Net.NameResolutionPal.GetAddressInfoExCallback(Int32 error, Int32 bytes, NativeOverlapped* overlapped)&#xD;
      --- End of stack trace from previous location ---&#xD;
         at Npgsql.TaskTimeoutAndCancellation.ExecuteAsync(Func`2 getTaskFunc, NpgsqlTimeout timeout, CancellationToken cancellationToken)&#xD;
         at Npgsql.TaskTimeoutAndCancellation.ExecuteAsync[TResult](Func`2 getTaskFunc, NpgsqlTimeout timeout, CancellationToken cancellationToken)&#xD;
         at Npgsql.Internal.NpgsqlConnector.ConnectAsync(NpgsqlTimeout timeout, CancellationToken cancellationToken)&#xD;
         at Npgsql.Internal.NpgsqlConnector.RawOpen(SslMode sslMode, NpgsqlTimeout timeout, Boolean async, CancellationToken cancellationToken, Boolean isFirstAttempt)&#xD;
         at Npgsql.Internal.NpgsqlConnector.&lt;Open&gt;g__OpenCore|213_1(NpgsqlConnector conn, SslMode sslMode, NpgsqlTimeout timeout, Boolean async, CancellationToken cancellationToken, Boolean isFirstAttempt)&#xD;
         at Npgsql.Internal.NpgsqlConnector.Open(NpgsqlTimeout timeout, Boolean async, CancellationToken cancellationToken)&#xD;
         at Npgsql.PoolingDataSource.OpenNewConnector(NpgsqlConnection conn, NpgsqlTimeout timeout, Boolean async, CancellationToken cancellationToken)&#xD;
         at Npgsql.PoolingDataSource.&lt;Get&gt;g__RentAsync|33_0(NpgsqlConnection conn, NpgsqlTimeout timeout, Boolean async, CancellationToken cancellationToken)&#xD;
         at Npgsql.NpgsqlConnection.&lt;Open&gt;g__OpenAsync|42_0(Boolean async, CancellationToken cancellationToken)&#xD;
         at MultiTenantETL.Infrastructure.DataReaders.PostgreSqlDataReader.TestConnectionAsync(Connector connector, CancellationToken cancellationToken) in C:\Users\emmanuelm\source\repos\Learning\MultiTenantETL\src\MultiTenantETL.Infrastructure\DataReaders\PostgreSqlDataReader.cs:line 90&#xD;
         at MultiTenantETL.Infrastructure.DataReaders.PostgreSqlDataReader.TestConnectionAsync(Connector connector, CancellationToken cancellationToken) in C:\Users\emmanuelm\source\repos\Learning\MultiTenantETL\src\MultiTenantETL.Infrastructure\DataReaders\PostgreSqlDataReader.cs:line 91&#xD;
[testcontainers.org 00:00:40.81] Delete Docker container 9f107aab9e22&#xD;
[testcontainers.org 00:00:41.44] Docker container 85b00af32226 created&#xD;
[testcontainers.org 00:00:41.45] Start Docker container 85b00af32226&#xD;
[testcontainers.org 00:00:41.71] Wait for Docker container 85b00af32226 to complete readiness checks&#xD;
[testcontainers.org 00:00:41.72] Execute "pg_isready --host localhost --dbname postgres --username postgres" at Docker container 85b00af32226&#xD;
[testcontainers.org 00:00:42.82] Execute "pg_isready --host localhost --dbname postgres --username postgres" at Docker container 85b00af32226&#xD;
[testcontainers.org 00:00:43.91] Execute "pg_isready --host localhost --dbname postgres --username postgres" at Docker container 85b00af32226&#xD;
[testcontainers.org 00:00:44.05] Docker container 85b00af32226 ready&#xD;
[testcontainers.org 00:00:51.13] Delete Docker container 85b00af32226&#xD;
[testcontainers.org 00:00:51.81] Docker container c1726eab384b created&#xD;
[testcontainers.org 00:00:51.83] Start Docker container c1726eab384b&#xD;
[testcontainers.org 00:00:52.09] Wait for Docker container c1726eab384b to complete readiness checks&#xD;
[testcontainers.org 00:00:52.11] Execute "pg_isready --host localhost --dbname postgres --username postgres" at Docker container c1726eab384b&#xD;
[testcontainers.org 00:00:53.19] Execute "pg_isready --host localhost --dbname postgres --username postgres" at Docker container c1726eab384b&#xD;
[testcontainers.org 00:00:54.33] Execute "pg_isready --host localhost --dbname postgres --username postgres" at Docker container c1726eab384b&#xD;
[testcontainers.org 00:00:54.44] Docker container c1726eab384b ready&#xD;
[testcontainers.org 00:01:03.92] Delete Docker container c1726eab384b&#xD;
[testcontainers.org 00:01:04.54] Docker container a3633f5cc59d created&#xD;
[testcontainers.org 00:01:04.56] Start Docker container a3633f5cc59d&#xD;
[testcontainers.org 00:01:04.87] Wait for Docker container a3633f5cc59d to complete readiness checks&#xD;
[testcontainers.org 00:01:04.89] Execute "pg_isready --host localhost --dbname postgres --username postgres" at Docker container a3633f5cc59d&#xD;
[testcontainers.org 00:01:06.00] Execute "pg_isready --host localhost --dbname postgres --username postgres" at Docker container a3633f5cc59d&#xD;
[testcontainers.org 00:01:07.12] Execute "pg_isready --host localhost --dbname postgres --username postgres" at Docker container a3633f5cc59d&#xD;
[testcontainers.org 00:01:07.28] Docker container a3633f5cc59d ready&#xD;
[testcontainers.org 00:01:14.32] Delete Docker container a3633f5cc59d&#xD;
[testcontainers.org 00:01:14.91] Docker container 0e605f1c07a9 created&#xD;
[testcontainers.org 00:01:14.93] Start Docker container 0e605f1c07a9&#xD;
[testcontainers.org 00:01:15.25] Wait for Docker container 0e605f1c07a9 to complete readiness checks&#xD;
[testcontainers.org 00:01:15.28] Execute "pg_isready --host localhost --dbname postgres --username postgres" at Docker container 0e605f1c07a9&#xD;
[testcontainers.org 00:01:16.41] Execute "pg_isready --host localhost --dbname postgres --username postgres" at Docker container 0e605f1c07a9&#xD;
[testcontainers.org 00:01:16.53] Docker container 0e605f1c07a9 ready&#xD;
[testcontainers.org 00:01:24.27] Delete Docker container 0e605f1c07a9&#xD;
[xUnit.net 00:01:30.00]   Finished:    MultiTenantETL.IntegrationTests&#xD;
</StdOut>
    </Output>
  </ResultSummary>
</TestRun>