<?xml version="1.0" encoding="utf-8"?>
<TestRun id="8fdab646-ae29-49ff-b6c7-ae2dbb009d99" name="emmanuelm@LAPWINX-DAC203 2025-12-21 07:26:17" runUser="LAPWINX-DAC203\emmanuelm" xmlns="http://microsoft.com/schemas/VisualStudio/TeamTest/2010">
  <Times creation="2025-12-21T07:26:17.7336025-05:00" queuing="2025-12-21T07:26:17.7336030-05:00" start="2025-12-21T07:26:09.6881709-05:00" finish="2025-12-21T07:26:42.8934526-05:00" />
  <TestSettings name="default" id="b61141f2-de89-41d8-a479-a3909a7245fc">
    <Deployment runDeploymentRoot="emmanuelm_LAPWINX-DAC203_2025-12-21_07_26_17" />
  </TestSettings>
  <Results>
    <UnitTestResult executionId="3419b28d-efb1-4c48-80ec-2f68af6e666e" testId="c2993c7c-2597-cc4b-87be-18547af13449" testName="MultiTenantETL.UnitTests.DataReaders.RestApiDataReaderTests.ReadAsync_WithJsonObject_ShouldReturnSingleRow" computerName="LAPWINX-DAC203" duration="00:00:00.7139086" startTime="2025-12-21T07:26:16.9950786-05:00" endTime="2025-12-21T07:26:17.7129353-05:00" testType="13cdc9d9-ddb5-4fa4-a97d-d965ccfc6d4b" outcome="Passed" testListId="8c84fa94-04c1-424b-9868-57a2d4851a1d" relativeResultsDirectory="3419b28d-efb1-4c48-80ec-2f68af6e666e" />
    <UnitTestResult executionId="32d04d25-e382-4aee-96fa-bedb37763e73" testId="62a0f018-1177-9444-841e-a198b8169e8f" testName="MultiTenantETL.UnitTests.DataReaders.OracleDataReaderTests.Constructor_WithNullLogger_ShouldThrowArgumentNullException" computerName="LAPWINX-DAC203" duration="00:00:00.0010906" startTime="2025-12-21T07:26:18.7031724-05:00" endTime="2025-12-21T07:26:18.7040974-05:00" testType="13cdc9d9-ddb5-4fa4-a97d-d965ccfc6d4b" outcome="Passed" testListId="8c84fa94-04c1-424b-9868-57a2d4851a1d" relativeResultsDirectory="32d04d25-e382-4aee-96fa-bedb37763e73" />
    <UnitTestResult executionId="1a0c416f-8f5d-4189-9099-9d95d6bada4b" testId="c1a227e1-b300-dc6e-3914-5f788e2460e8" testName="MultiTenantETL.UnitTests.DataReaders.SftpDataReaderTests.TestConnectionAsync_WithInvalidJsonConfig_ShouldReturnFalse" computerName="LAPWINX-DAC203" duration="00:00:00.0009442" startTime="2025-12-21T07:26:18.3463866-05:00" endTime="2025-12-21T07:26:18.3465429-05:00" testType="13cdc9d9-ddb5-4fa4-a97d-d965ccfc6d4b" outcome="Passed" testListId="8c84fa94-04c1-424b-9868-57a2d4851a1d" relativeResultsDirectory="1a0c416f-8f5d-4189-9099-9d95d6bada4b" />
    <UnitTestResult executionId="62762130-3111-490d-a69c-b27e34066508" testId="d75f52b8-cd30-9c76-8d12-749d5292505c" testName="MultiTenantETL.UnitTests.Services.TenantServiceTests.AddUserToTenantAsync_UserNotFound_ReturnsError" computerName="LAPWINX-DAC203" duration="00:00:00.0050932" startTime="2025-12-21T07:26:19.1801298-05:00" endTime="2025-12-21T07:26:19.1824076-05:00" testType="13cdc9d9-ddb5-4fa4-a97d-d965ccfc6d4b" outcome="Passed" testListId="8c84fa94-04c1-424b-9868-57a2d4851a1d" relativeResultsDirectory="62762130-3111-490d-a69c-b27e34066508" />
    <UnitTestResult executionId="a74c5e58-b1db-45e8-88bf-327018b48f02" testId="581ecd50-e562-7650-cb41-db77f28aa017" testName="MultiTenantETL.UnitTests.DataWriters.S3DataWriterTests.DetermineFormat_WithExplicitFormat_ShouldReturnExplicitFormat" computerName="LAPWINX-DAC203" duration="00:00:00.0007819" startTime="2025-12-21T07:26:19.2442918-05:00" endTime="2025-12-21T07:26:19.2443425-05:00" testType="13cdc9d9-ddb5-4fa4-a97d-d965ccfc6d4b" outcome="Passed" testListId="8c84fa94-04c1-424b-9868-57a2d4851a1d" relativeResultsDirectory="a74c5e58-b1db-45e8-88bf-327018b48f02" />
    <UnitTestResult executionId="56e1677b-cb8a-4eb9-8dfe-989fa0b69b0a" testId="d059a03c-39e1-8877-ceb8-8c67e7da356e" testName="MultiTenantETL.UnitTests.DataReaders.S3DataReaderTests.Constructor_WithNullLogger_ShouldThrowArgumentNullException" computerName="LAPWINX-DAC203" duration="00:00:00.0003579" startTime="2025-12-21T07:26:18.5597958-05:00" endTime="2025-12-21T07:26:18.5599832-05:00" testType="13cdc9d9-ddb5-4fa4-a97d-d965ccfc6d4b" outcome="Passed" testListId="8c84fa94-04c1-424b-9868-57a2d4851a1d" relativeResultsDirectory="56e1677b-cb8a-4eb9-8dfe-989fa0b69b0a" />
    <UnitTestResult executionId="41ec3dc8-9ed6-41d3-84fa-39c9d2460e31" testId="ca55665c-8e95-033d-aabf-fd440d8da514" testName="MultiTenantETL.UnitTests.DataWriters.PostgreSqlDataWriterTests.WriteBatchAsync_WithEmptyBatch_ShouldReturnSuccessResult" computerName="LAPWINX-DAC203" duration="00:00:00.1236433" startTime="2025-12-21T07:26:18.1857965-05:00" endTime="2025-12-21T07:26:18.3122874-05:00" testType="13cdc9d9-ddb5-4fa4-a97d-d965ccfc6d4b" outcome="Passed" testListId="8c84fa94-04c1-424b-9868-57a2d4851a1d" relativeResultsDirectory="41ec3dc8-9ed6-41d3-84fa-39c9d2460e31" />
    <UnitTestResult executionId="108bdb32-460e-48d6-ae9e-71a7efa583a9" testId="ddabaefc-1baf-3bbe-7ace-7b109686af5a" testName="MultiTenantETL.UnitTests.Services.ScheduleServiceTests.ResumeSchedulesForPipelineAsync_NoSchedules_DoesNothing" computerName="LAPWINX-DAC203" duration="00:00:00.0022656" startTime="2025-12-21T07:26:19.3921008-05:00" endTime="2025-12-21T07:26:19.3942006-05:00" testType="13cdc9d9-ddb5-4fa4-a97d-d965ccfc6d4b" outcome="Passed" testListId="8c84fa94-04c1-424b-9868-57a2d4851a1d" relativeResultsDirectory="108bdb32-460e-48d6-ae9e-71a7efa583a9" />
    <UnitTestResult executionId="a913bdce-af94-4818-8e81-0aa01c177def" testId="50fb17bc-bb16-bb5c-9bac-bccb403287c3" testName="MultiTenantETL.UnitTests.Services.ScheduleServiceTests.CreateAsync_ValidInput_CreatesSchedule" computerName="LAPWINX-DAC203" duration="00:00:00.0208294" startTime="2025-12-21T07:26:19.3375747-05:00" endTime="2025-12-21T07:26:19.3592690-05:00" testType="13cdc9d9-ddb5-4fa4-a97d-d965ccfc6d4b" outcome="Passed" testListId="8c84fa94-04c1-424b-9868-57a2d4851a1d" relativeResultsDirectory="a913bdce-af94-4818-8e81-0aa01c177def" />
    <UnitTestResult executionId="f2434ed3-c5c5-4c76-b26a-657913cc70cc" testId="2466190f-fc6b-c50e-2b04-31dd420f364a" testName="MultiTenantETL.UnitTests.DataWriters.OracleDataWriterTests.WriteBatchAsync_WithEmptyBatch_ShouldReturnSuccessResult" computerName="LAPWINX-DAC203" duration="00:00:04.1638475" startTime="2025-12-21T07:26:18.2748810-05:00" endTime="2025-12-21T07:26:22.4362824-05:00" testType="13cdc9d9-ddb5-4fa4-a97d-d965ccfc6d4b" outcome="Passed" testListId="8c84fa94-04c1-424b-9868-57a2d4851a1d" relativeResultsDirectory="f2434ed3-c5c5-4c76-b26a-657913cc70cc" />
    <UnitTestResult executionId="cd421861-04f6-47a8-b0fd-9350b9cd9dac" testId="3a90e990-3871-df30-4185-4cf13a398ecd" testName="MultiTenantETL.UnitTests.DataAccess.Writers.DataWriterFactoryTests.CreateWriter_ApiType_CaseInsensitive_ShouldWork(type: &quot;API&quot;)" computerName="LAPWINX-DAC203" duration="00:00:00.0003085" startTime="2025-12-21T07:26:18.5765796-05:00" endTime="2025-12-21T07:26:18.5766757-05:00" testType="13cdc9d9-ddb5-4fa4-a97d-d965ccfc6d4b" outcome="Passed" testListId="8c84fa94-04c1-424b-9868-57a2d4851a1d" relativeResultsDirectory="cd421861-04f6-47a8-b0fd-9350b9cd9dac" />
    <UnitTestResult executionId="2e95bd32-9757-465c-a231-cda700974db4" testId="81f817d5-ab0c-d244-3c2b-2ebeaa7787f9" testName="MultiTenantETL.UnitTests.Services.ScheduleServiceTests.CreateAsync_ScheduleAlreadyExists_ThrowsInvalidOperationException" computerName="LAPWINX-DAC203" duration="00:00:00.0067069" startTime="2025-12-21T07:26:19.4045943-05:00" endTime="2025-12-21T07:26:19.4113748-05:00" testType="13cdc9d9-ddb5-4fa4-a97d-d965ccfc6d4b" outcome="Passed" testListId="8c84fa94-04c1-424b-9868-57a2d4851a1d" relativeResultsDirectory="2e95bd32-9757-465c-a231-cda700974db4" />
    <UnitTestResult executionId="1586501b-520b-4f8c-9181-654a32bb7dd9" testId="6186c069-c5f3-a8fb-3b9e-ef605bc093ae" testName="MultiTenantETL.UnitTests.DataWriters.JsonLinesDataWriterTests.WriteBatchAsync_WithEmptyBatch_ShouldHandleGracefully" computerName="LAPWINX-DAC203" duration="00:00:00.0068684" startTime="2025-12-21T07:26:18.9025622-05:00" endTime="2025-12-21T07:26:18.9098122-05:00" testType="13cdc9d9-ddb5-4fa4-a97d-d965ccfc6d4b" outcome="Passed" testListId="8c84fa94-04c1-424b-9868-57a2d4851a1d" relativeResultsDirectory="1586501b-520b-4f8c-9181-654a32bb7dd9" />
    <UnitTestResult executionId="0b29ba39-2736-4205-9768-ddb7d4338f68" testId="306c707f-32a7-bf0f-74da-5e5bb0aac9a7" testName="MultiTenantETL.UnitTests.Identity.CurrentUserServiceTenantProviderTests.GetEmail_WithoutHttpContext_ReturnsEmptyString" computerName="LAPWINX-DAC203" duration="00:00:00.0003874" startTime="2025-12-21T07:26:18.4210519-05:00" endTime="2025-12-21T07:26:18.4212424-05:00" testType="13cdc9d9-ddb5-4fa4-a97d-d965ccfc6d4b" outcome="Passed" testListId="8c84fa94-04c1-424b-9868-57a2d4851a1d" relativeResultsDirectory="0b29ba39-2736-4205-9768-ddb7d4338f68" />
    <UnitTestResult executionId="5f617ea8-fdba-4ac0-a7a8-5dd69b9a91ca" testId="00e7920c-c225-58e5-5382-ad632fcf9ca4" testName="MultiTenantETL.UnitTests.DataWriters.RestApiDataWriterTests.Constructor_WithNullLogger_ShouldThrowArgumentNullException" computerName="LAPWINX-DAC203" duration="00:00:00.0057937" startTime="2025-12-21T07:26:18.6129226-05:00" endTime="2025-12-21T07:26:18.6188966-05:00" testType="13cdc9d9-ddb5-4fa4-a97d-d965ccfc6d4b" outcome="Passed" testListId="8c84fa94-04c1-424b-9868-57a2d4851a1d" relativeResultsDirectory="5f617ea8-fdba-4ac0-a7a8-5dd69b9a91ca" />
    <UnitTestResult executionId="6e7dfcb6-b73d-451a-9038-e226edaa20ff" testId="216b8785-6d7b-b4b2-0398-446a3fc36dc4" testName="MultiTenantETL.UnitTests.Identity.CurrentUserServiceTenantProviderTests.HasPermission_WithoutHttpContext_ReturnsFalse" computerName="LAPWINX-DAC203" duration="00:00:00.0005063" startTime="2025-12-21T07:26:18.4214502-05:00" endTime="2025-12-21T07:26:18.4218704-05:00" testType="13cdc9d9-ddb5-4fa4-a97d-d965ccfc6d4b" outcome="Passed" testListId="8c84fa94-04c1-424b-9868-57a2d4851a1d" relativeResultsDirectory="6e7dfcb6-b73d-451a-9038-e226edaa20ff" />
    <UnitTestResult executionId="fa143ad8-903e-4f6b-852c-b41197b9dc8e" testId="54b235a7-98fe-f3eb-b339-627e9fe41de0" testName="MultiTenantETL.UnitTests.DataReaders.MySqlDataReaderTests.ReadAsync_WithCustomQuery_ShouldUseCustomQuery" computerName="LAPWINX-DAC203" duration="00:00:04.0901606" startTime="2025-12-21T07:26:22.2355836-05:00" endTime="2025-12-21T07:26:26.3261939-05:00" testType="13cdc9d9-ddb5-4fa4-a97d-d965ccfc6d4b" outcome="Passed" testListId="8c84fa94-04c1-424b-9868-57a2d4851a1d" relativeResultsDirectory="fa143ad8-903e-4f6b-852c-b41197b9dc8e" />
    <UnitTestResult executionId="c14a474f-ce8e-45ca-a4b8-e93365a805ef" testId="f4767c76-0a68-a81a-4fef-d91a968839af" testName="MultiTenantETL.UnitTests.DataWriters.AzureBlobDataWriterTests.DisposeAsync_WithoutInitializedStream_ShouldCompleteGracefully" computerName="LAPWINX-DAC203" duration="00:00:00.0016264" startTime="2025-12-21T07:26:18.2744823-05:00" endTime="2025-12-21T07:26:18.2749823-05:00" testType="13cdc9d9-ddb5-4fa4-a97d-d965ccfc6d4b" outcome="Passed" testListId="8c84fa94-04c1-424b-9868-57a2d4851a1d" relativeResultsDirectory="c14a474f-ce8e-45ca-a4b8-e93365a805ef" />
    <UnitTestResult executionId="1a7041a7-5ea4-4921-86ff-f7283ecff8f3" testId="9c85e4f2-77e5-28b0-0ad6-8b45655d6845" testName="MultiTenantETL.UnitTests.DataWriters.S3DataWriterTests.WriteBatchAsync_WithMissingRequiredFields_ShouldReturnFailedResult" computerName="LAPWINX-DAC203" duration="00:00:00.0020860" startTime="2025-12-21T07:26:19.2444625-05:00" endTime="2025-12-21T07:26:19.2456338-05:00" testType="13cdc9d9-ddb5-4fa4-a97d-d965ccfc6d4b" outcome="Passed" testListId="8c84fa94-04c1-424b-9868-57a2d4851a1d" relativeResultsDirectory="1a7041a7-5ea4-4921-86ff-f7283ecff8f3" />
    <UnitTestResult executionId="96f92435-ac4f-460b-b1e9-0d3d5f18a615" testId="f5c93bdf-39c3-17d9-bf8f-bae41aef0391" testName="MultiTenantETL.UnitTests.DataReaders.JsonLinesDataReaderTests.DetectSchemaAsync_WithInvalidJson_ShouldReturnError" computerName="LAPWINX-DAC203" duration="00:00:00.0331440" startTime="2025-12-21T07:26:18.2825552-05:00" endTime="2025-12-21T07:26:18.3168064-05:00" testType="13cdc9d9-ddb5-4fa4-a97d-d965ccfc6d4b" outcome="Passed" testListId="8c84fa94-04c1-424b-9868-57a2d4851a1d" relativeResultsDirectory="96f92435-ac4f-460b-b1e9-0d3d5f18a615" />
    <UnitTestResult executionId="d7eebd52-1d23-4d40-b46c-abe60f1e70aa" testId="42378a37-e44b-9d3a-bf63-d386789e79f2" testName="MultiTenantETL.UnitTests.DataReaders.MySqlDataReaderTests.Constructor_WithValidParameters_ShouldCreateInstance" computerName="LAPWINX-DAC203" duration="00:00:00.0002595" startTime="2025-12-21T07:26:30.3935811-05:00" endTime="2025-12-21T07:26:30.3936261-05:00" testType="13cdc9d9-ddb5-4fa4-a97d-d965ccfc6d4b" outcome="Passed" testListId="8c84fa94-04c1-424b-9868-57a2d4851a1d" relativeResultsDirectory="d7eebd52-1d23-4d40-b46c-abe60f1e70aa" />
    <UnitTestResult executionId="777168dd-ff3d-470c-9f2c-db9a08c87098" testId="dcfa8297-b728-0414-d385-56893ffda783" testName="MultiTenantETL.UnitTests.DataReaders.MySqlDataReaderTests.Constructor_WithNullLogger_ShouldThrowArgumentNullException" computerName="LAPWINX-DAC203" duration="00:00:00.0008115" startTime="2025-12-21T07:26:30.3936987-05:00" endTime="2025-12-21T07:26:30.3945654-05:00" testType="13cdc9d9-ddb5-4fa4-a97d-d965ccfc6d4b" outcome="Passed" testListId="8c84fa94-04c1-424b-9868-57a2d4851a1d" relativeResultsDirectory="777168dd-ff3d-470c-9f2c-db9a08c87098" />
    <UnitTestResult executionId="76cecb2b-a501-42ba-9710-8c1c69c09541" testId="dfee3bab-1d7a-30fd-2e61-cac8821fd919" testName="MultiTenantETL.UnitTests.Services.ScheduleServiceTests.EnableAsync_DisabledSchedule_EnablesSchedule" computerName="LAPWINX-DAC203" duration="00:00:00.0033548" startTime="2025-12-21T07:26:19.3732141-05:00" endTime="2025-12-21T07:26:19.3733884-05:00" testType="13cdc9d9-ddb5-4fa4-a97d-d965ccfc6d4b" outcome="Passed" testListId="8c84fa94-04c1-424b-9868-57a2d4851a1d" relativeResultsDirectory="76cecb2b-a501-42ba-9710-8c1c69c09541" />
    <UnitTestResult executionId="b38770dc-19f6-480d-946d-d11560960013" testId="3fb626e6-1a04-5931-48ca-e9cecd3e02f4" testName="MultiTenantETL.UnitTests.Services.EncryptionServiceTests.Encrypt_NullOrEmpty_ReturnsInput(input: null)" computerName="LAPWINX-DAC203" duration="00:00:00.0223275" startTime="2025-12-21T07:26:18.3924339-05:00" endTime="2025-12-21T07:26:18.4144792-05:00" testType="13cdc9d9-ddb5-4fa4-a97d-d965ccfc6d4b" outcome="Passed" testListId="8c84fa94-04c1-424b-9868-57a2d4851a1d" relativeResultsDirectory="b38770dc-19f6-480d-946d-d11560960013" />
    <UnitTestResult executionId="f8d695cb-034e-4f46-845c-f7641186d920" testId="f21c653e-86e0-84e2-615a-61e475a86561" testName="MultiTenantETL.UnitTests.DataWriters.MySqlDataWriterTests.WriteBatchAsync_WithEmptyBatch_ShouldReturnSuccessResult" computerName="LAPWINX-DAC203" duration="00:00:00.0040626" startTime="2025-12-21T07:26:30.5994084-05:00" endTime="2025-12-21T07:26:30.5995225-05:00" testType="13cdc9d9-ddb5-4fa4-a97d-d965ccfc6d4b" outcome="Passed" testListId="8c84fa94-04c1-424b-9868-57a2d4851a1d" relativeResultsDirectory="f8d695cb-034e-4f46-845c-f7641186d920" />
    <UnitTestResult executionId="f56ed7eb-c61f-426f-8d15-d95d89c1fd10" testId="6482fa31-5eb2-3ac9-b088-c29769ef7e7c" testName="MultiTenantETL.UnitTests.DataReaders.SftpDataReaderTests.GetReaderForFormat_WithJsonFormat_ShouldReturnJsonReader" computerName="LAPWINX-DAC203" duration="00:00:00.0002665" startTime="2025-12-21T07:26:18.3634255-05:00" endTime="2025-12-21T07:26:18.3634971-05:00" testType="13cdc9d9-ddb5-4fa4-a97d-d965ccfc6d4b" outcome="Passed" testListId="8c84fa94-04c1-424b-9868-57a2d4851a1d" relativeResultsDirectory="f56ed7eb-c61f-426f-8d15-d95d89c1fd10" />
    <UnitTestResult executionId="946612b8-2437-4935-a9c6-a6f10cbfd815" testId="b11a5b03-49fe-47e0-c131-30bfc833e7d1" testName="MultiTenantETL.UnitTests.DataWriters.CsvDataWriterTests.WriteBatchAsync_WithCustomDelimiter_ShouldUseCustomDelimiter" computerName="LAPWINX-DAC203" duration="00:00:00.0119995" startTime="2025-12-21T07:26:18.2974959-05:00" endTime="2025-12-21T07:26:18.3109169-05:00" testType="13cdc9d9-ddb5-4fa4-a97d-d965ccfc6d4b" outcome="Passed" testListId="8c84fa94-04c1-424b-9868-57a2d4851a1d" relativeResultsDirectory="946612b8-2437-4935-a9c6-a6f10cbfd815" />
    <UnitTestResult executionId="56da6ac8-ef84-4e90-a25d-e38b797bb5df" testId="2afd8660-7f8d-10fb-eaa6-a30b7ec387ad" testName="MultiTenantETL.UnitTests.Services.TenantServiceTests.SwitchUserTenantAsync_RegularUserWithoutAccess_ReturnsError" computerName="LAPWINX-DAC203" duration="00:00:00.0166498" startTime="2025-12-21T07:26:19.2085603-05:00" endTime="2025-12-21T07:26:19.2332238-05:00" testType="13cdc9d9-ddb5-4fa4-a97d-d965ccfc6d4b" outcome="Passed" testListId="8c84fa94-04c1-424b-9868-57a2d4851a1d" relativeResultsDirectory="56da6ac8-ef84-4e90-a25d-e38b797bb5df" />
    <UnitTestResult executionId="e563a937-f33f-4b6f-9845-1646b37fbdaa" testId="f6096ae6-ee83-386e-ebaa-1010789a6b91" testName="MultiTenantETL.UnitTests.DataWriters.OracleDataWriterTests.WriteBatchAsync_WithValidConfig_ShouldAttemptDatabaseOperation" computerName="LAPWINX-DAC203" duration="00:00:04.0800504" startTime="2025-12-21T07:26:30.5803050-05:00" endTime="2025-12-21T07:26:34.6610597-05:00" testType="13cdc9d9-ddb5-4fa4-a97d-d965ccfc6d4b" outcome="Passed" testListId="8c84fa94-04c1-424b-9868-57a2d4851a1d" relativeResultsDirectory="e563a937-f33f-4b6f-9845-1646b37fbdaa" />
    <UnitTestResult executionId="8966a27e-e4ff-4e40-8375-2b3ba7515a62" testId="93b81611-0db7-30d0-7138-1174d9f68665" testName="MultiTenantETL.UnitTests.DataReaders.PostgreSqlDataReaderTests.ReadAsync_WithCancellation_ShouldCancelOperation" computerName="LAPWINX-DAC203" duration="00:00:00.0043651" startTime="2025-12-21T07:26:19.2379099-05:00" endTime="2025-12-21T07:26:19.2405659-05:00" testType="13cdc9d9-ddb5-4fa4-a97d-d965ccfc6d4b" outcome="Passed" testListId="8c84fa94-04c1-424b-9868-57a2d4851a1d" relativeResultsDirectory="8966a27e-e4ff-4e40-8375-2b3ba7515a62" />
    <UnitTestResult executionId="252d192a-19be-402f-930f-c928aadb6447" testId="fb6fb3c2-549f-fb90-7dee-5d5c154c865b" testName="MultiTenantETL.UnitTests.Services.PipelineServiceTests.GetByIdAsync_ExistingPipeline_ReturnsPipeline" computerName="LAPWINX-DAC203" duration="00:00:00.0013979" startTime="2025-12-21T07:26:19.4784939-05:00" endTime="2025-12-21T07:26:19.4797834-05:00" testType="13cdc9d9-ddb5-4fa4-a97d-d965ccfc6d4b" outcome="Passed" testListId="8c84fa94-04c1-424b-9868-57a2d4851a1d" relativeResultsDirectory="252d192a-19be-402f-930f-c928aadb6447" />
    <UnitTestResult executionId="3198a144-7534-48f5-a5f7-9f3ebf743a57" testId="849ea73a-a978-ffef-4abc-ff2cc5f5919a" testName="MultiTenantETL.UnitTests.DataWriters.JsonDataWriterTests.Constructor_WithValidParameters_ShouldCreateInstance" computerName="LAPWINX-DAC203" duration="00:00:00.0013798" startTime="2025-12-21T07:26:18.6062195-05:00" endTime="2025-12-21T07:26:18.6074078-05:00" testType="13cdc9d9-ddb5-4fa4-a97d-d965ccfc6d4b" outcome="Passed" testListId="8c84fa94-04c1-424b-9868-57a2d4851a1d" relativeResultsDirectory="3198a144-7534-48f5-a5f7-9f3ebf743a57" />
    <UnitTestResult executionId="63c9a17c-823b-492e-a7f1-e4d0ff51f355" testId="59d40fbc-9490-d1e8-d31d-525246c13b5e" testName="MultiTenantETL.UnitTests.Services.PipelineServiceTests.CreateAsync_SourceConnectorNotFound_ThrowsKeyNotFoundException" computerName="LAPWINX-DAC203" duration="00:00:00.0031357" startTime="2025-12-21T07:26:19.4083360-05:00" endTime="2025-12-21T07:26:19.4113312-05:00" testType="13cdc9d9-ddb5-4fa4-a97d-d965ccfc6d4b" outcome="Passed" testListId="8c84fa94-04c1-424b-9868-57a2d4851a1d" relativeResultsDirectory="63c9a17c-823b-492e-a7f1-e4d0ff51f355" />
    <UnitTestResult executionId="59a03302-8246-48a9-8604-28095303118f" testId="3e2e2285-28c6-c4db-33a8-bdf55f5468b6" testName="MultiTenantETL.UnitTests.DataReaders.SqlServerDataReaderTests.ReadAsync_WithCustomQuery_ShouldUseCustomQuery" computerName="LAPWINX-DAC203" duration="00:00:00.0027212" startTime="2025-12-21T07:26:42.7683496-05:00" endTime="2025-12-21T07:26:42.7707870-05:00" testType="13cdc9d9-ddb5-4fa4-a97d-d965ccfc6d4b" outcome="Passed" testListId="8c84fa94-04c1-424b-9868-57a2d4851a1d" relativeResultsDirectory="59a03302-8246-48a9-8604-28095303118f" />
    <UnitTestResult executionId="5717661c-3d6e-4141-8231-d499c961bac6" testId="8b514e34-2e98-4ef6-a72f-e32b5077cbf8" testName="MultiTenantETL.UnitTests.Services.PipelineServiceTests.ToggleStatusAsync_WhenDeactivating_PausesSchedules" computerName="LAPWINX-DAC203" duration="00:00:00.0018066" startTime="2025-12-21T07:26:19.3988064-05:00" endTime="2025-12-21T07:26:19.4003300-05:00" testType="13cdc9d9-ddb5-4fa4-a97d-d965ccfc6d4b" outcome="Passed" testListId="8c84fa94-04c1-424b-9868-57a2d4851a1d" relativeResultsDirectory="5717661c-3d6e-4141-8231-d499c961bac6" />
    <UnitTestResult executionId="d72ea551-806c-430c-b6e1-285eaef225d9" testId="aeee0359-bb7f-ad7b-7e7d-a2f4fdad4873" testName="MultiTenantETL.UnitTests.DataWriters.OracleDataWriterTests.WriteBatchAsync_WithTruncateBeforeLoad_ShouldLogTruncation" computerName="LAPWINX-DAC203" duration="00:00:04.0604851" startTime="2025-12-21T07:26:22.4373922-05:00" endTime="2025-12-21T07:26:26.4984308-05:00" testType="13cdc9d9-ddb5-4fa4-a97d-d965ccfc6d4b" outcome="Passed" testListId="8c84fa94-04c1-424b-9868-57a2d4851a1d" relativeResultsDirectory="d72ea551-806c-430c-b6e1-285eaef225d9" />
    <UnitTestResult executionId="4e67e60f-e99c-4092-8c05-29d0f9617bc2" testId="4b4beea2-d462-a4b1-f652-b9dc713bdabd" testName="MultiTenantETL.UnitTests.Services.ClaimsServiceTests.BuildClaimsPrincipalAsync_UserWithTenant_AddsTenantClaims" computerName="LAPWINX-DAC203" duration="00:00:00.0181143" startTime="2025-12-21T07:26:19.1585813-05:00" endTime="2025-12-21T07:26:19.1781430-05:00" testType="13cdc9d9-ddb5-4fa4-a97d-d965ccfc6d4b" outcome="Passed" testListId="8c84fa94-04c1-424b-9868-57a2d4851a1d" relativeResultsDirectory="4e67e60f-e99c-4092-8c05-29d0f9617bc2" />
    <UnitTestResult executionId="e8e4d210-5831-40b3-a5f5-8674cdac08a8" testId="d7e81bfe-8a10-9dd4-d149-b8f687e8103c" testName="MultiTenantETL.UnitTests.DataWriters.S3DataWriterTests.EscapeCsvField_WithSpecialCharacters_ShouldEscapeProperly" computerName="LAPWINX-DAC203" duration="00:00:00.0001199" startTime="2025-12-21T07:26:19.2216970-05:00" endTime="2025-12-21T07:26:19.2217528-05:00" testType="13cdc9d9-ddb5-4fa4-a97d-d965ccfc6d4b" outcome="Passed" testListId="8c84fa94-04c1-424b-9868-57a2d4851a1d" relativeResultsDirectory="e8e4d210-5831-40b3-a5f5-8674cdac08a8" />
    <UnitTestResult executionId="d33bb5e3-722d-432c-8c3a-bab2bec7ad53" testId="c2ae6da4-25fe-1412-bf89-ffb1effc7815" testName="MultiTenantETL.UnitTests.Identity.CurrentUserServiceTenantProviderTests.GetRole_WithoutHttpContext_ReturnsDefaultUserRole" computerName="LAPWINX-DAC203" duration="00:00:00.0004023" startTime="2025-12-21T07:26:18.4196293-05:00" endTime="2025-12-21T07:26:18.4200525-05:00" testType="13cdc9d9-ddb5-4fa4-a97d-d965ccfc6d4b" outcome="Passed" testListId="8c84fa94-04c1-424b-9868-57a2d4851a1d" relativeResultsDirectory="d33bb5e3-722d-432c-8c3a-bab2bec7ad53" />
    <UnitTestResult executionId="523c6699-62a9-4111-8f8b-b734c42a9340" testId="ec95252d-b5ed-5ef4-09d4-0fc06632a831" testName="MultiTenantETL.UnitTests.DataWriters.OracleDataWriterTests.Constructor_WithValidParameters_ShouldCreateInstance" computerName="LAPWINX-DAC203" duration="00:00:00.0002200" startTime="2025-12-21T07:26:22.4364592-05:00" endTime="2025-12-21T07:26:22.4365701-05:00" testType="13cdc9d9-ddb5-4fa4-a97d-d965ccfc6d4b" outcome="Passed" testListId="8c84fa94-04c1-424b-9868-57a2d4851a1d" relativeResultsDirectory="523c6699-62a9-4111-8f8b-b734c42a9340" />
    <UnitTestResult executionId="0929ff7a-c0b6-4283-9efd-eed6abbf8862" testId="d876e962-dc01-73b2-a5d0-00ceb4531e14" testName="MultiTenantETL.UnitTests.Services.ConnectorServiceTests.GetAllAsync_ReturnsConnectorsForTenant" computerName="LAPWINX-DAC203" duration="00:00:00.0155653" startTime="2025-12-21T07:26:19.2019895-05:00" endTime="2025-12-21T07:26:19.2167080-05:00" testType="13cdc9d9-ddb5-4fa4-a97d-d965ccfc6d4b" outcome="Passed" testListId="8c84fa94-04c1-424b-9868-57a2d4851a1d" relativeResultsDirectory="0929ff7a-c0b6-4283-9efd-eed6abbf8862" />
    <UnitTestResult executionId="eaa29889-01f3-4956-8f11-6a9759c890a7" testId="738ba428-e99d-c144-5f6d-19577a64730e" testName="MultiTenantETL.UnitTests.DataReaders.RestApiDataReaderTests.TestConnectionAsync_WithSuccessResponse_ShouldReturnTrue" computerName="LAPWINX-DAC203" duration="00:00:00.0009076" startTime="2025-12-21T07:26:17.9339272-05:00" endTime="2025-12-21T07:26:17.9348045-05:00" testType="13cdc9d9-ddb5-4fa4-a97d-d965ccfc6d4b" outcome="Passed" testListId="8c84fa94-04c1-424b-9868-57a2d4851a1d" relativeResultsDirectory="eaa29889-01f3-4956-8f11-6a9759c890a7" />
    <UnitTestResult executionId="a01075c8-b526-4a84-84b6-a6dc531f6e5c" testId="f67fbe2b-20f1-f0bb-dfcb-86d12fec7bba" testName="MultiTenantETL.UnitTests.Services.EncryptionServiceTests.Decrypt_NullOrEmpty_ReturnsInput(input: &quot;&quot;)" computerName="LAPWINX-DAC203" duration="00:00:00.0206806" startTime="2025-12-21T07:26:18.4326267-05:00" endTime="2025-12-21T07:26:18.4531303-05:00" testType="13cdc9d9-ddb5-4fa4-a97d-d965ccfc6d4b" outcome="Passed" testListId="8c84fa94-04c1-424b-9868-57a2d4851a1d" relativeResultsDirectory="a01075c8-b526-4a84-84b6-a6dc531f6e5c" />
    <UnitTestResult executionId="92b97382-9e22-4940-981d-744ac948b001" testId="49925cdd-df4b-bbb1-a9bc-3f591c51f19b" testName="MultiTenantETL.UnitTests.DataReaders.OracleDataReaderTests.ReadAsync_WithTableNameOnly_ShouldGenerateDefaultQuery" computerName="LAPWINX-DAC203" duration="00:00:00.0026073" startTime="2025-12-21T07:26:18.6914710-05:00" endTime="2025-12-21T07:26:18.6940958-05:00" testType="13cdc9d9-ddb5-4fa4-a97d-d965ccfc6d4b" outcome="Passed" testListId="8c84fa94-04c1-424b-9868-57a2d4851a1d" relativeResultsDirectory="92b97382-9e22-4940-981d-744ac948b001" />
    <UnitTestResult executionId="c00616df-8a9c-4c4b-aa95-1d6ca6b4cc9d" testId="afcbcb66-ab61-66b5-a8c8-864668c9ef84" testName="MultiTenantETL.UnitTests.DataReaders.MySqlDataReaderTests.DetectSchemaAsync_WithInvalidConfig_ShouldReturnErrorResult" computerName="LAPWINX-DAC203" duration="00:00:00.0005768" startTime="2025-12-21T07:26:30.3975094-05:00" endTime="2025-12-21T07:26:30.3980087-05:00" testType="13cdc9d9-ddb5-4fa4-a97d-d965ccfc6d4b" outcome="Passed" testListId="8c84fa94-04c1-424b-9868-57a2d4851a1d" relativeResultsDirectory="c00616df-8a9c-4c4b-aa95-1d6ca6b4cc9d" />
    <UnitTestResult executionId="053a27d8-a0ce-4909-a539-6fa30f86f9d5" testId="dc3c033d-0ce4-344e-ed7d-a5a1fd720ebf" testName="MultiTenantETL.UnitTests.Services.PipelineServiceTests.GetAllAsync_WithoutIsActiveFilter_ReturnsAllPipelines" computerName="LAPWINX-DAC203" duration="00:00:00.0554083" startTime="2025-12-21T07:26:19.4152703-05:00" endTime="2025-12-21T07:26:19.4704855-05:00" testType="13cdc9d9-ddb5-4fa4-a97d-d965ccfc6d4b" outcome="Passed" testListId="8c84fa94-04c1-424b-9868-57a2d4851a1d" relativeResultsDirectory="053a27d8-a0ce-4909-a539-6fa30f86f9d5" />
    <UnitTestResult executionId="1c79ab32-952a-40af-ab67-b7f2538dd759" testId="b254b752-e78f-6ae1-e874-7cd18198adee" testName="MultiTenantETL.UnitTests.Services.ScheduleServiceTests.PauseAndResumeSchedules_RoundTrip_RestoresScheduleState" computerName="LAPWINX-DAC203" duration="00:00:00.0030218" startTime="2025-12-21T07:26:19.3726008-05:00" endTime="2025-12-21T07:26:19.3727815-05:00" testType="13cdc9d9-ddb5-4fa4-a97d-d965ccfc6d4b" outcome="Passed" testListId="8c84fa94-04c1-424b-9868-57a2d4851a1d" relativeResultsDirectory="1c79ab32-952a-40af-ab67-b7f2538dd759" />
    <UnitTestResult executionId="83680843-f119-4a1e-bd79-b2ec8bf3c803" testId="56e26b29-ecec-638f-7ac0-f1a31f8d45a0" testName="MultiTenantETL.UnitTests.Services.TenantServiceTests.UpdateTenantAsync_ValidUpdate_UpdatesTenant" computerName="LAPWINX-DAC203" duration="00:00:00.0009945" startTime="2025-12-21T07:26:19.3285230-05:00" endTime="2025-12-21T07:26:19.3293958-05:00" testType="13cdc9d9-ddb5-4fa4-a97d-d965ccfc6d4b" outcome="Passed" testListId="8c84fa94-04c1-424b-9868-57a2d4851a1d" relativeResultsDirectory="83680843-f119-4a1e-bd79-b2ec8bf3c803" />
    <UnitTestResult executionId="b7a414a2-1b2c-4aac-9fb6-8fedfc9c8847" testId="f674352f-c7f7-78ce-9c48-ff9034a0e043" testName="MultiTenantETL.UnitTests.Services.TenantServiceTests.CreateTenantAsync_ValidInput_CreatesTenant" computerName="LAPWINX-DAC203" duration="00:00:00.0154527" startTime="2025-12-21T07:26:19.2335481-05:00" endTime="2025-12-21T07:26:19.2407720-05:00" testType="13cdc9d9-ddb5-4fa4-a97d-d965ccfc6d4b" outcome="Passed" testListId="8c84fa94-04c1-424b-9868-57a2d4851a1d" relativeResultsDirectory="b7a414a2-1b2c-4aac-9fb6-8fedfc9c8847" />
    <UnitTestResult executionId="fcb41bab-abac-4a13-be30-144b6aeaaeb6" testId="e29b4288-48dd-3665-cd79-524807d45e9d" testName="MultiTenantETL.UnitTests.DataAccess.Writers.DataWriterFactoryTests.CreateWriter_ApiType_CaseInsensitive_ShouldWork(type: &quot;api&quot;)" computerName="LAPWINX-DAC203" duration="00:00:00.0001542" startTime="2025-12-21T07:26:18.5768751-05:00" endTime="2025-12-21T07:26:18.5769449-05:00" testType="13cdc9d9-ddb5-4fa4-a97d-d965ccfc6d4b" outcome="Passed" testListId="8c84fa94-04c1-424b-9868-57a2d4851a1d" relativeResultsDirectory="fcb41bab-abac-4a13-be30-144b6aeaaeb6" />
    <UnitTestResult executionId="7b2ee9cc-2f20-4b6c-abe0-77530f133124" testId="7044045d-d2e9-8cc9-e8f5-06b4d26c903f" testName="MultiTenantETL.UnitTests.DataReaders.S3DataReaderTests.ReadAsync_WithInvalidJsonConfig_ShouldThrowInvalidOperationException" computerName="LAPWINX-DAC203" duration="00:00:00.0016763" startTime="2025-12-21T07:26:18.5570671-05:00" endTime="2025-12-21T07:26:18.5585454-05:00" testType="13cdc9d9-ddb5-4fa4-a97d-d965ccfc6d4b" outcome="Passed" testListId="8c84fa94-04c1-424b-9868-57a2d4851a1d" relativeResultsDirectory="7b2ee9cc-2f20-4b6c-abe0-77530f133124" />
    <UnitTestResult executionId="04ddb927-cb1c-4dd3-95a3-7b7923497fc0" testId="1c50f82c-f08c-6b35-6100-efafc89f1b14" testName="MultiTenantETL.UnitTests.DataReaders.SftpDataReaderTests.Constructor_WithNullLogger_ShouldThrowArgumentNullException" computerName="LAPWINX-DAC203" duration="00:00:00.0017044" startTime="2025-12-21T07:26:18.3496587-05:00" endTime="2025-12-21T07:26:18.3512361-05:00" testType="13cdc9d9-ddb5-4fa4-a97d-d965ccfc6d4b" outcome="Passed" testListId="8c84fa94-04c1-424b-9868-57a2d4851a1d" relativeResultsDirectory="04ddb927-cb1c-4dd3-95a3-7b7923497fc0" />
    <UnitTestResult executionId="78e5d6e1-9791-4689-8368-c1b7d87cd568" testId="ca627cdb-6b01-482e-6dfd-f5935d688f2a" testName="MultiTenantETL.UnitTests.Services.FieldMappingServiceTests.ApplyFieldMappings_WithNullMappings_ReturnsOriginalBatch" computerName="LAPWINX-DAC203" duration="00:00:00.0002092" startTime="2025-12-21T07:26:18.4199681-05:00" endTime="2025-12-21T07:26:18.4203526-05:00" testType="13cdc9d9-ddb5-4fa4-a97d-d965ccfc6d4b" outcome="Passed" testListId="8c84fa94-04c1-424b-9868-57a2d4851a1d" relativeResultsDirectory="78e5d6e1-9791-4689-8368-c1b7d87cd568" />
    <UnitTestResult executionId="2f58fe24-e289-4af8-9cdd-896cba67b4a4" testId="f5be6281-95a7-9172-5a50-4b3e28ab15eb" testName="MultiTenantETL.UnitTests.Services.ClaimsServiceTests.BuildClaimsPrincipalAsync_UserWithMultipleRoles_AddsAllRoles" computerName="LAPWINX-DAC203" duration="00:00:00.0046677" startTime="2025-12-21T07:26:19.1784719-05:00" endTime="2025-12-21T07:26:19.1811992-05:00" testType="13cdc9d9-ddb5-4fa4-a97d-d965ccfc6d4b" outcome="Passed" testListId="8c84fa94-04c1-424b-9868-57a2d4851a1d" relativeResultsDirectory="2f58fe24-e289-4af8-9cdd-896cba67b4a4" />
    <UnitTestResult executionId="8d89bf39-9829-4064-b762-bda356ebf06c" testId="768cc9ea-a049-1fae-a46a-4132b4dd3b42" testName="MultiTenantETL.UnitTests.Services.PipelineServiceTests.UpdateAsync_WithFrontendGeneratedIds_RegeneratesProperGuidIds" computerName="LAPWINX-DAC203" duration="00:00:00.0078293" startTime="2025-12-21T07:26:19.4711769-05:00" endTime="2025-12-21T07:26:19.4783792-05:00" testType="13cdc9d9-ddb5-4fa4-a97d-d965ccfc6d4b" outcome="Passed" testListId="8c84fa94-04c1-424b-9868-57a2d4851a1d" relativeResultsDirectory="8d89bf39-9829-4064-b762-bda356ebf06c" />
    <UnitTestResult executionId="9d1b024e-0eef-4329-8921-16441512ea87" testId="89153c25-97a9-1c2a-f201-759f41af1cc3" testName="MultiTenantETL.UnitTests.Services.ScheduleServiceTests.ValidateCronExpressionAsync_InvalidTimezone_ReturnsInvalidResult" computerName="LAPWINX-DAC203" duration="00:00:00.0008582" startTime="2025-12-21T07:26:19.3944964-05:00" endTime="2025-12-21T07:26:19.3951076-05:00" testType="13cdc9d9-ddb5-4fa4-a97d-d965ccfc6d4b" outcome="Passed" testListId="8c84fa94-04c1-424b-9868-57a2d4851a1d" relativeResultsDirectory="9d1b024e-0eef-4329-8921-16441512ea87" />
    <UnitTestResult executionId="1e5d2374-adce-4c97-bbf6-35a19da24afa" testId="bd6d0e56-ec9a-e2f1-126f-9f336d2fc84a" testName="MultiTenantETL.UnitTests.Services.EncryptionServiceTests.EncryptJsonFields_NullOrEmptyFieldValues_HandlesCorrectly" computerName="LAPWINX-DAC203" duration="00:00:00.0398518" startTime="2025-12-21T07:26:18.3295489-05:00" endTime="2025-12-21T07:26:18.3701215-05:00" testType="13cdc9d9-ddb5-4fa4-a97d-d965ccfc6d4b" outcome="Passed" testListId="8c84fa94-04c1-424b-9868-57a2d4851a1d" relativeResultsDirectory="1e5d2374-adce-4c97-bbf6-35a19da24afa" />
    <UnitTestResult executionId="54981bab-6c5f-420a-b3e0-04621f427bbf" testId="4b455bf0-f78f-ae3e-f374-8ab85089a4c2" testName="MultiTenantETL.UnitTests.DataWriters.JsonDataWriterTests.WriteBatchAsync_WithCancellation_ShouldHandleCancellation" computerName="LAPWINX-DAC203" duration="00:00:00.0045960" startTime="2025-12-21T07:26:18.6077038-05:00" endTime="2025-12-21T07:26:18.6126694-05:00" testType="13cdc9d9-ddb5-4fa4-a97d-d965ccfc6d4b" outcome="Passed" testListId="8c84fa94-04c1-424b-9868-57a2d4851a1d" relativeResultsDirectory="54981bab-6c5f-420a-b3e0-04621f427bbf" />
    <UnitTestResult executionId="12d4e821-85cf-4059-b842-b6412b4ca357" testId="ac766d2e-4858-48ac-be81-7a4ba7ecc0ff" testName="MultiTenantETL.UnitTests.Services.ClaimsServiceTests.BuildClaimsPrincipalAsync_RoleWithNoPermissions_DoesNotAddPermissionClaims" computerName="LAPWINX-DAC203" duration="00:00:00.5657574" startTime="2025-12-21T07:26:18.5892338-05:00" endTime="2025-12-21T07:26:19.1547504-05:00" testType="13cdc9d9-ddb5-4fa4-a97d-d965ccfc6d4b" outcome="Passed" testListId="8c84fa94-04c1-424b-9868-57a2d4851a1d" relativeResultsDirectory="12d4e821-85cf-4059-b842-b6412b4ca357" />
    <UnitTestResult executionId="477d4442-6ea6-4435-9c4a-5944daf86be8" testId="6122543b-3101-84cc-0cf5-168eb6dd01c9" testName="MultiTenantETL.UnitTests.DataAccess.Writers.DataWriterFactoryTests.CreateWriter_FileType_ShouldCallFileFactory" computerName="LAPWINX-DAC203" duration="00:00:00.0019941" startTime="2025-12-21T07:26:18.5739823-05:00" endTime="2025-12-21T07:26:18.5754667-05:00" testType="13cdc9d9-ddb5-4fa4-a97d-d965ccfc6d4b" outcome="Passed" testListId="8c84fa94-04c1-424b-9868-57a2d4851a1d" relativeResultsDirectory="477d4442-6ea6-4435-9c4a-5944daf86be8" />
    <UnitTestResult executionId="54522656-7a56-48e3-8621-35c2a9e0c12e" testId="176e5ad3-50e6-2e25-2d49-893b5a5e4475" testName="MultiTenantETL.UnitTests.DataWriters.JsonDataWriterTests.WriteBatchAsync_WithIndentedTrue_ShouldCreateIndentedJson" computerName="LAPWINX-DAC203" duration="00:00:00.0227388" startTime="2025-12-21T07:26:18.5641788-05:00" endTime="2025-12-21T07:26:18.5872479-05:00" testType="13cdc9d9-ddb5-4fa4-a97d-d965ccfc6d4b" outcome="Passed" testListId="8c84fa94-04c1-424b-9868-57a2d4851a1d" relativeResultsDirectory="54522656-7a56-48e3-8621-35c2a9e0c12e" />
    <UnitTestResult executionId="01a94f2a-59bc-4163-a0cd-962bc6c95da7" testId="f0fc6cae-813f-0e98-b833-f89073b8a3e4" testName="MultiTenantETL.UnitTests.Identity.CurrentUserServiceTenantProviderTests.GetTenantId_WithHttpContextButNoClaim_FallsBackToTenantProvider" computerName="LAPWINX-DAC203" duration="00:00:00.0053554" startTime="2025-12-21T07:26:18.4124834-05:00" endTime="2025-12-21T07:26:18.4168660-05:00" testType="13cdc9d9-ddb5-4fa4-a97d-d965ccfc6d4b" outcome="Passed" testListId="8c84fa94-04c1-424b-9868-57a2d4851a1d" relativeResultsDirectory="01a94f2a-59bc-4163-a0cd-962bc6c95da7" />
    <UnitTestResult executionId="d70e5f93-0816-4cea-b8ba-195bf398d30b" testId="280df561-375a-8430-5042-b2f293bf98d0" testName="MultiTenantETL.UnitTests.Services.PipelineServiceTests.CreateAsync_DestinationConnectorNotFound_ThrowsKeyNotFoundException" computerName="LAPWINX-DAC203" duration="00:00:00.0026666" startTime="2025-12-21T07:26:19.3353800-05:00" endTime="2025-12-21T07:26:19.3369257-05:00" testType="13cdc9d9-ddb5-4fa4-a97d-d965ccfc6d4b" outcome="Passed" testListId="8c84fa94-04c1-424b-9868-57a2d4851a1d" relativeResultsDirectory="d70e5f93-0816-4cea-b8ba-195bf398d30b" />
    <UnitTestResult executionId="a630ef87-b845-4521-97bc-3c8cf6cfa048" testId="7190694c-8671-3117-ea65-bfab6486aa79" testName="MultiTenantETL.UnitTests.DataAccess.Writers.DataWriterFactoryTests.CreateWriter_ApiType_CaseInsensitive_ShouldWork(type: &quot;Api&quot;)" computerName="LAPWINX-DAC203" duration="00:00:00.0008169" startTime="2025-12-21T07:26:18.5757427-05:00" endTime="2025-12-21T07:26:18.5763278-05:00" testType="13cdc9d9-ddb5-4fa4-a97d-d965ccfc6d4b" outcome="Passed" testListId="8c84fa94-04c1-424b-9868-57a2d4851a1d" relativeResultsDirectory="a630ef87-b845-4521-97bc-3c8cf6cfa048" />
    <UnitTestResult executionId="0efbd475-6995-425f-a209-20187928c102" testId="13af5974-c2c2-c986-3343-f9820899b263" testName="MultiTenantETL.UnitTests.DataWriters.FtpDataWriterTests.WriteBatchAsync_MultipleBatches_ShouldAppendToBuffer" computerName="LAPWINX-DAC203" duration="00:00:00.0011180" startTime="2025-12-21T07:26:17.9359081-05:00" endTime="2025-12-21T07:26:17.9363104-05:00" testType="13cdc9d9-ddb5-4fa4-a97d-d965ccfc6d4b" outcome="Passed" testListId="8c84fa94-04c1-424b-9868-57a2d4851a1d" relativeResultsDirectory="0efbd475-6995-425f-a209-20187928c102" />
    <UnitTestResult executionId="f8e5e1cc-1f22-4605-bed3-59f86c2bea9a" testId="21c4cebd-a5b5-afa4-2dc9-046933e09988" testName="MultiTenantETL.UnitTests.DataReaders.JsonDataReaderTests.DetectSchemaAsync_WithInvalidJson_ShouldReturnError" computerName="LAPWINX-DAC203" duration="00:00:00.0056114" startTime="2025-12-21T07:26:18.8463383-05:00" endTime="2025-12-21T07:26:18.8524007-05:00" testType="13cdc9d9-ddb5-4fa4-a97d-d965ccfc6d4b" outcome="Passed" testListId="8c84fa94-04c1-424b-9868-57a2d4851a1d" relativeResultsDirectory="f8e5e1cc-1f22-4605-bed3-59f86c2bea9a" />
    <UnitTestResult executionId="aaaaf009-4a12-4ec3-8529-85fc454a9f4d" testId="b1bfc5eb-9069-1c8e-afbd-951ca0bdc79a" testName="MultiTenantETL.UnitTests.DataReaders.CsvDataReaderTests.DetectSchemaAsync_WithValidCsv_ShouldReturnSchema" computerName="LAPWINX-DAC203" duration="00:00:00.0324772" startTime="2025-12-21T07:26:18.2027998-05:00" endTime="2025-12-21T07:26:18.2359772-05:00" testType="13cdc9d9-ddb5-4fa4-a97d-d965ccfc6d4b" outcome="Passed" testListId="8c84fa94-04c1-424b-9868-57a2d4851a1d" relativeResultsDirectory="aaaaf009-4a12-4ec3-8529-85fc454a9f4d" />
    <UnitTestResult executionId="67356de0-ac4c-4922-8bbb-b9a28a335d7e" testId="46125d58-10a1-ce94-3a5a-b320f6f38b61" testName="MultiTenantETL.UnitTests.DataReaders.JsonDataReaderTests.ReadAsync_WithSingleObject_ShouldReturnSingleRow" computerName="LAPWINX-DAC203" duration="00:00:00.0059506" startTime="2025-12-21T07:26:18.8928610-05:00" endTime="2025-12-21T07:26:18.8976818-05:00" testType="13cdc9d9-ddb5-4fa4-a97d-d965ccfc6d4b" outcome="Passed" testListId="8c84fa94-04c1-424b-9868-57a2d4851a1d" relativeResultsDirectory="67356de0-ac4c-4922-8bbb-b9a28a335d7e" />
    <UnitTestResult executionId="7bc7084f-c7b2-4b20-a84f-b6449f8ed55c" testId="bd6fb3c7-7923-2f87-7254-3a204b7731e3" testName="MultiTenantETL.UnitTests.DataAccess.Writers.DataWriterFactoryTests.CreateWriter_DatabaseType_ShouldCallDatabaseFactory" computerName="LAPWINX-DAC203" duration="00:00:00.0003389" startTime="2025-12-21T07:26:18.5843111-05:00" endTime="2025-12-21T07:26:18.5843898-05:00" testType="13cdc9d9-ddb5-4fa4-a97d-d965ccfc6d4b" outcome="Passed" testListId="8c84fa94-04c1-424b-9868-57a2d4851a1d" relativeResultsDirectory="7bc7084f-c7b2-4b20-a84f-b6449f8ed55c" />
    <UnitTestResult executionId="2b515c8e-f3f1-4f51-95d4-2339dd352454" testId="9280afde-7087-af37-10f6-b01d721b5f69" testName="MultiTenantETL.UnitTests.DataReaders.S3DataReaderTests.ReadAsync_WithFormatFromFileExtension_ShouldDetermineFormatCorrectly" computerName="LAPWINX-DAC203" duration="00:00:00.0585837" startTime="2025-12-21T07:26:18.4964790-05:00" endTime="2025-12-21T07:26:18.5551210-05:00" testType="13cdc9d9-ddb5-4fa4-a97d-d965ccfc6d4b" outcome="Passed" testListId="8c84fa94-04c1-424b-9868-57a2d4851a1d" relativeResultsDirectory="2b515c8e-f3f1-4f51-95d4-2339dd352454" />
    <UnitTestResult executionId="97a46f53-03b9-46cf-b006-7fdd257a70f6" testId="6d999542-700b-5d29-fa89-da830605ebec" testName="MultiTenantETL.UnitTests.Services.TenantServiceTests.GetTenantBySlugAsync_ExistingTenant_ReturnsTenant" computerName="LAPWINX-DAC203" duration="00:00:00.0027131" startTime="2025-12-21T07:26:19.3217562-05:00" endTime="2025-12-21T07:26:19.3243876-05:00" testType="13cdc9d9-ddb5-4fa4-a97d-d965ccfc6d4b" outcome="Passed" testListId="8c84fa94-04c1-424b-9868-57a2d4851a1d" relativeResultsDirectory="97a46f53-03b9-46cf-b006-7fdd257a70f6" />
    <UnitTestResult executionId="4af06402-8a50-4a65-9944-cb9bd74af214" testId="88d71a1b-290b-3544-5477-fdccc52e75fa" testName="MultiTenantETL.UnitTests.DataReaders.SqlServerDataReaderTests.ReadAsync_WithInvalidJsonConfig_ShouldThrowInvalidOperationException" computerName="LAPWINX-DAC203" duration="00:00:00.0017377" startTime="2025-12-21T07:26:18.1715888-05:00" endTime="2025-12-21T07:26:18.1751333-05:00" testType="13cdc9d9-ddb5-4fa4-a97d-d965ccfc6d4b" outcome="Passed" testListId="8c84fa94-04c1-424b-9868-57a2d4851a1d" relativeResultsDirectory="4af06402-8a50-4a65-9944-cb9bd74af214" />
    <UnitTestResult executionId="a79703e7-ce1c-4a8f-8d78-119a28bcd044" testId="e01524d6-f750-cb4b-0341-22fec7246e61" testName="MultiTenantETL.UnitTests.DataReaders.JsonLinesDataReaderTests.ReadAsync_WithValidJsonLines_ShouldReturnMultipleRows" computerName="LAPWINX-DAC203" duration="00:00:00.4617168" startTime="2025-12-21T07:26:17.7210281-05:00" endTime="2025-12-21T07:26:18.1859139-05:00" testType="13cdc9d9-ddb5-4fa4-a97d-d965ccfc6d4b" outcome="Passed" testListId="8c84fa94-04c1-424b-9868-57a2d4851a1d" relativeResultsDirectory="a79703e7-ce1c-4a8f-8d78-119a28bcd044" />
    <UnitTestResult executionId="db3d4ee4-be5c-4e5d-a482-7837b94f2ce3" testId="dbc18ff3-9e90-be3e-18a8-e6b20c499b98" testName="MultiTenantETL.UnitTests.DataWriters.AzureBlobDataWriterTests.WriteBatchAsync_WithExplicitFormat_ShouldUseExplicitFormat" computerName="LAPWINX-DAC203" duration="00:00:00.0028593" startTime="2025-12-21T07:26:18.2689296-05:00" endTime="2025-12-21T07:26:18.2741610-05:00" testType="13cdc9d9-ddb5-4fa4-a97d-d965ccfc6d4b" outcome="Passed" testListId="8c84fa94-04c1-424b-9868-57a2d4851a1d" relativeResultsDirectory="db3d4ee4-be5c-4e5d-a482-7837b94f2ce3" />
    <UnitTestResult executionId="de0e92b7-b876-480e-acd3-1f176c1d49a4" testId="dcd1bf9e-0769-0a08-266c-34db5dffe2d2" testName="MultiTenantETL.UnitTests.Services.ClaimsServiceTests.BuildClaimsPrincipalAsync_SuperAdminWithTenant_UsesSuperAdminPermissions" computerName="LAPWINX-DAC203" duration="00:00:00.0106542" startTime="2025-12-21T07:26:19.1989368-05:00" endTime="2025-12-21T07:26:19.2021562-05:00" testType="13cdc9d9-ddb5-4fa4-a97d-d965ccfc6d4b" outcome="Passed" testListId="8c84fa94-04c1-424b-9868-57a2d4851a1d" relativeResultsDirectory="de0e92b7-b876-480e-acd3-1f176c1d49a4" />
    <UnitTestResult executionId="3426b2b9-24e8-4eb6-8a43-61485f88c6f0" testId="43311a5c-4e79-68c2-4d2e-7c8425e2e2c2" testName="MultiTenantETL.UnitTests.Identity.CurrentUserServiceTenantProviderTests.GetTenantId_WithHttpContextClaims_ReturnsClaimValue" computerName="LAPWINX-DAC203" duration="00:00:00.0009262" startTime="2025-12-21T07:26:18.4170827-05:00" endTime="2025-12-21T07:26:18.4177550-05:00" testType="13cdc9d9-ddb5-4fa4-a97d-d965ccfc6d4b" outcome="Passed" testListId="8c84fa94-04c1-424b-9868-57a2d4851a1d" relativeResultsDirectory="3426b2b9-24e8-4eb6-8a43-61485f88c6f0" />
    <UnitTestResult executionId="827140d2-59a6-4523-a2b8-8a47bf976587" testId="f343396f-5e5d-89c0-34e1-be10dc25b0f6" testName="MultiTenantETL.UnitTests.Services.EncryptionServiceTests.Encrypt_NullOrEmpty_ReturnsInput(input: &quot;&quot;)" computerName="LAPWINX-DAC203" duration="00:00:00.0177824" startTime="2025-12-21T07:26:18.4146938-05:00" endTime="2025-12-21T07:26:18.4323383-05:00" testType="13cdc9d9-ddb5-4fa4-a97d-d965ccfc6d4b" outcome="Passed" testListId="8c84fa94-04c1-424b-9868-57a2d4851a1d" relativeResultsDirectory="827140d2-59a6-4523-a2b8-8a47bf976587" />
    <UnitTestResult executionId="5b53890d-10f8-4d69-9d0c-350750496a4c" testId="5a0bc84c-481e-08a1-2157-247fda9aa381" testName="MultiTenantETL.UnitTests.Services.ScheduleServiceTests.GetByPipelineIdAsync_NoSchedule_ReturnsNull" computerName="LAPWINX-DAC203" duration="00:00:00.0150891" startTime="2025-12-21T07:26:19.3769179-05:00" endTime="2025-12-21T07:26:19.3918077-05:00" testType="13cdc9d9-ddb5-4fa4-a97d-d965ccfc6d4b" outcome="Passed" testListId="8c84fa94-04c1-424b-9868-57a2d4851a1d" relativeResultsDirectory="5b53890d-10f8-4d69-9d0c-350750496a4c" />
    <UnitTestResult executionId="01c3d17c-9b6d-4337-8275-829792b032d4" testId="56174626-8ac0-cbf4-f283-017287d408ff" testName="MultiTenantETL.UnitTests.DataWriters.FtpDataWriterTests.WriteBatchAsync_WithEmptyBatch_ShouldHandleGracefully" computerName="LAPWINX-DAC203" duration="00:00:00.0010367" startTime="2025-12-21T07:26:17.9339018-05:00" endTime="2025-12-21T07:26:17.9350489-05:00" testType="13cdc9d9-ddb5-4fa4-a97d-d965ccfc6d4b" outcome="Passed" testListId="8c84fa94-04c1-424b-9868-57a2d4851a1d" relativeResultsDirectory="01c3d17c-9b6d-4337-8275-829792b032d4" />
    <UnitTestResult executionId="7f7f626f-a966-4ac8-8ef0-ca47c6e93250" testId="84b3bf2b-e495-d98f-2654-8cbda3c71e26" testName="MultiTenantETL.UnitTests.DataWriters.SqlServerDataWriterTests.WriteBatchAsync_WithUpsertAndKeys_ShouldAttemptUpsert" computerName="LAPWINX-DAC203" duration="00:00:24.2950854" startTime="2025-12-21T07:26:18.4704243-05:00" endTime="2025-12-21T07:26:42.7655221-05:00" testType="13cdc9d9-ddb5-4fa4-a97d-d965ccfc6d4b" outcome="Passed" testListId="8c84fa94-04c1-424b-9868-57a2d4851a1d" relativeResultsDirectory="7f7f626f-a966-4ac8-8ef0-ca47c6e93250" />
    <UnitTestResult executionId="5aa03a07-7a67-4a7c-9f1c-19b97439aabc" testId="35d3be65-4a04-5325-8f84-28fe05dd5689" testName="MultiTenantETL.UnitTests.DataReaders.RestApiDataReaderTests.TestConnectionAsync_WithErrorResponse_ShouldReturnFalse" computerName="LAPWINX-DAC203" duration="00:00:00.0009924" startTime="2025-12-21T07:26:17.9365756-05:00" endTime="2025-12-21T07:26:17.9376225-05:00" testType="13cdc9d9-ddb5-4fa4-a97d-d965ccfc6d4b" outcome="Passed" testListId="8c84fa94-04c1-424b-9868-57a2d4851a1d" relativeResultsDirectory="5aa03a07-7a67-4a7c-9f1c-19b97439aabc" />
    <UnitTestResult executionId="a476a0d2-b9b8-435b-9d0e-4f46b5c88a7c" testId="b670d518-08e3-0e91-00ac-c75dfe01899c" testName="MultiTenantETL.UnitTests.DataWriters.MySqlDataWriterTests.WriteBatchAsync_WithLargeBatch_ShouldUseChunking" computerName="LAPWINX-DAC203" duration="00:00:04.0793207" startTime="2025-12-21T07:26:22.4457375-05:00" endTime="2025-12-21T07:26:26.5263188-05:00" testType="13cdc9d9-ddb5-4fa4-a97d-d965ccfc6d4b" outcome="Passed" testListId="8c84fa94-04c1-424b-9868-57a2d4851a1d" relativeResultsDirectory="a476a0d2-b9b8-435b-9d0e-4f46b5c88a7c" />
    <UnitTestResult executionId="09bba465-1935-4775-b623-b8107199204c" testId="e743076b-1e7a-b135-53e8-16f48f2fa006" testName="MultiTenantETL.UnitTests.DataAccess.Readers.DataReaderFactoryTests.CreateReader_ApiType_ShouldCallApiFactory" computerName="LAPWINX-DAC203" duration="00:00:00.0005651" startTime="2025-12-21T07:26:19.2716550-05:00" endTime="2025-12-21T07:26:19.2721965-05:00" testType="13cdc9d9-ddb5-4fa4-a97d-d965ccfc6d4b" outcome="Passed" testListId="8c84fa94-04c1-424b-9868-57a2d4851a1d" relativeResultsDirectory="09bba465-1935-4775-b623-b8107199204c" />
    <UnitTestResult executionId="05a3eeb5-a596-4ebe-9723-947ac2b25842" testId="d5df0125-55d5-e5da-74ff-a1e943a2ab79" testName="MultiTenantETL.UnitTests.Services.TenantServiceTests.GetTenantByIdAsync_ExistingTenant_ReturnsTenant" computerName="LAPWINX-DAC203" duration="00:00:00.0018306" startTime="2025-12-21T07:26:19.1825657-05:00" endTime="2025-12-21T07:26:19.1872059-05:00" testType="13cdc9d9-ddb5-4fa4-a97d-d965ccfc6d4b" outcome="Passed" testListId="8c84fa94-04c1-424b-9868-57a2d4851a1d" relativeResultsDirectory="05a3eeb5-a596-4ebe-9723-947ac2b25842" />
    <UnitTestResult executionId="9b5680d9-c319-41e6-b303-70a7697379c3" testId="55013a68-b56a-5f7c-13d7-a1edf3a059fd" testName="MultiTenantETL.UnitTests.DataWriters.JsonDataWriterTests.WriteBatchAsync_WithEmptyBatch_ShouldHandleGracefully" computerName="LAPWINX-DAC203" duration="00:00:00.0047046" startTime="2025-12-21T07:26:18.5898145-05:00" endTime="2025-12-21T07:26:18.5943892-05:00" testType="13cdc9d9-ddb5-4fa4-a97d-d965ccfc6d4b" outcome="Passed" testListId="8c84fa94-04c1-424b-9868-57a2d4851a1d" relativeResultsDirectory="9b5680d9-c319-41e6-b303-70a7697379c3" />
    <UnitTestResult executionId="82b0d7c0-d973-43dd-a8c1-7a4f2e6007ec" testId="94202380-2fae-259d-9ea4-f9b1606b1a61" testName="MultiTenantETL.UnitTests.DataWriters.PostgreSqlDataWriterTests.Constructor_WithNullLogger_ShouldThrowArgumentNullException" computerName="LAPWINX-DAC203" duration="00:00:00.0016074" startTime="2025-12-21T07:26:18.3709353-05:00" endTime="2025-12-21T07:26:18.3711909-05:00" testType="13cdc9d9-ddb5-4fa4-a97d-d965ccfc6d4b" outcome="Passed" testListId="8c84fa94-04c1-424b-9868-57a2d4851a1d" relativeResultsDirectory="82b0d7c0-d973-43dd-a8c1-7a4f2e6007ec" />
    <UnitTestResult executionId="0c3641aa-5f9d-4f11-b00a-ea4ba75061fe" testId="6958b3ef-85b5-2ef3-0b95-457843e8ce98" testName="MultiTenantETL.UnitTests.Identity.TenantProviderTests.TenantProvider_CanSetBothProperties" computerName="LAPWINX-DAC203" duration="00:00:00.0000946" startTime="2025-12-21T07:26:18.5866101-05:00" endTime="2025-12-21T07:26:18.5867253-05:00" testType="13cdc9d9-ddb5-4fa4-a97d-d965ccfc6d4b" outcome="Passed" testListId="8c84fa94-04c1-424b-9868-57a2d4851a1d" relativeResultsDirectory="0c3641aa-5f9d-4f11-b00a-ea4ba75061fe" />
    <UnitTestResult executionId="ad9cecf0-c9ca-4573-9bb4-f98f7bb4d564" testId="ac268497-878d-3c79-8a1d-f395d90b9caf" testName="MultiTenantETL.UnitTests.DataWriters.JsonLinesDataWriterTests.WriteBatchAsync_WithInvalidJsonConfig_ShouldReturnFailedResult" computerName="LAPWINX-DAC203" duration="00:00:00.0026729" startTime="2025-12-21T07:26:18.9325622-05:00" endTime="2025-12-21T07:26:18.9347685-05:00" testType="13cdc9d9-ddb5-4fa4-a97d-d965ccfc6d4b" outcome="Passed" testListId="8c84fa94-04c1-424b-9868-57a2d4851a1d" relativeResultsDirectory="ad9cecf0-c9ca-4573-9bb4-f98f7bb4d564" />
    <UnitTestResult executionId="9c5d777f-4782-46d8-b0f9-f257d7776f67" testId="76c9afe9-a0d9-bae1-311a-e5da33aebbdd" testName="MultiTenantETL.UnitTests.DataReaders.PostgreSqlDataReaderTests.ReadAsync_WithMissingDatabase_ShouldThrowInvalidOperationException" computerName="LAPWINX-DAC203" duration="00:00:00.0486615" startTime="2025-12-21T07:26:19.2958351-05:00" endTime="2025-12-21T07:26:19.3429692-05:00" testType="13cdc9d9-ddb5-4fa4-a97d-d965ccfc6d4b" outcome="Failed" testListId="8c84fa94-04c1-424b-9868-57a2d4851a1d" relativeResultsDirectory="9c5d777f-4782-46d8-b0f9-f257d7776f67">
      <Output>
        <ErrorInfo>
          <Message>Assert.Throws() Failure: Exception type was not an exact match&#xD;
Expected: typeof(Npgsql.NpgsqlException)&#xD;
Actual:   typeof(Npgsql.PostgresException)&#xD;
---- Npgsql.PostgresException : 28P01: password authentication failed for user "user"</Message>
          <StackTrace>   at MultiTenantETL.UnitTests.DataReaders.PostgreSqlDataReaderTests.ReadAsync_WithMissingDatabase_ShouldThrowInvalidOperationException() in C:\Users\emmanuelm\source\repos\Learning\MultiTenantETL\tests\MultiTenantETL.UnitTests\DataReaders\PostgreSqlDataReaderTests.cs:line 241&#xD;
--- End of stack trace from previous location ---&#xD;
----- Inner Stack Trace -----&#xD;
   at Npgsql.Internal.NpgsqlConnector.ReadMessageLong(Boolean async, DataRowLoadingMode dataRowLoadingMode, Boolean readingNotifications, Boolean isReadingPrependedMessage)&#xD;
   at System.Runtime.CompilerServices.PoolingAsyncValueTaskMethodBuilder`1.StateMachineBox`1.System.Threading.Tasks.Sources.IValueTaskSource&lt;TResult&gt;.GetResult(Int16 token)&#xD;
   at Npgsql.Internal.NpgsqlConnector.AuthenticateSASL(List`1 mechanisms, String username, Boolean async, CancellationToken cancellationToken)&#xD;
   at Npgsql.Internal.NpgsqlConnector.Authenticate(String username, NpgsqlTimeout timeout, Boolean async, CancellationToken cancellationToken)&#xD;
   at Npgsql.Internal.NpgsqlConnector.&lt;Open&gt;g__OpenCore|213_1(NpgsqlConnector conn, SslMode sslMode, NpgsqlTimeout timeout, Boolean async, CancellationToken cancellationToken, Boolean isFirstAttempt)&#xD;
   at Npgsql.Internal.NpgsqlConnector.Open(NpgsqlTimeout timeout, Boolean async, CancellationToken cancellationToken)&#xD;
   at Npgsql.PoolingDataSource.OpenNewConnector(NpgsqlConnection conn, NpgsqlTimeout timeout, Boolean async, CancellationToken cancellationToken)&#xD;
   at Npgsql.PoolingDataSource.&lt;Get&gt;g__RentAsync|33_0(NpgsqlConnection conn, NpgsqlTimeout timeout, Boolean async, CancellationToken cancellationToken)&#xD;
   at Npgsql.NpgsqlConnection.&lt;Open&gt;g__OpenAsync|42_0(Boolean async, CancellationToken cancellationToken)&#xD;
   at MultiTenantETL.Infrastructure.DataReaders.PostgreSqlDataReader.ReadAsync(Connector connector, ReadOptions options, CancellationToken cancellationToken)+MoveNext() in C:\Users\emmanuelm\source\repos\Learning\MultiTenantETL\src\MultiTenantETL.Infrastructure\DataReaders\PostgreSqlDataReader.cs:line 41&#xD;
   at MultiTenantETL.Infrastructure.DataReaders.PostgreSqlDataReader.ReadAsync(Connector connector, ReadOptions options, CancellationToken cancellationToken)+MoveNext() in C:\Users\emmanuelm\source\repos\Learning\MultiTenantETL\src\MultiTenantETL.Infrastructure\DataReaders\PostgreSqlDataReader.cs:line 81&#xD;
   at MultiTenantETL.Infrastructure.DataReaders.PostgreSqlDataReader.ReadAsync(Connector connector, ReadOptions options, CancellationToken cancellationToken)+System.Threading.Tasks.Sources.IValueTaskSource&lt;System.Boolean&gt;.GetResult()&#xD;
   at MultiTenantETL.UnitTests.DataReaders.PostgreSqlDataReaderTests.&lt;&gt;c__DisplayClass13_0.&lt;&lt;ReadAsync_WithMissingDatabase_ShouldThrowInvalidOperationException&gt;b__0&gt;d.MoveNext() in C:\Users\emmanuelm\source\repos\Learning\MultiTenantETL\tests\MultiTenantETL.UnitTests\DataReaders\PostgreSqlDataReaderTests.cs:line 234&#xD;
--- End of stack trace from previous location ---&#xD;
   at MultiTenantETL.UnitTests.DataReaders.PostgreSqlDataReaderTests.&lt;&gt;c__DisplayClass13_0.&lt;&lt;ReadAsync_WithMissingDatabase_ShouldThrowInvalidOperationException&gt;b__0&gt;d.MoveNext() in C:\Users\emmanuelm\source\repos\Learning\MultiTenantETL\tests\MultiTenantETL.UnitTests\DataReaders\PostgreSqlDataReaderTests.cs:line 234&#xD;
--- End of stack trace from previous location ---</StackTrace>
        </ErrorInfo>
      </Output>
    </UnitTestResult>
    <UnitTestResult executionId="020d38c9-b88d-455e-ba95-9073bca953a6" testId="e85158e0-b670-a1af-10b3-93a2a1ee6a46" testName="MultiTenantETL.UnitTests.DataWriters.FtpDataWriterTests.WriteBatchAsync_WithValidCsvConfig_ShouldBufferData" computerName="LAPWINX-DAC203" duration="00:00:00.0027292" startTime="2025-12-21T07:26:17.9264401-05:00" endTime="2025-12-21T07:26:17.9290741-05:00" testType="13cdc9d9-ddb5-4fa4-a97d-d965ccfc6d4b" outcome="Passed" testListId="8c84fa94-04c1-424b-9868-57a2d4851a1d" relativeResultsDirectory="020d38c9-b88d-455e-ba95-9073bca953a6" />
    <UnitTestResult executionId="3298d4a3-810a-4639-afa7-18c202f49b87" testId="fb87111d-11aa-a697-8b15-d86874f3815d" testName="MultiTenantETL.UnitTests.DataReaders.RestApiDataReaderTests.DetectSchemaAsync_WithHttpError_ShouldReturnError" computerName="LAPWINX-DAC203" duration="00:00:00.0023535" startTime="2025-12-21T07:26:17.9377281-05:00" endTime="2025-12-21T07:26:17.9403196-05:00" testType="13cdc9d9-ddb5-4fa4-a97d-d965ccfc6d4b" outcome="Passed" testListId="8c84fa94-04c1-424b-9868-57a2d4851a1d" relativeResultsDirectory="3298d4a3-810a-4639-afa7-18c202f49b87" />
    <UnitTestResult executionId="ef0be8d9-633b-4756-91ea-bfa61fe3905f" testId="70df5f28-857d-0bb5-10c1-6029c66cdc9b" testName="MultiTenantETL.UnitTests.Services.TenantServiceTests.SwitchUserTenantAsync_SuperAdmin_CanSwitchToAnyTenant" computerName="LAPWINX-DAC203" duration="00:00:00.0032482" startTime="2025-12-21T07:26:19.3114420-05:00" endTime="2025-12-21T07:26:19.3147598-05:00" testType="13cdc9d9-ddb5-4fa4-a97d-d965ccfc6d4b" outcome="Passed" testListId="8c84fa94-04c1-424b-9868-57a2d4851a1d" relativeResultsDirectory="ef0be8d9-633b-4756-91ea-bfa61fe3905f" />
    <UnitTestResult executionId="cad82d93-7d6c-43d0-8137-f8bc18d25cc3" testId="5e7573b6-4851-f6ef-17ec-907d1b90d9f6" testName="MultiTenantETL.UnitTests.DataWriters.PostgreSqlDataWriterTests.WriteBatchAsync_WithMissingTableName_ShouldThrowInvalidOperationException" computerName="LAPWINX-DAC203" duration="00:00:00.4676970" startTime="2025-12-21T07:26:17.7155052-05:00" endTime="2025-12-21T07:26:18.1831134-05:00" testType="13cdc9d9-ddb5-4fa4-a97d-d965ccfc6d4b" outcome="Passed" testListId="8c84fa94-04c1-424b-9868-57a2d4851a1d" relativeResultsDirectory="cad82d93-7d6c-43d0-8137-f8bc18d25cc3" />
    <UnitTestResult executionId="cde3e484-d415-465e-bb10-c7a960d15b70" testId="81b194a7-f43f-3adb-5f62-24b6232a28f1" testName="MultiTenantETL.UnitTests.DataReaders.PostgreSqlDataReaderTests.Constructor_WithNullSettings_ShouldThrowArgumentNullException" computerName="LAPWINX-DAC203" duration="00:00:00.0005414" startTime="2025-12-21T07:26:19.0848121-05:00" endTime="2025-12-21T07:26:19.0851462-05:00" testType="13cdc9d9-ddb5-4fa4-a97d-d965ccfc6d4b" outcome="Passed" testListId="8c84fa94-04c1-424b-9868-57a2d4851a1d" relativeResultsDirectory="cde3e484-d415-465e-bb10-c7a960d15b70" />
    <UnitTestResult executionId="2344f27a-5448-45c2-ad31-74e16a8199f2" testId="e117e5c1-39cc-7cce-1157-cf49f4a432d9" testName="MultiTenantETL.UnitTests.DataReaders.SftpDataReaderTests.Constructor_WithNullJsonLinesReader_ShouldThrowArgumentNullException" computerName="LAPWINX-DAC203" duration="00:00:00.0018450" startTime="2025-12-21T07:26:18.3300207-05:00" endTime="2025-12-21T07:26:18.3320374-05:00" testType="13cdc9d9-ddb5-4fa4-a97d-d965ccfc6d4b" outcome="Passed" testListId="8c84fa94-04c1-424b-9868-57a2d4851a1d" relativeResultsDirectory="2344f27a-5448-45c2-ad31-74e16a8199f2" />
    <UnitTestResult executionId="348ef949-ea7b-4521-a7d3-ea7cff35dcad" testId="11ee190f-0211-7e75-a1e7-0cf3458c1bce" testName="MultiTenantETL.UnitTests.DataReaders.MySqlDataReaderTests.TestConnectionAsync_WithValidConfig_ShouldReturnTrue" computerName="LAPWINX-DAC203" duration="00:00:04.0661333" startTime="2025-12-21T07:26:30.3981350-05:00" endTime="2025-12-21T07:26:34.4645802-05:00" testType="13cdc9d9-ddb5-4fa4-a97d-d965ccfc6d4b" outcome="Passed" testListId="8c84fa94-04c1-424b-9868-57a2d4851a1d" relativeResultsDirectory="348ef949-ea7b-4521-a7d3-ea7cff35dcad" />
    <UnitTestResult executionId="031b8a8d-0b8c-4c8d-80b8-dd61c524adc4" testId="b3417be9-0178-559a-da8a-874f8c9ea0db" testName="MultiTenantETL.UnitTests.DataReaders.JsonDataReaderTests.ReadAsync_WithEmptyArray_ShouldReturnEmptyBatch" computerName="LAPWINX-DAC203" duration="00:00:00.0038074" startTime="2025-12-21T07:26:18.7921384-05:00" endTime="2025-12-21T07:26:18.7963877-05:00" testType="13cdc9d9-ddb5-4fa4-a97d-d965ccfc6d4b" outcome="Passed" testListId="8c84fa94-04c1-424b-9868-57a2d4851a1d" relativeResultsDirectory="031b8a8d-0b8c-4c8d-80b8-dd61c524adc4" />
    <UnitTestResult executionId="8a507078-a2aa-4b27-9d87-f1d1c3e68e25" testId="827998af-9df2-0b49-a96e-d29f7d0fa02f" testName="MultiTenantETL.UnitTests.DataWriters.OracleDataWriterTests.Constructor_WithNullLogger_ShouldThrowArgumentNullException" computerName="LAPWINX-DAC203" duration="00:00:00.9344983" startTime="2025-12-21T07:26:16.9951079-05:00" endTime="2025-12-21T07:26:17.9155463-05:00" testType="13cdc9d9-ddb5-4fa4-a97d-d965ccfc6d4b" outcome="Passed" testListId="8c84fa94-04c1-424b-9868-57a2d4851a1d" relativeResultsDirectory="8a507078-a2aa-4b27-9d87-f1d1c3e68e25" />
    <UnitTestResult executionId="6b5953bf-3cd3-4d4d-bf51-20cc147500f7" testId="32877b2d-774e-59ef-edea-b406e94bc71b" testName="MultiTenantETL.UnitTests.Services.PipelineServiceTests.CreateAsync_ValidInput_CreatesPipeline" computerName="LAPWINX-DAC203" duration="00:00:00.0060857" startTime="2025-12-21T07:26:19.2673964-05:00" endTime="2025-12-21T07:26:19.2735318-05:00" testType="13cdc9d9-ddb5-4fa4-a97d-d965ccfc6d4b" outcome="Passed" testListId="8c84fa94-04c1-424b-9868-57a2d4851a1d" relativeResultsDirectory="6b5953bf-3cd3-4d4d-bf51-20cc147500f7" />
    <UnitTestResult executionId="e8999039-ecb5-411b-9d94-1f63ee34addc" testId="22fcb4ac-ebba-9ba7-cf71-8a19c134c7db" testName="MultiTenantETL.UnitTests.DataReaders.FtpDataReaderTests.ReadAsync_WithMissingRequiredFields_ShouldThrowInvalidOperationException" computerName="LAPWINX-DAC203" duration="00:00:00.0033469" startTime="2025-12-21T07:26:18.4753308-05:00" endTime="2025-12-21T07:26:18.4785271-05:00" testType="13cdc9d9-ddb5-4fa4-a97d-d965ccfc6d4b" outcome="Passed" testListId="8c84fa94-04c1-424b-9868-57a2d4851a1d" relativeResultsDirectory="e8999039-ecb5-411b-9d94-1f63ee34addc" />
    <UnitTestResult executionId="9a23f360-3a2e-430a-8d69-2168529e929a" testId="7c3964eb-3f0f-8e57-76a9-18352380fe30" testName="MultiTenantETL.UnitTests.Services.ScheduleServiceTests.GetByIdAsync_NonExistentSchedule_ThrowsKeyNotFoundException" computerName="LAPWINX-DAC203" duration="00:00:00.0015759" startTime="2025-12-21T07:26:19.3752666-05:00" endTime="2025-12-21T07:26:19.3766773-05:00" testType="13cdc9d9-ddb5-4fa4-a97d-d965ccfc6d4b" outcome="Passed" testListId="8c84fa94-04c1-424b-9868-57a2d4851a1d" relativeResultsDirectory="9a23f360-3a2e-430a-8d69-2168529e929a" />
    <UnitTestResult executionId="4873a047-58c9-4b2c-8ead-673de328a902" testId="c506559c-c921-78cf-9025-a26013f150f7" testName="MultiTenantETL.UnitTests.DataWriters.S3DataWriterTests.Constructor_WithNullLogger_ShouldThrowArgumentNullException" computerName="LAPWINX-DAC203" duration="00:00:00.0009871" startTime="2025-12-21T07:26:19.2203426-05:00" endTime="2025-12-21T07:26:19.2211031-05:00" testType="13cdc9d9-ddb5-4fa4-a97d-d965ccfc6d4b" outcome="Passed" testListId="8c84fa94-04c1-424b-9868-57a2d4851a1d" relativeResultsDirectory="4873a047-58c9-4b2c-8ead-673de328a902" />
    <UnitTestResult executionId="8c2308b9-9bf3-4016-bec2-5c3aa653cb61" testId="aa860361-a233-f9bb-2ea3-830203fd47e5" testName="MultiTenantETL.UnitTests.DataReaders.JsonLinesDataReaderTests.ReadAsync_WithInvalidJson_ShouldThrowException" computerName="LAPWINX-DAC203" duration="00:00:00.0061561" startTime="2025-12-21T07:26:18.3769415-05:00" endTime="2025-12-21T07:26:18.3833050-05:00" testType="13cdc9d9-ddb5-4fa4-a97d-d965ccfc6d4b" outcome="Passed" testListId="8c84fa94-04c1-424b-9868-57a2d4851a1d" relativeResultsDirectory="8c2308b9-9bf3-4016-bec2-5c3aa653cb61" />
    <UnitTestResult executionId="c1b2f27f-4b11-473f-8078-02700e20b783" testId="51ac4190-82c1-e703-ea57-f86941672749" testName="MultiTenantETL.UnitTests.Services.ScheduleServiceTests.DisableAsync_EnabledSchedule_DisablesSchedule" computerName="LAPWINX-DAC203" duration="00:00:00.0032261" startTime="2025-12-21T07:26:19.4471386-05:00" endTime="2025-12-21T07:26:19.4501137-05:00" testType="13cdc9d9-ddb5-4fa4-a97d-d965ccfc6d4b" outcome="Passed" testListId="8c84fa94-04c1-424b-9868-57a2d4851a1d" relativeResultsDirectory="c1b2f27f-4b11-473f-8078-02700e20b783" />
    <UnitTestResult executionId="82b7e3c3-dd78-45c9-8db8-09456892e8c6" testId="955216b5-a420-aedf-d27e-964b8f729684" testName="MultiTenantETL.UnitTests.DataReaders.OracleDataReaderTests.ReadAsync_WithCancellation_ShouldHandleCancellationGracefully" computerName="LAPWINX-DAC203" duration="00:00:00.0006011" startTime="2025-12-21T07:26:18.7022809-05:00" endTime="2025-12-21T07:26:18.7028895-05:00" testType="13cdc9d9-ddb5-4fa4-a97d-d965ccfc6d4b" outcome="Passed" testListId="8c84fa94-04c1-424b-9868-57a2d4851a1d" relativeResultsDirectory="82b7e3c3-dd78-45c9-8db8-09456892e8c6" />
    <UnitTestResult executionId="cfe0e7dc-b288-43d0-8e18-9b53dc683dfc" testId="6c91e290-b50d-380a-4c71-ab15714d7358" testName="MultiTenantETL.UnitTests.Services.PipelineServiceTests.UpdateAsync_ValidInput_UpdatesPipeline" computerName="LAPWINX-DAC203" duration="00:00:00.0018873" startTime="2025-12-21T07:26:19.4798783-05:00" endTime="2025-12-21T07:26:19.4817688-05:00" testType="13cdc9d9-ddb5-4fa4-a97d-d965ccfc6d4b" outcome="Passed" testListId="8c84fa94-04c1-424b-9868-57a2d4851a1d" relativeResultsDirectory="cfe0e7dc-b288-43d0-8e18-9b53dc683dfc" />
    <UnitTestResult executionId="276f81b0-9459-443b-bdb0-ff581a948d3b" testId="35bc8570-7e3b-e20e-9baa-b0cc83da5479" testName="MultiTenantETL.UnitTests.DataReaders.FtpDataReaderTests.DetectSchemaAsync_WithValidConfig_ShouldAttemptSchemaDetection" computerName="LAPWINX-DAC203" duration="00:00:00.0064523" startTime="2025-12-21T07:26:18.4850936-05:00" endTime="2025-12-21T07:26:18.4919719-05:00" testType="13cdc9d9-ddb5-4fa4-a97d-d965ccfc6d4b" outcome="Passed" testListId="8c84fa94-04c1-424b-9868-57a2d4851a1d" relativeResultsDirectory="276f81b0-9459-443b-bdb0-ff581a948d3b" />
    <UnitTestResult executionId="3daadb21-8718-4bc4-84cf-cdea5a7c5619" testId="7029aea3-5afc-1973-944a-f04c2da1d23c" testName="MultiTenantETL.UnitTests.DataReaders.JsonDataReaderTests.DetectSchemaAsync_WithSingleObject_ShouldReturnSchema" computerName="LAPWINX-DAC203" duration="00:00:00.0269353" startTime="2025-12-21T07:26:18.7650070-05:00" endTime="2025-12-21T07:26:18.7919887-05:00" testType="13cdc9d9-ddb5-4fa4-a97d-d965ccfc6d4b" outcome="Passed" testListId="8c84fa94-04c1-424b-9868-57a2d4851a1d" relativeResultsDirectory="3daadb21-8718-4bc4-84cf-cdea5a7c5619" />
    <UnitTestResult executionId="2743b14f-451c-4e49-819e-b8a3fb253473" testId="9ea3110b-1a6d-17fc-52b9-c8b6fcdbfa54" testName="MultiTenantETL.UnitTests.DataReaders.FtpDataReaderTests.TestConnectionAsync_WithInvalidJsonConfig_ShouldReturnFalse" computerName="LAPWINX-DAC203" duration="00:00:00.0031166" startTime="2025-12-21T07:26:18.4745592-05:00" endTime="2025-12-21T07:26:18.4747319-05:00" testType="13cdc9d9-ddb5-4fa4-a97d-d965ccfc6d4b" outcome="Passed" testListId="8c84fa94-04c1-424b-9868-57a2d4851a1d" relativeResultsDirectory="2743b14f-451c-4e49-819e-b8a3fb253473" />
    <UnitTestResult executionId="252e0163-c8cf-421d-9d80-dddd56a4868a" testId="0fce6d8a-ccd2-b5ba-1a4f-33ace0e3fabb" testName="MultiTenantETL.UnitTests.DataWriters.RestApiDataWriterTests.WriteBatchAsync_WithBatchEndpointAndValidResponse_ShouldReturnSuccess" computerName="LAPWINX-DAC203" duration="00:00:00.0017546" startTime="2025-12-21T07:26:18.6257269-05:00" endTime="2025-12-21T07:26:18.6272681-05:00" testType="13cdc9d9-ddb5-4fa4-a97d-d965ccfc6d4b" outcome="Passed" testListId="8c84fa94-04c1-424b-9868-57a2d4851a1d" relativeResultsDirectory="252e0163-c8cf-421d-9d80-dddd56a4868a" />
    <UnitTestResult executionId="dc41e606-1f89-4bfd-b845-cfc2f18875b0" testId="ce07f8ba-9173-14bc-ced6-6becda882735" testName="MultiTenantETL.UnitTests.DataReaders.MySqlDataReaderTests.TestConnectionAsync_WithInvalidConfig_ShouldReturnFalse" computerName="LAPWINX-DAC203" duration="00:00:00.0016350" startTime="2025-12-21T07:26:30.3947185-05:00" endTime="2025-12-21T07:26:30.3962914-05:00" testType="13cdc9d9-ddb5-4fa4-a97d-d965ccfc6d4b" outcome="Passed" testListId="8c84fa94-04c1-424b-9868-57a2d4851a1d" relativeResultsDirectory="dc41e606-1f89-4bfd-b845-cfc2f18875b0" />
    <UnitTestResult executionId="7890d98e-c8d9-4891-9c1c-f1d3c4efd297" testId="2071e920-157d-5d44-a885-790f7ac2ad92" testName="MultiTenantETL.UnitTests.DataWriters.FtpDataWriterTests.Constructor_WithNullLogger_ShouldThrowArgumentNullException" computerName="LAPWINX-DAC203" duration="00:00:00.0011804" startTime="2025-12-21T07:26:18.2635050-05:00" endTime="2025-12-21T07:26:18.2641410-05:00" testType="13cdc9d9-ddb5-4fa4-a97d-d965ccfc6d4b" outcome="Passed" testListId="8c84fa94-04c1-424b-9868-57a2d4851a1d" relativeResultsDirectory="7890d98e-c8d9-4891-9c1c-f1d3c4efd297" />
    <UnitTestResult executionId="a487f6b3-c871-49ea-83e3-20957c506341" testId="fd6b4c97-ff6e-a703-6236-5bebd99a1c44" testName="MultiTenantETL.UnitTests.DataReaders.FtpDataReaderTests.Constructor_WithNullJsonReader_ShouldThrowArgumentNullException" computerName="LAPWINX-DAC203" duration="00:00:00.0008303" startTime="2025-12-21T07:26:18.4714238-05:00" endTime="2025-12-21T07:26:18.4724345-05:00" testType="13cdc9d9-ddb5-4fa4-a97d-d965ccfc6d4b" outcome="Passed" testListId="8c84fa94-04c1-424b-9868-57a2d4851a1d" relativeResultsDirectory="a487f6b3-c871-49ea-83e3-20957c506341" />
    <UnitTestResult executionId="58489519-7eab-49ec-8db6-1cc0d9ad7e54" testId="47b92ae5-25ff-171d-09fa-a90ec65926be" testName="MultiTenantETL.UnitTests.DataReaders.JsonLinesDataReaderTests.ReadAsync_WithEmptyLines_ShouldSkipEmptyLines" computerName="LAPWINX-DAC203" duration="00:00:00.0333851" startTime="2025-12-21T07:26:18.3171112-05:00" endTime="2025-12-21T07:26:18.3526588-05:00" testType="13cdc9d9-ddb5-4fa4-a97d-d965ccfc6d4b" outcome="Passed" testListId="8c84fa94-04c1-424b-9868-57a2d4851a1d" relativeResultsDirectory="58489519-7eab-49ec-8db6-1cc0d9ad7e54" />
    <UnitTestResult executionId="612e5edf-8595-41e4-8135-4b7e8b7128b3" testId="7fb7a4b8-7f30-d7cf-0006-2cdab2230518" testName="MultiTenantETL.UnitTests.Identity.CurrentUserServiceTenantProviderTests.IsInRole_WithoutHttpContext_ReturnsFalse" computerName="LAPWINX-DAC203" duration="00:00:00.0003646" startTime="2025-12-21T07:26:18.4237495-05:00" endTime="2025-12-21T07:26:18.4238390-05:00" testType="13cdc9d9-ddb5-4fa4-a97d-d965ccfc6d4b" outcome="Passed" testListId="8c84fa94-04c1-424b-9868-57a2d4851a1d" relativeResultsDirectory="612e5edf-8595-41e4-8135-4b7e8b7128b3" />
    <UnitTestResult executionId="c36bb4e4-0273-448f-85fa-97fedc5fe2a8" testId="a36581b7-ea84-7d21-2754-c5b07436dc93" testName="MultiTenantETL.UnitTests.DataWriters.PostgreSqlDataWriterTests.WriteBatchAsync_WithTruncateBeforeLoad_ShouldLogTruncation" computerName="LAPWINX-DAC203" duration="00:00:00.0476219" startTime="2025-12-21T07:26:18.3208889-05:00" endTime="2025-12-21T07:26:18.3706865-05:00" testType="13cdc9d9-ddb5-4fa4-a97d-d965ccfc6d4b" outcome="Passed" testListId="8c84fa94-04c1-424b-9868-57a2d4851a1d" relativeResultsDirectory="c36bb4e4-0273-448f-85fa-97fedc5fe2a8" />
    <UnitTestResult executionId="2b9c2d3a-00d9-4e56-afd0-e2114a7298af" testId="c7477d47-0131-b41b-a537-933734cb3e77" testName="MultiTenantETL.UnitTests.Services.FieldMappingServiceTests.ApplyFieldMappings_WithMultipleSourceFields_CombinesFieldsCorrectly" computerName="LAPWINX-DAC203" duration="00:00:00.0004019" startTime="2025-12-21T07:26:18.4176700-05:00" endTime="2025-12-21T07:26:18.4180479-05:00" testType="13cdc9d9-ddb5-4fa4-a97d-d965ccfc6d4b" outcome="Passed" testListId="8c84fa94-04c1-424b-9868-57a2d4851a1d" relativeResultsDirectory="2b9c2d3a-00d9-4e56-afd0-e2114a7298af" />
    <UnitTestResult executionId="2af44d2f-c6f1-4bd5-9605-84e7583e2220" testId="40df19af-4950-34bc-8caf-012d96075e53" testName="MultiTenantETL.UnitTests.DataWriters.S3DataWriterTests.WriteBatchAsync_WithValidCsvConfig_ShouldInitializeStreamAndBufferData" computerName="LAPWINX-DAC203" duration="00:00:00.0025542" startTime="2025-12-21T07:26:19.2405160-05:00" endTime="2025-12-21T07:26:19.2406642-05:00" testType="13cdc9d9-ddb5-4fa4-a97d-d965ccfc6d4b" outcome="Passed" testListId="8c84fa94-04c1-424b-9868-57a2d4851a1d" relativeResultsDirectory="2af44d2f-c6f1-4bd5-9605-84e7583e2220" />
    <UnitTestResult executionId="1739b0cd-a8f9-4b8e-9350-78be6c935e3a" testId="ef820975-52f0-ca08-b789-d18645de38ad" testName="MultiTenantETL.UnitTests.Services.PipelineServiceTests.ToggleStatusAsync_TogglesIsActive" computerName="LAPWINX-DAC203" duration="00:00:00.0046499" startTime="2025-12-21T07:26:19.4005604-05:00" endTime="2025-12-21T07:26:19.4080003-05:00" testType="13cdc9d9-ddb5-4fa4-a97d-d965ccfc6d4b" outcome="Passed" testListId="8c84fa94-04c1-424b-9868-57a2d4851a1d" relativeResultsDirectory="1739b0cd-a8f9-4b8e-9350-78be6c935e3a" />
    <UnitTestResult executionId="e975efb4-0fb7-4e09-a1bc-a8351b609d0d" testId="1d7f3357-2881-3a2e-25b8-bdd8d02767a8" testName="MultiTenantETL.UnitTests.DataWriters.SqlServerDataWriterTests.Constructor_WithValidParameters_ShouldCreateInstance" computerName="LAPWINX-DAC203" duration="00:00:00.0001543" startTime="2025-12-21T07:26:42.7720644-05:00" endTime="2025-12-21T07:26:42.7721587-05:00" testType="13cdc9d9-ddb5-4fa4-a97d-d965ccfc6d4b" outcome="Passed" testListId="8c84fa94-04c1-424b-9868-57a2d4851a1d" relativeResultsDirectory="e975efb4-0fb7-4e09-a1bc-a8351b609d0d" />
    <UnitTestResult executionId="8729fba2-605c-4f56-a211-3485f22b4e34" testId="02644ffc-fa87-8721-6b56-d8d6d4582c5d" testName="MultiTenantETL.UnitTests.Services.TenantServiceTests.DeleteTenantAsync_ExistingTenant_SoftDeletes" computerName="LAPWINX-DAC203" duration="00:00:00.0012750" startTime="2025-12-21T07:26:19.3271802-05:00" endTime="2025-12-21T07:26:19.3282845-05:00" testType="13cdc9d9-ddb5-4fa4-a97d-d965ccfc6d4b" outcome="Passed" testListId="8c84fa94-04c1-424b-9868-57a2d4851a1d" relativeResultsDirectory="8729fba2-605c-4f56-a211-3485f22b4e34" />
    <UnitTestResult executionId="d60ebdfe-2ae1-4823-a3ad-a56b9bd35598" testId="7082ad2f-0fef-fe66-8ce6-e27376da8eee" testName="MultiTenantETL.UnitTests.DataWriters.CsvDataWriterTests.WriteBatchAsync_WithCancellation_ShouldCancelOperation" computerName="LAPWINX-DAC203" duration="00:00:00.0027175" startTime="2025-12-21T07:26:18.2946722-05:00" endTime="2025-12-21T07:26:18.2974016-05:00" testType="13cdc9d9-ddb5-4fa4-a97d-d965ccfc6d4b" outcome="Passed" testListId="8c84fa94-04c1-424b-9868-57a2d4851a1d" relativeResultsDirectory="d60ebdfe-2ae1-4823-a3ad-a56b9bd35598" />
    <UnitTestResult executionId="822972fa-3362-45af-b01b-e45f6ca05389" testId="efec4a53-76fe-41fd-e2fc-56a3bb2a2f77" testName="MultiTenantETL.UnitTests.DataWriters.OracleDataWriterTests.WriteBatchAsync_WithUpsertOptions_ShouldAttemptUpsertOperation" computerName="LAPWINX-DAC203" duration="00:00:04.0631619" startTime="2025-12-21T07:26:26.4985925-05:00" endTime="2025-12-21T07:26:30.5637301-05:00" testType="13cdc9d9-ddb5-4fa4-a97d-d965ccfc6d4b" outcome="Passed" testListId="8c84fa94-04c1-424b-9868-57a2d4851a1d" relativeResultsDirectory="822972fa-3362-45af-b01b-e45f6ca05389" />
    <UnitTestResult executionId="7d467e88-da97-46c1-b30e-56d73506064b" testId="f22672aa-1574-a7f0-47a6-c9b889f92f44" testName="MultiTenantETL.UnitTests.DataWriters.S3DataWriterTests.WriteBatchAsync_WithCsvSpecialCharacters_ShouldEscapeProperly" computerName="LAPWINX-DAC203" duration="00:00:00.0013504" startTime="2025-12-21T07:26:19.2459323-05:00" endTime="2025-12-21T07:26:19.2472143-05:00" testType="13cdc9d9-ddb5-4fa4-a97d-d965ccfc6d4b" outcome="Passed" testListId="8c84fa94-04c1-424b-9868-57a2d4851a1d" relativeResultsDirectory="7d467e88-da97-46c1-b30e-56d73506064b" />
    <UnitTestResult executionId="e9889fd5-280b-4132-a152-eb286fa4dbe8" testId="af4dc300-aaac-91a9-d73b-a84b8a21aa03" testName="MultiTenantETL.UnitTests.DataAccess.Readers.DataReaderFactoryTests.CreateReader_FileType_CaseInsensitive_ShouldWork(type: &quot;File&quot;)" computerName="LAPWINX-DAC203" duration="00:00:00.0004884" startTime="2025-12-21T07:26:19.2600087-05:00" endTime="2025-12-21T07:26:19.2602887-05:00" testType="13cdc9d9-ddb5-4fa4-a97d-d965ccfc6d4b" outcome="Passed" testListId="8c84fa94-04c1-424b-9868-57a2d4851a1d" relativeResultsDirectory="e9889fd5-280b-4132-a152-eb286fa4dbe8" />
    <UnitTestResult executionId="e7d4fe30-8b24-472b-9361-c9acd165c2b8" testId="b1a13bbf-1753-9872-3df8-58c44c40cd42" testName="MultiTenantETL.UnitTests.DataWriters.CsvDataWriterTests.WriteBatchAsync_WithFileModeAppend_ShouldAppendToExistingFile" computerName="LAPWINX-DAC203" duration="00:00:00.0417800" startTime="2025-12-21T07:26:18.2520337-05:00" endTime="2025-12-21T07:26:18.2943463-05:00" testType="13cdc9d9-ddb5-4fa4-a97d-d965ccfc6d4b" outcome="Passed" testListId="8c84fa94-04c1-424b-9868-57a2d4851a1d" relativeResultsDirectory="e7d4fe30-8b24-472b-9361-c9acd165c2b8" />
    <UnitTestResult executionId="6d95ae67-bda3-42d5-85af-f54787259a55" testId="79bb15d6-bccd-bda1-6161-f9371b487415" testName="MultiTenantETL.UnitTests.DataReaders.AzureBlobDataReaderTests.ReadAsync_WithFormatFromFileExtension_ShouldDetermineFormatCorrectly" computerName="LAPWINX-DAC203" duration="00:00:00.0174977" startTime="2025-12-21T07:26:19.2471461-05:00" endTime="2025-12-21T07:26:19.2645232-05:00" testType="13cdc9d9-ddb5-4fa4-a97d-d965ccfc6d4b" outcome="Passed" testListId="8c84fa94-04c1-424b-9868-57a2d4851a1d" relativeResultsDirectory="6d95ae67-bda3-42d5-85af-f54787259a55" />
    <UnitTestResult executionId="2072a573-2827-4ef6-9bf2-a6bcf1c4585e" testId="ae2e16ac-f36b-7682-d37a-0a26a2fc19e6" testName="MultiTenantETL.UnitTests.DataReaders.S3DataReaderTests.Constructor_WithValidParameters_ShouldCreateInstance" computerName="LAPWINX-DAC203" duration="00:00:00.0015809" startTime="2025-12-21T07:26:18.5554422-05:00" endTime="2025-12-21T07:26:18.5567648-05:00" testType="13cdc9d9-ddb5-4fa4-a97d-d965ccfc6d4b" outcome="Passed" testListId="8c84fa94-04c1-424b-9868-57a2d4851a1d" relativeResultsDirectory="2072a573-2827-4ef6-9bf2-a6bcf1c4585e" />
    <UnitTestResult executionId="a84b4d7d-b125-45cb-a43a-413b949e5835" testId="1d1a8760-aea1-17dc-fcba-c8b51cefb9e4" testName="MultiTenantETL.UnitTests.DataWriters.RestApiDataWriterTests.Constructor_WithNullHttpClientFactory_ShouldThrowArgumentNullException" computerName="LAPWINX-DAC203" duration="00:00:00.0009730" startTime="2025-12-21T07:26:18.6701648-05:00" endTime="2025-12-21T07:26:18.6783751-05:00" testType="13cdc9d9-ddb5-4fa4-a97d-d965ccfc6d4b" outcome="Passed" testListId="8c84fa94-04c1-424b-9868-57a2d4851a1d" relativeResultsDirectory="a84b4d7d-b125-45cb-a43a-413b949e5835" />
    <UnitTestResult executionId="f1e4f3a0-fe4d-4965-a6d3-763d643acd43" testId="44086440-4b20-5d74-e8d4-3a41b9e9a16b" testName="MultiTenantETL.UnitTests.DataAccess.Writers.DataWriterFactoryTests.CreateWriter_FileType_CaseInsensitive_ShouldWork(type: &quot;FILE&quot;)" computerName="LAPWINX-DAC203" duration="00:00:00.0003897" startTime="2025-12-21T07:26:18.5784784-05:00" endTime="2025-12-21T07:26:18.5785851-05:00" testType="13cdc9d9-ddb5-4fa4-a97d-d965ccfc6d4b" outcome="Passed" testListId="8c84fa94-04c1-424b-9868-57a2d4851a1d" relativeResultsDirectory="f1e4f3a0-fe4d-4965-a6d3-763d643acd43" />
    <UnitTestResult executionId="a2e276c8-bfef-4098-a765-cd3d7289aa71" testId="b1588cf3-386d-e0b0-5b91-5fc48132588a" testName="MultiTenantETL.UnitTests.DataReaders.SqlServerDataReaderTests.ReadAsync_WithMissingConnectionString_ShouldThrowInvalidOperationException" computerName="LAPWINX-DAC203" duration="00:00:00.9340410" startTime="2025-12-21T07:26:16.9938810-05:00" endTime="2025-12-21T07:26:17.9144167-05:00" testType="13cdc9d9-ddb5-4fa4-a97d-d965ccfc6d4b" outcome="Passed" testListId="8c84fa94-04c1-424b-9868-57a2d4851a1d" relativeResultsDirectory="a2e276c8-bfef-4098-a765-cd3d7289aa71" />
[...]
[xUnit.net 00:00:05.63]   Discovered:  MultiTenantETL.UnitTests&#xD;
[xUnit.net 00:00:05.69]   Starting:    MultiTenantETL.UnitTests&#xD;
     Warning:&#xD;
     The component "Fluent Assertions" is governed by the rules defined in the Xceed License Agreement and&#xD;
     the Xceed Fluent Assertions Community License. You may use Fluent Assertions free of charge for&#xD;
     non-commercial use only. An active subscription is required to use Fluent Assertions for commercial use.&#xD;
     Please contact Xceed Sales mailto:sales@xceed.com to acquire a subscription at a very low cost.&#xD;
     A paid commercial license supports the development and continued increasing support of&#xD;
     Fluent Assertions users under both commercial and community licenses. Help us&#xD;
     keep Fluent Assertions at the forefront of unit testing.&#xD;
     For more information, visit https://xceed.com/products/unit-testing/fluent-assertions/&#xD;
[xUnit.net 00:00:07.91]       Assert.Throws() Failure: Exception type was not an exact match&#xD;
[xUnit.net 00:00:07.91]       Expected: typeof(Npgsql.NpgsqlException)&#xD;
[xUnit.net 00:00:07.91]       Actual:   typeof(Npgsql.PostgresException)&#xD;
[xUnit.net 00:00:07.91]       ---- Npgsql.PostgresException : 28P01: password authentication failed for user "emmanuelm"&#xD;
[xUnit.net 00:00:07.91]       Stack Trace:&#xD;
[xUnit.net 00:00:07.91]         C:\Users\emmanuelm\source\repos\Learning\MultiTenantETL\tests\MultiTenantETL.UnitTests\DataReaders\PostgreSqlDataReaderTests.cs(283,0): at MultiTenantETL.UnitTests.DataReaders.PostgreSqlDataReaderTests.ReadAsync_WithMissingUsername_ShouldThrowInvalidOperationException()&#xD;
[xUnit.net 00:00:07.91]         --- End of stack trace from previous location ---&#xD;
[xUnit.net 00:00:07.91]         ----- Inner Stack Trace -----&#xD;
[xUnit.net 00:00:07.91]            at Npgsql.Internal.NpgsqlConnector.ReadMessageLong(Boolean async, DataRowLoadingMode dataRowLoadingMode, Boolean readingNotifications, Boolean isReadingPrependedMessage)&#xD;
[xUnit.net 00:00:07.91]            at System.Runtime.CompilerServices.PoolingAsyncValueTaskMethodBuilder`1.StateMachineBox`1.System.Threading.Tasks.Sources.IValueTaskSource&lt;TResult&gt;.GetResult(Int16 token)&#xD;
[xUnit.net 00:00:07.91]            at Npgsql.Internal.NpgsqlConnector.AuthenticateSASL(List`1 mechanisms, String username, Boolean async, CancellationToken cancellationToken)&#xD;
[xUnit.net 00:00:07.91]            at Npgsql.Internal.NpgsqlConnector.Authenticate(String username, NpgsqlTimeout timeout, Boolean async, CancellationToken cancellationToken)&#xD;
[xUnit.net 00:00:07.91]            at Npgsql.Internal.NpgsqlConnector.&lt;Open&gt;g__OpenCore|213_1(NpgsqlConnector conn, SslMode sslMode, NpgsqlTimeout timeout, Boolean async, CancellationToken cancellationToken, Boolean isFirstAttempt)&#xD;
[xUnit.net 00:00:07.91]            at Npgsql.Internal.NpgsqlConnector.Open(NpgsqlTimeout timeout, Boolean async, CancellationToken cancellationToken)&#xD;
[xUnit.net 00:00:07.91]            at Npgsql.PoolingDataSource.OpenNewConnector(NpgsqlConnection conn, NpgsqlTimeout timeout, Boolean async, CancellationToken cancellationToken)&#xD;
[xUnit.net 00:00:07.91]            at Npgsql.PoolingDataSource.&lt;Get&gt;g__RentAsync|33_0(NpgsqlConnection conn, NpgsqlTimeout timeout, Boolean async, CancellationToken cancellationToken)&#xD;
[xUnit.net 00:00:07.91]            at Npgsql.NpgsqlConnection.&lt;Open&gt;g__OpenAsync|42_0(Boolean async, CancellationToken cancellationToken)&#xD;
[xUnit.net 00:00:07.91]         C:\Users\emmanuelm\source\repos\Learning\MultiTenantETL\src\MultiTenantETL.Infrastructure\DataReaders\PostgreSqlDataReader.cs(41,0): at MultiTenantETL.Infrastructure.DataReaders.PostgreSqlDataReader.ReadAsync(Connector connector, ReadOptions options, CancellationToken cancellationToken)+MoveNext()&#xD;
[xUnit.net 00:00:07.91]         C:\Users\emmanuelm\source\repos\Learning\MultiTenantETL\src\MultiTenantETL.Infrastructure\DataReaders\PostgreSqlDataReader.cs(81,0): at MultiTenantETL.Infrastructure.DataReaders.PostgreSqlDataReader.ReadAsync(Connector connector, ReadOptions options, CancellationToken cancellationToken)+MoveNext()&#xD;
[xUnit.net 00:00:07.91]            at MultiTenantETL.Infrastructure.DataReaders.PostgreSqlDataReader.ReadAsync(Connector connector, ReadOptions options, CancellationToken cancellationToken)+System.Threading.Tasks.Sources.IValueTaskSource&lt;System.Boolean&gt;.GetResult()&#xD;
[xUnit.net 00:00:07.91]         C:\Users\emmanuelm\source\repos\Learning\MultiTenantETL\tests\MultiTenantETL.UnitTests\DataReaders\PostgreSqlDataReaderTests.cs(276,0): at MultiTenantETL.UnitTests.DataReaders.PostgreSqlDataReaderTests.&lt;&gt;c__DisplayClass14_0.&lt;&lt;ReadAsync_WithMissingUsername_ShouldThrowInvalidOperationException&gt;b__0&gt;d.MoveNext()&#xD;
[xUnit.net 00:00:07.91]         --- End of stack trace from previous location ---&#xD;
[xUnit.net 00:00:07.91]         C:\Users\emmanuelm\source\repos\Learning\MultiTenantETL\tests\MultiTenantETL.UnitTests\DataReaders\PostgreSqlDataReaderTests.cs(276,0): at MultiTenantETL.UnitTests.DataReaders.PostgreSqlDataReaderTests.&lt;&gt;c__DisplayClass14_0.&lt;&lt;ReadAsync_WithMissingUsername_ShouldThrowInvalidOperationException&gt;b__0&gt;d.MoveNext()&#xD;
[xUnit.net 00:00:07.91]         --- End of stack trace from previous location ---&#xD;
[xUnit.net 00:00:07.98]       Assert.Throws() Failure: Exception type was not an exact match&#xD;
[xUnit.net 00:00:07.98]       Expected: typeof(Npgsql.NpgsqlException)&#xD;
[xUnit.net 00:00:07.98]       Actual:   typeof(Npgsql.PostgresException)&#xD;
[xUnit.net 00:00:07.98]       ---- Npgsql.PostgresException : 28P01: password authentication failed for user "user"&#xD;
[xUnit.net 00:00:07.98]       Stack Trace:&#xD;
[xUnit.net 00:00:07.98]         C:\Users\emmanuelm\source\repos\Learning\MultiTenantETL\tests\MultiTenantETL.UnitTests\DataReaders\PostgreSqlDataReaderTests.cs(388,0): at MultiTenantETL.UnitTests.DataReaders.PostgreSqlDataReaderTests.ReadAsync_WithCustomQuery_ShouldUseCustomQuery()&#xD;
[xUnit.net 00:00:07.98]         --- End of stack trace from previous location ---&#xD;
[xUnit.net 00:00:07.98]         ----- Inner Stack Trace -----&#xD;
[xUnit.net 00:00:07.98]            at Npgsql.Internal.NpgsqlConnector.ReadMessageLong(Boolean async, DataRowLoadingMode dataRowLoadingMode, Boolean readingNotifications, Boolean isReadingPrependedMessage)&#xD;
[xUnit.net 00:00:07.98]            at System.Runtime.CompilerServices.PoolingAsyncValueTaskMethodBuilder`1.StateMachineBox`1.System.Threading.Tasks.Sources.IValueTaskSource&lt;TResult&gt;.GetResult(Int16 token)&#xD;
[xUnit.net 00:00:07.98]            at Npgsql.Internal.NpgsqlConnector.AuthenticateSASL(List`1 mechanisms, String username, Boolean async, CancellationToken cancellationToken)&#xD;
[xUnit.net 00:00:07.98]            at Npgsql.Internal.NpgsqlConnector.Authenticate(String username, NpgsqlTimeout timeout, Boolean async, CancellationToken cancellationToken)&#xD;
[xUnit.net 00:00:07.98]            at Npgsql.Internal.NpgsqlConnector.&lt;Open&gt;g__OpenCore|213_1(NpgsqlConnector conn, SslMode sslMode, NpgsqlTimeout timeout, Boolean async, CancellationToken cancellationToken, Boolean isFirstAttempt)&#xD;
[xUnit.net 00:00:07.98]            at Npgsql.Internal.NpgsqlConnector.Open(NpgsqlTimeout timeout, Boolean async, CancellationToken cancellationToken)&#xD;
[xUnit.net 00:00:07.98]            at Npgsql.PoolingDataSource.OpenNewConnector(NpgsqlConnection conn, NpgsqlTimeout timeout, Boolean async, CancellationToken cancellationToken)&#xD;
[xUnit.net 00:00:07.98]            at Npgsql.PoolingDataSource.&lt;Get&gt;g__RentAsync|33_0(NpgsqlConnection conn, NpgsqlTimeout timeout, Boolean async, CancellationToken cancellationToken)&#xD;
[xUnit.net 00:00:07.98]            at Npgsql.NpgsqlConnection.&lt;Open&gt;g__OpenAsync|42_0(Boolean async, CancellationToken cancellationToken)&#xD;
[xUnit.net 00:00:07.98]         C:\Users\emmanuelm\source\repos\Learning\MultiTenantETL\src\MultiTenantETL.Infrastructure\DataReaders\PostgreSqlDataReader.cs(41,0): at MultiTenantETL.Infrastructure.DataReaders.PostgreSqlDataReader.ReadAsync(Connector connector, ReadOptions options, CancellationToken cancellationToken)+MoveNext()&#xD;
[xUnit.net 00:00:07.98]         C:\Users\emmanuelm\source\repos\Learning\MultiTenantETL\src\MultiTenantETL.Infrastructure\DataReaders\PostgreSqlDataReader.cs(81,0): at MultiTenantETL.Infrastructure.DataReaders.PostgreSqlDataReader.ReadAsync(Connector connector, ReadOptions options, CancellationToken cancellationToken)+MoveNext()&#xD;
[xUnit.net 00:00:07.98]            at MultiTenantETL.Infrastructure.DataReaders.PostgreSqlDataReader.ReadAsync(Connector connector, ReadOptions options, CancellationToken cancellationToken)+System.Threading.Tasks.Sources.IValueTaskSource&lt;System.Boolean&gt;.GetResult()&#xD;
[xUnit.net 00:00:07.98]         C:\Users\emmanuelm\source\repos\Learning\MultiTenantETL\tests\MultiTenantETL.UnitTests\DataReaders\PostgreSqlDataReaderTests.cs(381,0): at MultiTenantETL.UnitTests.DataReaders.PostgreSqlDataReaderTests.&lt;&gt;c__DisplayClass17_0.&lt;&lt;ReadAsync_WithCustomQuery_ShouldUseCustomQuery&gt;b__0&gt;d.MoveNext()&#xD;
[xUnit.net 00:00:07.98]         --- End of stack trace from previous location ---&#xD;
[xUnit.net 00:00:07.98]         C:\Users\emmanuelm\source\repos\Learning\MultiTenantETL\tests\MultiTenantETL.UnitTests\DataReaders\PostgreSqlDataReaderTests.cs(381,0): at MultiTenantETL.UnitTests.DataReaders.PostgreSqlDataReaderTests.&lt;&gt;c__DisplayClass17_0.&lt;&lt;ReadAsync_WithCustomQuery_ShouldUseCustomQuery&gt;b__0&gt;d.MoveNext()&#xD;
[xUnit.net 00:00:07.98]         --- End of stack trace from previous location ---&#xD;
[xUnit.net 00:00:08.03]       Assert.Throws() Failure: Exception type was not an exact match&#xD;
[xUnit.net 00:00:08.03]       Expected: typeof(Npgsql.NpgsqlException)&#xD;
[xUnit.net 00:00:08.03]       Actual:   typeof(Npgsql.PostgresException)&#xD;
[xUnit.net 00:00:08.03]       ---- Npgsql.PostgresException : 28P01: password authentication failed for user "user"&#xD;
[xUnit.net 00:00:08.03]       Stack Trace:&#xD;
[xUnit.net 00:00:08.03]         C:\Users\emmanuelm\source\repos\Learning\MultiTenantETL\tests\MultiTenantETL.UnitTests\DataReaders\PostgreSqlDataReaderTests.cs(409,0): at MultiTenantETL.UnitTests.DataReaders.PostgreSqlDataReaderTests.ReadAsync_WithMaxRows_ShouldLimitResults()&#xD;
[xUnit.net 00:00:08.03]         --- End of stack trace from previous location ---&#xD;
[xUnit.net 00:00:08.03]         ----- Inner Stack Trace -----&#xD;
[xUnit.net 00:00:08.03]            at Npgsql.Internal.NpgsqlConnector.ReadMessageLong(Boolean async, DataRowLoadingMode dataRowLoadingMode, Boolean readingNotifications, Boolean isReadingPrependedMessage)&#xD;
[xUnit.net 00:00:08.03]            at System.Runtime.CompilerServices.PoolingAsyncValueTaskMethodBuilder`1.StateMachineBox`1.System.Threading.Tasks.Sources.IValueTaskSource&lt;TResult&gt;.GetResult(Int16 token)&#xD;
[xUnit.net 00:00:08.03]            at Npgsql.Internal.NpgsqlConnector.AuthenticateSASL(List`1 mechanisms, String username, Boolean async, CancellationToken cancellationToken)&#xD;
[xUnit.net 00:00:08.03]            at Npgsql.Internal.NpgsqlConnector.Authenticate(String username, NpgsqlTimeout timeout, Boolean async, CancellationToken cancellationToken)&#xD;
[xUnit.net 00:00:08.03]            at Npgsql.Internal.NpgsqlConnector.&lt;Open&gt;g__OpenCore|213_1(NpgsqlConnector conn, SslMode sslMode, NpgsqlTimeout timeout, Boolean async, CancellationToken cancellationToken, Boolean isFirstAttempt)&#xD;
[xUnit.net 00:00:08.04]            at Npgsql.Internal.NpgsqlConnector.Open(NpgsqlTimeout timeout, Boolean async, CancellationToken cancellationToken)&#xD;
[xUnit.net 00:00:08.04]            at Npgsql.PoolingDataSource.OpenNewConnector(NpgsqlConnection conn, NpgsqlTimeout timeout, Boolean async, CancellationToken cancellationToken)&#xD;
[xUnit.net 00:00:08.04]            at Npgsql.PoolingDataSource.&lt;Get&gt;g__RentAsync|33_0(NpgsqlConnection conn, NpgsqlTimeout timeout, Boolean async, CancellationToken cancellationToken)&#xD;
[xUnit.net 00:00:08.04]            at Npgsql.NpgsqlConnection.&lt;Open&gt;g__OpenAsync|42_0(Boolean async, CancellationToken cancellationToken)&#xD;
[xUnit.net 00:00:08.04]         C:\Users\emmanuelm\source\repos\Learning\MultiTenantETL\src\MultiTenantETL.Infrastructure\DataReaders\PostgreSqlDataReader.cs(41,0): at MultiTenantETL.Infrastructure.DataReaders.PostgreSqlDataReader.ReadAsync(Connector connector, ReadOptions options, CancellationToken cancellationToken)+MoveNext()&#xD;
[xUnit.net 00:00:08.04]         C:\Users\emmanuelm\source\repos\Learning\MultiTenantETL\src\MultiTenantETL.Infrastructure\DataReaders\PostgreSqlDataReader.cs(81,0): at MultiTenantETL.Infrastructure.DataReaders.PostgreSqlDataReader.ReadAsync(Connector connector, ReadOptions options, CancellationToken cancellationToken)+MoveNext()&#xD;
[xUnit.net 00:00:08.04]            at MultiTenantETL.Infrastructure.DataReaders.PostgreSqlDataReader.ReadAsync(Connector connector, ReadOptions options, CancellationToken cancellationToken)+System.Threading.Tasks.Sources.IValueTaskSource&lt;System.Boolean&gt;.GetResult()&#xD;
[xUnit.net 00:00:08.04]         C:\Users\emmanuelm\source\repos\Learning\MultiTenantETL\tests\MultiTenantETL.UnitTests\DataReaders\PostgreSqlDataReaderTests.cs(402,0): at MultiTenantETL.UnitTests.DataReaders.PostgreSqlDataReaderTests.&lt;&gt;c__DisplayClass18_0.&lt;&lt;ReadAsync_WithMaxRows_ShouldLimitResults&gt;b__0&gt;d.MoveNext()&#xD;
[xUnit.net 00:00:08.04]         --- End of stack trace from previous location ---&#xD;
[xUnit.net 00:00:08.04]         C:\Users\emmanuelm\source\repos\Learning\MultiTenantETL\tests\MultiTenantETL.UnitTests\DataReaders\PostgreSqlDataReaderTests.cs(402,0): at MultiTenantETL.UnitTests.DataReaders.PostgreSqlDataReaderTests.&lt;&gt;c__DisplayClass18_0.&lt;&lt;ReadAsync_WithMaxRows_ShouldLimitResults&gt;b__0&gt;d.MoveNext()&#xD;
[xUnit.net 00:00:08.04]         --- End of stack trace from previous location ---&#xD;
[xUnit.net 00:00:08.09]       Assert.Throws() Failure: Exception type was not an exact match&#xD;
[xUnit.net 00:00:08.09]       Expected: typeof(Npgsql.NpgsqlException)&#xD;
[xUnit.net 00:00:08.09]       Actual:   typeof(Npgsql.PostgresException)&#xD;
[xUnit.net 00:00:08.09]       ---- Npgsql.PostgresException : 28P01: password authentication failed for user "user"&#xD;
[xUnit.net 00:00:08.09]       Stack Trace:&#xD;
[xUnit.net 00:00:08.09]         C:\Users\emmanuelm\source\repos\Learning\MultiTenantETL\tests\MultiTenantETL.UnitTests\DataReaders\PostgreSqlDataReaderTests.cs(241,0): at MultiTenantETL.UnitTests.DataReaders.PostgreSqlDataReaderTests.ReadAsync_WithMissingDatabase_ShouldThrowInvalidOperationException()&#xD;
[xUnit.net 00:00:08.09]         --- End of stack trace from previous location ---&#xD;
[xUnit.net 00:00:08.09]         ----- Inner Stack Trace -----&#xD;
[xUnit.net 00:00:08.09]            at Npgsql.Internal.NpgsqlConnector.ReadMessageLong(Boolean async, DataRowLoadingMode dataRowLoadingMode, Boolean readingNotifications, Boolean isReadingPrependedMessage)&#xD;
[xUnit.net 00:00:08.09]            at System.Runtime.CompilerServices.PoolingAsyncValueTaskMethodBuilder`1.StateMachineBox`1.System.Threading.Tasks.Sources.IValueTaskSource&lt;TResult&gt;.GetResult(Int16 token)&#xD;
[xUnit.net 00:00:08.09]            at Npgsql.Internal.NpgsqlConnector.AuthenticateSASL(List`1 mechanisms, String username, Boolean async, CancellationToken cancellationToken)&#xD;
[xUnit.net 00:00:08.09]            at Npgsql.Internal.NpgsqlConnector.Authenticate(String username, NpgsqlTimeout timeout, Boolean async, CancellationToken cancellationToken)&#xD;
[xUnit.net 00:00:08.09]            at Npgsql.Internal.NpgsqlConnector.&lt;Open&gt;g__OpenCore|213_1(NpgsqlConnector conn, SslMode sslMode, NpgsqlTimeout timeout, Boolean async, CancellationToken cancellationToken, Boolean isFirstAttempt)&#xD;
[xUnit.net 00:00:08.09]            at Npgsql.Internal.NpgsqlConnector.Open(NpgsqlTimeout timeout, Boolean async, CancellationToken cancellationToken)&#xD;
[xUnit.net 00:00:08.09]            at Npgsql.PoolingDataSource.OpenNewConnector(NpgsqlConnection conn, NpgsqlTimeout timeout, Boolean async, CancellationToken cancellationToken)&#xD;
[xUnit.net 00:00:08.09]            at Npgsql.PoolingDataSource.&lt;Get&gt;g__RentAsync|33_0(NpgsqlConnection conn, NpgsqlTimeout timeout, Boolean async, CancellationToken cancellationToken)&#xD;
[xUnit.net 00:00:08.09]            at Npgsql.NpgsqlConnection.&lt;Open&gt;g__OpenAsync|42_0(Boolean async, CancellationToken cancellationToken)&#xD;
[xUnit.net 00:00:08.09]         C:\Users\emmanuelm\source\repos\Learning\MultiTenantETL\src\MultiTenantETL.Infrastructure\DataReaders\PostgreSqlDataReader.cs(41,0): at MultiTenantETL.Infrastructure.DataReaders.PostgreSqlDataReader.ReadAsync(Connector connector, ReadOptions options, CancellationToken cancellationToken)+MoveNext()&#xD;
[xUnit.net 00:00:08.09]         C:\Users\emmanuelm\source\repos\Learning\MultiTenantETL\src\MultiTenantETL.Infrastructure\DataReaders\PostgreSqlDataReader.cs(81,0): at MultiTenantETL.Infrastructure.DataReaders.PostgreSqlDataReader.ReadAsync(Connector connector, ReadOptions options, CancellationToken cancellationToken)+MoveNext()&#xD;
[xUnit.net 00:00:08.09]            at MultiTenantETL.Infrastructure.DataReaders.PostgreSqlDataReader.ReadAsync(Connector connector, ReadOptions options, CancellationToken cancellationToken)+System.Threading.Tasks.Sources.IValueTaskSource&lt;System.Boolean&gt;.GetResult()&#xD;
[xUnit.net 00:00:08.09]         C:\Users\emmanuelm\source\repos\Learning\MultiTenantETL\tests\MultiTenantETL.UnitTests\DataReaders\PostgreSqlDataReaderTests.cs(234,0): at MultiTenantETL.UnitTests.DataReaders.PostgreSqlDataReaderTests.&lt;&gt;c__DisplayClass13_0.&lt;&lt;ReadAsync_WithMissingDatabase_ShouldThrowInvalidOperationException&gt;b__0&gt;d.MoveNext()&#xD;
[xUnit.net 00:00:08.09]         --- End of stack trace from previous location ---&#xD;
[xUnit.net 00:00:08.09]         C:\Users\emmanuelm\source\repos\Learning\MultiTenantETL\tests\MultiTenantETL.UnitTests\DataReaders\PostgreSqlDataReaderTests.cs(234,0): at MultiTenantETL.UnitTests.DataReaders.PostgreSqlDataReaderTests.&lt;&gt;c__DisplayClass13_0.&lt;&lt;ReadAsync_WithMissingDatabase_ShouldThrowInvalidOperationException&gt;b__0&gt;d.MoveNext()&#xD;
[xUnit.net 00:00:08.09]         --- End of stack trace from previous location ---&#xD;
[xUnit.net 00:00:31.53]   Finished:    MultiTenantETL.UnitTests&#xD;
</StdOut>
    </Output>
    <RunInfos>
      <RunInfo computerName="LAPWINX-DAC203" outcome="Error" timestamp="2025-12-21T07:26:19.1674426-05:00">
        <Text>[xUnit.net 00:00:07.91]     MultiTenantETL.UnitTests.DataReaders.PostgreSqlDataReaderTests.ReadAsync_WithMissingUsername_ShouldThrowInvalidOperationException [FAIL]</Text>
      </RunInfo>
      <RunInfo computerName="LAPWINX-DAC203" outcome="Error" timestamp="2025-12-21T07:26:19.2345171-05:00">
        <Text>[xUnit.net 00:00:07.98]     MultiTenantETL.UnitTests.DataReaders.PostgreSqlDataReaderTests.ReadAsync_WithCustomQuery_ShouldUseCustomQuery [FAIL]</Text>
      </RunInfo>
      <RunInfo computerName="LAPWINX-DAC203" outcome="Error" timestamp="2025-12-21T07:26:19.2920011-05:00">
        <Text>[xUnit.net 00:00:08.03]     MultiTenantETL.UnitTests.DataReaders.PostgreSqlDataReaderTests.ReadAsync_WithMaxRows_ShouldLimitResults [FAIL]</Text>
      </RunInfo>
      <RunInfo computerName="LAPWINX-DAC203" outcome="Error" timestamp="2025-12-21T07:26:19.3433876-05:00">
        <Text>[xUnit.net 00:00:08.08]     MultiTenantETL.UnitTests.DataReaders.PostgreSqlDataReaderTests.ReadAsync_WithMissingDatabase_ShouldThrowInvalidOperationException [FAIL]</Text>
      </RunInfo>
    </RunInfos>
  </ResultSummary>
</TestRun>